CRITICAL - 2021-07-09 09:50:11 --> Unable to connect to the database.
#0 C:\xampp\htdocs\tpq\system\Database\BaseConnection.php(646): CodeIgniter\Database\BaseConnection->initialize()
#1 C:\xampp\htdocs\tpq\system\Database\BaseBuilder.php(1952): CodeIgniter\Database\BaseConnection->query('SELECT COUNT(*)...', Array, false)
#2 C:\xampp\htdocs\tpq\app\Models\AbsensiModel.php(61): CodeIgniter\Database\BaseBuilder->countAllResults()
#3 C:\xampp\htdocs\tpq\app\Models\AbsensiModel.php(66): App\Models\AbsensiModel->checkAbsensiHariIni()
#4 C:\xampp\htdocs\tpq\app\Controllers\Dashboard.php(28): App\Models\AbsensiModel->tulisAbsen()
#5 C:\xampp\htdocs\tpq\app\Controllers\Dashboard.php(20): App\Controllers\Dashboard->tulisAbsen()
#6 C:\xampp\htdocs\tpq\system\CodeIgniter.php(918): App\Controllers\Dashboard->index()
#7 C:\xampp\htdocs\tpq\system\CodeIgniter.php(404): CodeIgniter\CodeIgniter->runController(Object(App\Controllers\Dashboard))
#8 C:\xampp\htdocs\tpq\system\CodeIgniter.php(312): CodeIgniter\CodeIgniter->handleRequest(NULL, Object(Config\Cache), false)
#9 C:\xampp\htdocs\tpq\public\index.php(45): CodeIgniter\CodeIgniter->run()
#10 C:\xampp\htdocs\tpq\system\Commands\Server\rewrite.php(34): require_once('C:\\xampp\\htdocs...')
#11 {main}
CRITICAL - 2021-07-09 09:50:54 --> Unable to connect to the database.
#0 C:\xampp\htdocs\tpq\system\Database\BaseConnection.php(646): CodeIgniter\Database\BaseConnection->initialize()
#1 C:\xampp\htdocs\tpq\system\Database\BaseBuilder.php(1952): CodeIgniter\Database\BaseConnection->query('SELECT COUNT(*)...', Array, false)
#2 C:\xampp\htdocs\tpq\app\Models\AbsensiModel.php(61): CodeIgniter\Database\BaseBuilder->countAllResults()
#3 C:\xampp\htdocs\tpq\app\Models\AbsensiModel.php(66): App\Models\AbsensiModel->checkAbsensiHariIni()
#4 C:\xampp\htdocs\tpq\app\Controllers\Dashboard.php(28): App\Models\AbsensiModel->tulisAbsen()
#5 C:\xampp\htdocs\tpq\app\Controllers\Dashboard.php(20): App\Controllers\Dashboard->tulisAbsen()
#6 C:\xampp\htdocs\tpq\system\CodeIgniter.php(918): App\Controllers\Dashboard->index()
#7 C:\xampp\htdocs\tpq\system\CodeIgniter.php(404): CodeIgniter\CodeIgniter->runController(Object(App\Controllers\Dashboard))
#8 C:\xampp\htdocs\tpq\system\CodeIgniter.php(312): CodeIgniter\CodeIgniter->handleRequest(NULL, Object(Config\Cache), false)
#9 C:\xampp\htdocs\tpq\public\index.php(45): CodeIgniter\CodeIgniter->run()
#10 C:\xampp\htdocs\tpq\system\Commands\Server\rewrite.php(34): require_once('C:\\xampp\\htdocs...')
#11 {main}
CRITICAL - 2021-07-09 09:51:19 --> Unable to connect to the database.
#0 C:\xampp\htdocs\tpq\system\Database\BaseConnection.php(646): CodeIgniter\Database\BaseConnection->initialize()
#1 C:\xampp\htdocs\tpq\system\Database\BaseBuilder.php(1952): CodeIgniter\Database\BaseConnection->query('SELECT COUNT(*)...', Array, false)
#2 C:\xampp\htdocs\tpq\app\Models\AbsensiModel.php(61): CodeIgniter\Database\BaseBuilder->countAllResults()
#3 C:\xampp\htdocs\tpq\app\Models\AbsensiModel.php(66): App\Models\AbsensiModel->checkAbsensiHariIni()
#4 C:\xampp\htdocs\tpq\app\Controllers\Dashboard.php(28): App\Models\AbsensiModel->tulisAbsen()
#5 C:\xampp\htdocs\tpq\app\Controllers\Dashboard.php(20): App\Controllers\Dashboard->tulisAbsen()
#6 C:\xampp\htdocs\tpq\system\CodeIgniter.php(918): App\Controllers\Dashboard->index()
#7 C:\xampp\htdocs\tpq\system\CodeIgniter.php(404): CodeIgniter\CodeIgniter->runController(Object(App\Controllers\Dashboard))
#8 C:\xampp\htdocs\tpq\system\CodeIgniter.php(312): CodeIgniter\CodeIgniter->handleRequest(NULL, Object(Config\Cache), false)
#9 C:\xampp\htdocs\tpq\public\index.php(45): CodeIgniter\CodeIgniter->run()
#10 C:\xampp\htdocs\tpq\system\Commands\Server\rewrite.php(34): require_once('C:\\xampp\\htdocs...')
#11 {main}
CRITICAL - 2021-07-09 09:51:26 --> Unable to connect to the database.
#0 C:\xampp\htdocs\tpq\system\Database\BaseConnection.php(646): CodeIgniter\Database\BaseConnection->initialize()
#1 C:\xampp\htdocs\tpq\system\Database\BaseBuilder.php(1952): CodeIgniter\Database\BaseConnection->query('SELECT COUNT(*)...', Array, false)
#2 C:\xampp\htdocs\tpq\app\Models\AbsensiModel.php(61): CodeIgniter\Database\BaseBuilder->countAllResults()
#3 C:\xampp\htdocs\tpq\app\Models\AbsensiModel.php(66): App\Models\AbsensiModel->checkAbsensiHariIni()
#4 C:\xampp\htdocs\tpq\app\Controllers\Dashboard.php(28): App\Models\AbsensiModel->tulisAbsen()
#5 C:\xampp\htdocs\tpq\app\Controllers\Dashboard.php(20): App\Controllers\Dashboard->tulisAbsen()
#6 C:\xampp\htdocs\tpq\system\CodeIgniter.php(918): App\Controllers\Dashboard->index()
#7 C:\xampp\htdocs\tpq\system\CodeIgniter.php(404): CodeIgniter\CodeIgniter->runController(Object(App\Controllers\Dashboard))
#8 C:\xampp\htdocs\tpq\system\CodeIgniter.php(312): CodeIgniter\CodeIgniter->handleRequest(NULL, Object(Config\Cache), false)
#9 C:\xampp\htdocs\tpq\public\index.php(45): CodeIgniter\CodeIgniter->run()
#10 C:\xampp\htdocs\tpq\system\Commands\Server\rewrite.php(34): require_once('C:\\xampp\\htdocs...')
#11 {main}
CRITICAL - 2021-07-09 09:51:33 --> Unable to connect to the database.
#0 C:\xampp\htdocs\tpq\system\Database\BaseConnection.php(646): CodeIgniter\Database\BaseConnection->initialize()
#1 C:\xampp\htdocs\tpq\system\Database\BaseBuilder.php(1952): CodeIgniter\Database\BaseConnection->query('SELECT COUNT(*)...', Array, false)
#2 C:\xampp\htdocs\tpq\app\Models\AbsensiModel.php(61): CodeIgniter\Database\BaseBuilder->countAllResults()
#3 C:\xampp\htdocs\tpq\app\Models\AbsensiModel.php(66): App\Models\AbsensiModel->checkAbsensiHariIni()
#4 C:\xampp\htdocs\tpq\app\Controllers\Dashboard.php(28): App\Models\AbsensiModel->tulisAbsen()
#5 C:\xampp\htdocs\tpq\app\Controllers\Dashboard.php(20): App\Controllers\Dashboard->tulisAbsen()
#6 C:\xampp\htdocs\tpq\system\CodeIgniter.php(918): App\Controllers\Dashboard->index()
#7 C:\xampp\htdocs\tpq\system\CodeIgniter.php(404): CodeIgniter\CodeIgniter->runController(Object(App\Controllers\Dashboard))
#8 C:\xampp\htdocs\tpq\system\CodeIgniter.php(312): CodeIgniter\CodeIgniter->handleRequest(NULL, Object(Config\Cache), false)
#9 C:\xampp\htdocs\tpq\public\index.php(45): CodeIgniter\CodeIgniter->run()
#10 C:\xampp\htdocs\tpq\system\Commands\Server\rewrite.php(34): require_once('C:\\xampp\\htdocs...')
#11 {main}
CRITICAL - 2021-07-09 09:51:40 --> Unable to connect to the database.
#0 C:\xampp\htdocs\tpq\system\Database\BaseConnection.php(646): CodeIgniter\Database\BaseConnection->initialize()
#1 C:\xampp\htdocs\tpq\system\Database\BaseBuilder.php(1952): CodeIgniter\Database\BaseConnection->query('SELECT COUNT(*)...', Array, false)
#2 C:\xampp\htdocs\tpq\app\Models\AbsensiModel.php(61): CodeIgniter\Database\BaseBuilder->countAllResults()
#3 C:\xampp\htdocs\tpq\app\Models\AbsensiModel.php(66): App\Models\AbsensiModel->checkAbsensiHariIni()
#4 C:\xampp\htdocs\tpq\app\Controllers\Dashboard.php(28): App\Models\AbsensiModel->tulisAbsen()
#5 C:\xampp\htdocs\tpq\app\Controllers\Dashboard.php(20): App\Controllers\Dashboard->tulisAbsen()
#6 C:\xampp\htdocs\tpq\system\CodeIgniter.php(918): App\Controllers\Dashboard->index()
#7 C:\xampp\htdocs\tpq\system\CodeIgniter.php(404): CodeIgniter\CodeIgniter->runController(Object(App\Controllers\Dashboard))
#8 C:\xampp\htdocs\tpq\system\CodeIgniter.php(312): CodeIgniter\CodeIgniter->handleRequest(NULL, Object(Config\Cache), false)
#9 C:\xampp\htdocs\tpq\public\index.php(45): CodeIgniter\CodeIgniter->run()
#10 C:\xampp\htdocs\tpq\system\Commands\Server\rewrite.php(34): require_once('C:\\xampp\\htdocs...')
#11 {main}
CRITICAL - 2021-07-09 09:51:46 --> Unable to connect to the database.
#0 C:\xampp\htdocs\tpq\system\Database\BaseConnection.php(646): CodeIgniter\Database\BaseConnection->initialize()
#1 C:\xampp\htdocs\tpq\system\Database\BaseBuilder.php(1952): CodeIgniter\Database\BaseConnection->query('SELECT COUNT(*)...', Array, false)
#2 C:\xampp\htdocs\tpq\app\Models\AbsensiModel.php(61): CodeIgniter\Database\BaseBuilder->countAllResults()
#3 C:\xampp\htdocs\tpq\app\Models\AbsensiModel.php(66): App\Models\AbsensiModel->checkAbsensiHariIni()
#4 C:\xampp\htdocs\tpq\app\Controllers\Dashboard.php(28): App\Models\AbsensiModel->tulisAbsen()
#5 C:\xampp\htdocs\tpq\app\Controllers\Dashboard.php(20): App\Controllers\Dashboard->tulisAbsen()
#6 C:\xampp\htdocs\tpq\system\CodeIgniter.php(918): App\Controllers\Dashboard->index()
#7 C:\xampp\htdocs\tpq\system\CodeIgniter.php(404): CodeIgniter\CodeIgniter->runController(Object(App\Controllers\Dashboard))
#8 C:\xampp\htdocs\tpq\system\CodeIgniter.php(312): CodeIgniter\CodeIgniter->handleRequest(NULL, Object(Config\Cache), false)
#9 C:\xampp\htdocs\tpq\public\index.php(45): CodeIgniter\CodeIgniter->run()
#10 C:\xampp\htdocs\tpq\system\Commands\Server\rewrite.php(34): require_once('C:\\xampp\\htdocs...')
#11 {main}
CRITICAL - 2021-07-09 09:52:48 --> Unable to connect to the database.
#0 C:\xampp\htdocs\tpq\system\Database\BaseConnection.php(646): CodeIgniter\Database\BaseConnection->initialize()
#1 C:\xampp\htdocs\tpq\system\Database\BaseBuilder.php(1952): CodeIgniter\Database\BaseConnection->query('SELECT COUNT(*)...', Array, false)
#2 C:\xampp\htdocs\tpq\app\Models\AbsensiModel.php(61): CodeIgniter\Database\BaseBuilder->countAllResults()
#3 C:\xampp\htdocs\tpq\app\Models\AbsensiModel.php(66): App\Models\AbsensiModel->checkAbsensiHariIni()
#4 C:\xampp\htdocs\tpq\app\Controllers\Dashboard.php(28): App\Models\AbsensiModel->tulisAbsen()
#5 C:\xampp\htdocs\tpq\app\Controllers\Dashboard.php(20): App\Controllers\Dashboard->tulisAbsen()
#6 C:\xampp\htdocs\tpq\system\CodeIgniter.php(918): App\Controllers\Dashboard->index()
#7 C:\xampp\htdocs\tpq\system\CodeIgniter.php(404): CodeIgniter\CodeIgniter->runController(Object(App\Controllers\Dashboard))
#8 C:\xampp\htdocs\tpq\system\CodeIgniter.php(312): CodeIgniter\CodeIgniter->handleRequest(NULL, Object(Config\Cache), false)
#9 C:\xampp\htdocs\tpq\public\index.php(45): CodeIgniter\CodeIgniter->run()
#10 C:\xampp\htdocs\tpq\system\Commands\Server\rewrite.php(34): require_once('C:\\xampp\\htdocs...')
#11 {main}
CRITICAL - 2021-07-09 09:53:07 --> Unable to connect to the database.
#0 C:\xampp\htdocs\tpq\system\Database\BaseConnection.php(646): CodeIgniter\Database\BaseConnection->initialize()
#1 C:\xampp\htdocs\tpq\system\Database\BaseBuilder.php(1952): CodeIgniter\Database\BaseConnection->query('SELECT COUNT(*)...', Array, false)
#2 C:\xampp\htdocs\tpq\app\Models\AbsensiModel.php(61): CodeIgniter\Database\BaseBuilder->countAllResults()
#3 C:\xampp\htdocs\tpq\app\Models\AbsensiModel.php(66): App\Models\AbsensiModel->checkAbsensiHariIni()
#4 C:\xampp\htdocs\tpq\app\Controllers\Dashboard.php(28): App\Models\AbsensiModel->tulisAbsen()
#5 C:\xampp\htdocs\tpq\app\Controllers\Dashboard.php(20): App\Controllers\Dashboard->tulisAbsen()
#6 C:\xampp\htdocs\tpq\system\CodeIgniter.php(918): App\Controllers\Dashboard->index()
#7 C:\xampp\htdocs\tpq\system\CodeIgniter.php(404): CodeIgniter\CodeIgniter->runController(Object(App\Controllers\Dashboard))
#8 C:\xampp\htdocs\tpq\system\CodeIgniter.php(312): CodeIgniter\CodeIgniter->handleRequest(NULL, Object(Config\Cache), false)
#9 C:\xampp\htdocs\tpq\public\index.php(45): CodeIgniter\CodeIgniter->run()
#10 C:\xampp\htdocs\tpq\system\Commands\Server\rewrite.php(34): require_once('C:\\xampp\\htdocs...')
#11 {main}
CRITICAL - 2021-07-09 09:53:18 --> Unable to connect to the database.
#0 C:\xampp\htdocs\tpq\system\Database\BaseConnection.php(646): CodeIgniter\Database\BaseConnection->initialize()
#1 C:\xampp\htdocs\tpq\system\Database\BaseBuilder.php(1952): CodeIgniter\Database\BaseConnection->query('SELECT COUNT(*)...', Array, false)
#2 C:\xampp\htdocs\tpq\app\Models\AbsensiModel.php(61): CodeIgniter\Database\BaseBuilder->countAllResults()
#3 C:\xampp\htdocs\tpq\app\Models\AbsensiModel.php(66): App\Models\AbsensiModel->checkAbsensiHariIni()
#4 C:\xampp\htdocs\tpq\app\Controllers\Dashboard.php(28): App\Models\AbsensiModel->tulisAbsen()
#5 C:\xampp\htdocs\tpq\app\Controllers\Dashboard.php(20): App\Controllers\Dashboard->tulisAbsen()
#6 C:\xampp\htdocs\tpq\system\CodeIgniter.php(918): App\Controllers\Dashboard->index()
#7 C:\xampp\htdocs\tpq\system\CodeIgniter.php(404): CodeIgniter\CodeIgniter->runController(Object(App\Controllers\Dashboard))
#8 C:\xampp\htdocs\tpq\system\CodeIgniter.php(312): CodeIgniter\CodeIgniter->handleRequest(NULL, Object(Config\Cache), false)
#9 C:\xampp\htdocs\tpq\public\index.php(45): CodeIgniter\CodeIgniter->run()
#10 C:\xampp\htdocs\tpq\system\Commands\Server\rewrite.php(34): require_once('C:\\xampp\\htdocs...')
#11 {main}
CRITICAL - 2021-07-09 09:53:29 --> Unable to connect to the database.
#0 C:\xampp\htdocs\tpq\system\Database\BaseConnection.php(646): CodeIgniter\Database\BaseConnection->initialize()
#1 C:\xampp\htdocs\tpq\system\Database\BaseBuilder.php(1952): CodeIgniter\Database\BaseConnection->query('SELECT COUNT(*)...', Array, false)
#2 C:\xampp\htdocs\tpq\app\Models\AbsensiModel.php(61): CodeIgniter\Database\BaseBuilder->countAllResults()
#3 C:\xampp\htdocs\tpq\app\Models\AbsensiModel.php(66): App\Models\AbsensiModel->checkAbsensiHariIni()
#4 C:\xampp\htdocs\tpq\app\Controllers\Dashboard.php(28): App\Models\AbsensiModel->tulisAbsen()
#5 C:\xampp\htdocs\tpq\app\Controllers\Dashboard.php(20): App\Controllers\Dashboard->tulisAbsen()
#6 C:\xampp\htdocs\tpq\system\CodeIgniter.php(918): App\Controllers\Dashboard->index()
#7 C:\xampp\htdocs\tpq\system\CodeIgniter.php(404): CodeIgniter\CodeIgniter->runController(Object(App\Controllers\Dashboard))
#8 C:\xampp\htdocs\tpq\system\CodeIgniter.php(312): CodeIgniter\CodeIgniter->handleRequest(NULL, Object(Config\Cache), false)
#9 C:\xampp\htdocs\tpq\public\index.php(45): CodeIgniter\CodeIgniter->run()
#10 C:\xampp\htdocs\tpq\system\Commands\Server\rewrite.php(34): require_once('C:\\xampp\\htdocs...')
#11 {main}
CRITICAL - 2021-07-09 12:23:32 --> Unable to connect to the database.
#0 C:\xampp\htdocs\tpq\system\Database\BaseConnection.php(646): CodeIgniter\Database\BaseConnection->initialize()
#1 C:\xampp\htdocs\tpq\system\Database\BaseBuilder.php(1952): CodeIgniter\Database\BaseConnection->query('SELECT COUNT(*)...', Array, false)
#2 C:\xampp\htdocs\tpq\app\Models\AbsensiModel.php(61): CodeIgniter\Database\BaseBuilder->countAllResults()
#3 C:\xampp\htdocs\tpq\app\Models\AbsensiModel.php(66): App\Models\AbsensiModel->checkAbsensiHariIni()
#4 C:\xampp\htdocs\tpq\app\Controllers\Dashboard.php(28): App\Models\AbsensiModel->tulisAbsen()
#5 C:\xampp\htdocs\tpq\app\Controllers\Dashboard.php(20): App\Controllers\Dashboard->tulisAbsen()
#6 C:\xampp\htdocs\tpq\system\CodeIgniter.php(918): App\Controllers\Dashboard->index()
#7 C:\xampp\htdocs\tpq\system\CodeIgniter.php(404): CodeIgniter\CodeIgniter->runController(Object(App\Controllers\Dashboard))
#8 C:\xampp\htdocs\tpq\system\CodeIgniter.php(312): CodeIgniter\CodeIgniter->handleRequest(NULL, Object(Config\Cache), false)
#9 C:\xampp\htdocs\tpq\public\index.php(45): CodeIgniter\CodeIgniter->run()
#10 C:\xampp\htdocs\tpq\system\Commands\Server\rewrite.php(34): require_once('C:\\xampp\\htdocs...')
#11 {main}
CRITICAL - 2021-07-09 12:23:50 --> Unable to connect to the database.
#0 C:\xampp\htdocs\tpq\system\Database\BaseConnection.php(646): CodeIgniter\Database\BaseConnection->initialize()
#1 C:\xampp\htdocs\tpq\system\Database\BaseBuilder.php(1952): CodeIgniter\Database\BaseConnection->query('SELECT COUNT(*)...', Array, false)
#2 C:\xampp\htdocs\tpq\app\Models\AbsensiModel.php(61): CodeIgniter\Database\BaseBuilder->countAllResults()
#3 C:\xampp\htdocs\tpq\app\Models\AbsensiModel.php(66): App\Models\AbsensiModel->checkAbsensiHariIni()
#4 C:\xampp\htdocs\tpq\app\Controllers\Dashboard.php(28): App\Models\AbsensiModel->tulisAbsen()
#5 C:\xampp\htdocs\tpq\app\Controllers\Dashboard.php(20): App\Controllers\Dashboard->tulisAbsen()
#6 C:\xampp\htdocs\tpq\system\CodeIgniter.php(918): App\Controllers\Dashboard->index()
#7 C:\xampp\htdocs\tpq\system\CodeIgniter.php(404): CodeIgniter\CodeIgniter->runController(Object(App\Controllers\Dashboard))
#8 C:\xampp\htdocs\tpq\system\CodeIgniter.php(312): CodeIgniter\CodeIgniter->handleRequest(NULL, Object(Config\Cache), false)
#9 C:\xampp\htdocs\tpq\public\index.php(45): CodeIgniter\CodeIgniter->run()
#10 C:\xampp\htdocs\tpq\system\Commands\Server\rewrite.php(34): require_once('C:\\xampp\\htdocs...')
#11 {main}
CRITICAL - 2021-07-09 12:24:00 --> Unable to connect to the database.
#0 C:\xampp\htdocs\tpq\system\Database\BaseConnection.php(646): CodeIgniter\Database\BaseConnection->initialize()
#1 C:\xampp\htdocs\tpq\system\Database\BaseBuilder.php(1952): CodeIgniter\Database\BaseConnection->query('SELECT COUNT(*)...', Array, false)
#2 C:\xampp\htdocs\tpq\app\Models\AbsensiModel.php(61): CodeIgniter\Database\BaseBuilder->countAllResults()
#3 C:\xampp\htdocs\tpq\app\Models\AbsensiModel.php(66): App\Models\AbsensiModel->checkAbsensiHariIni()
#4 C:\xampp\htdocs\tpq\app\Controllers\Dashboard.php(28): App\Models\AbsensiModel->tulisAbsen()
#5 C:\xampp\htdocs\tpq\app\Controllers\Dashboard.php(20): App\Controllers\Dashboard->tulisAbsen()
#6 C:\xampp\htdocs\tpq\system\CodeIgniter.php(918): App\Controllers\Dashboard->index()
#7 C:\xampp\htdocs\tpq\system\CodeIgniter.php(404): CodeIgniter\CodeIgniter->runController(Object(App\Controllers\Dashboard))
#8 C:\xampp\htdocs\tpq\system\CodeIgniter.php(312): CodeIgniter\CodeIgniter->handleRequest(NULL, Object(Config\Cache), false)
#9 C:\xampp\htdocs\tpq\public\index.php(45): CodeIgniter\CodeIgniter->run()
#10 C:\xampp\htdocs\tpq\system\Commands\Server\rewrite.php(34): require_once('C:\\xampp\\htdocs...')
#11 {main}
CRITICAL - 2021-07-09 12:24:34 --> Unable to connect to the database.
#0 C:\xampp\htdocs\tpq\system\Database\BaseConnection.php(646): CodeIgniter\Database\BaseConnection->initialize()
#1 C:\xampp\htdocs\tpq\system\Database\BaseBuilder.php(1952): CodeIgniter\Database\BaseConnection->query('SELECT COUNT(*)...', Array, false)
#2 C:\xampp\htdocs\tpq\app\Models\AbsensiModel.php(61): CodeIgniter\Database\BaseBuilder->countAllResults()
#3 C:\xampp\htdocs\tpq\app\Models\AbsensiModel.php(66): App\Models\AbsensiModel->checkAbsensiHariIni()
#4 C:\xampp\htdocs\tpq\app\Controllers\Dashboard.php(28): App\Models\AbsensiModel->tulisAbsen()
#5 C:\xampp\htdocs\tpq\app\Controllers\Dashboard.php(20): App\Controllers\Dashboard->tulisAbsen()
#6 C:\xampp\htdocs\tpq\system\CodeIgniter.php(918): App\Controllers\Dashboard->index()
#7 C:\xampp\htdocs\tpq\system\CodeIgniter.php(404): CodeIgniter\CodeIgniter->runController(Object(App\Controllers\Dashboard))
#8 C:\xampp\htdocs\tpq\system\CodeIgniter.php(312): CodeIgniter\CodeIgniter->handleRequest(NULL, Object(Config\Cache), false)
#9 C:\xampp\htdocs\tpq\public\index.php(45): CodeIgniter\CodeIgniter->run()
#10 C:\xampp\htdocs\tpq\system\Commands\Server\rewrite.php(34): require_once('C:\\xampp\\htdocs...')
#11 {main}
CRITICAL - 2021-07-09 12:24:42 --> Unable to connect to the database.
#0 C:\xampp\htdocs\tpq\system\Database\BaseConnection.php(646): CodeIgniter\Database\BaseConnection->initialize()
#1 C:\xampp\htdocs\tpq\system\Database\BaseBuilder.php(1952): CodeIgniter\Database\BaseConnection->query('SELECT COUNT(*)...', Array, false)
#2 C:\xampp\htdocs\tpq\app\Models\AbsensiModel.php(61): CodeIgniter\Database\BaseBuilder->countAllResults()
#3 C:\xampp\htdocs\tpq\app\Models\AbsensiModel.php(66): App\Models\AbsensiModel->checkAbsensiHariIni()
#4 C:\xampp\htdocs\tpq\app\Controllers\Dashboard.php(28): App\Models\AbsensiModel->tulisAbsen()
#5 C:\xampp\htdocs\tpq\app\Controllers\Dashboard.php(20): App\Controllers\Dashboard->tulisAbsen()
#6 C:\xampp\htdocs\tpq\system\CodeIgniter.php(918): App\Controllers\Dashboard->index()
#7 C:\xampp\htdocs\tpq\system\CodeIgniter.php(404): CodeIgniter\CodeIgniter->runController(Object(App\Controllers\Dashboard))
#8 C:\xampp\htdocs\tpq\system\CodeIgniter.php(312): CodeIgniter\CodeIgniter->handleRequest(NULL, Object(Config\Cache), false)
#9 C:\xampp\htdocs\tpq\public\index.php(45): CodeIgniter\CodeIgniter->run()
#10 C:\xampp\htdocs\tpq\system\Commands\Server\rewrite.php(34): require_once('C:\\xampp\\htdocs...')
#11 {main}
CRITICAL - 2021-07-09 12:50:48 --> Unable to connect to the database.
#0 C:\xampp\htdocs\tpq\system\Database\BaseConnection.php(646): CodeIgniter\Database\BaseConnection->initialize()
#1 C:\xampp\htdocs\tpq\system\Database\BaseBuilder.php(1952): CodeIgniter\Database\BaseConnection->query('SELECT COUNT(*)...', Array, false)
#2 C:\xampp\htdocs\tpq\app\Models\AbsensiModel.php(61): CodeIgniter\Database\BaseBuilder->countAllResults()
#3 C:\xampp\htdocs\tpq\app\Models\AbsensiModel.php(66): App\Models\AbsensiModel->checkAbsensiHariIni()
#4 C:\xampp\htdocs\tpq\app\Controllers\Dashboard.php(28): App\Models\AbsensiModel->tulisAbsen()
#5 C:\xampp\htdocs\tpq\app\Controllers\Dashboard.php(20): App\Controllers\Dashboard->tulisAbsen()
#6 C:\xampp\htdocs\tpq\system\CodeIgniter.php(918): App\Controllers\Dashboard->index()
#7 C:\xampp\htdocs\tpq\system\CodeIgniter.php(404): CodeIgniter\CodeIgniter->runController(Object(App\Controllers\Dashboard))
#8 C:\xampp\htdocs\tpq\system\CodeIgniter.php(312): CodeIgniter\CodeIgniter->handleRequest(NULL, Object(Config\Cache), false)
#9 C:\xampp\htdocs\tpq\public\index.php(45): CodeIgniter\CodeIgniter->run()
#10 C:\xampp\htdocs\tpq\system\Commands\Server\rewrite.php(34): require_once('C:\\xampp\\htdocs...')
#11 {main}
CRITICAL - 2021-07-09 13:20:07 --> Unable to connect to the database.
#0 C:\xampp\htdocs\tpq\system\Database\BaseConnection.php(646): CodeIgniter\Database\BaseConnection->initialize()
#1 C:\xampp\htdocs\tpq\system\Database\BaseBuilder.php(1952): CodeIgniter\Database\BaseConnection->query('SELECT COUNT(*)...', Array, false)
#2 C:\xampp\htdocs\tpq\app\Models\AbsensiModel.php(61): CodeIgniter\Database\BaseBuilder->countAllResults()
#3 C:\xampp\htdocs\tpq\app\Models\AbsensiModel.php(66): App\Models\AbsensiModel->checkAbsensiHariIni()
#4 C:\xampp\htdocs\tpq\app\Controllers\Dashboard.php(28): App\Models\AbsensiModel->tulisAbsen()
#5 C:\xampp\htdocs\tpq\app\Controllers\Dashboard.php(20): App\Controllers\Dashboard->tulisAbsen()
#6 C:\xampp\htdocs\tpq\system\CodeIgniter.php(918): App\Controllers\Dashboard->index()
#7 C:\xampp\htdocs\tpq\system\CodeIgniter.php(404): CodeIgniter\CodeIgniter->runController(Object(App\Controllers\Dashboard))
#8 C:\xampp\htdocs\tpq\system\CodeIgniter.php(312): CodeIgniter\CodeIgniter->handleRequest(NULL, Object(Config\Cache), false)
#9 C:\xampp\htdocs\tpq\public\index.php(45): CodeIgniter\CodeIgniter->run()
#10 C:\xampp\htdocs\tpq\system\Commands\Server\rewrite.php(34): require_once('C:\\xampp\\htdocs...')
#11 {main}
