CRITICAL - 2020-09-30 04:02:40 --> Undefined offset: 6
#0 C:\xampp\htdocs\tpq\app\Views\pages\home.php(80): CodeIgniter\Debug\Exceptions->errorHandler(8, 'Undefined offse...', 'C:\\xampp\\htdocs...', 80, Array)
#1 C:\xampp\htdocs\tpq\system\View\View.php(246): include('C:\\xampp\\htdocs...')
#2 C:\xampp\htdocs\tpq\system\Common.php(1119): CodeIgniter\View\View->render('pages/home', Array, true)
#3 C:\xampp\htdocs\tpq\app\Controllers\Home.php(20): view('pages/home', Array)
#4 C:\xampp\htdocs\tpq\system\CodeIgniter.php(918): App\Controllers\Home->index()
#5 C:\xampp\htdocs\tpq\system\CodeIgniter.php(404): CodeIgniter\CodeIgniter->runController(Object(App\Controllers\Home))
#6 C:\xampp\htdocs\tpq\system\CodeIgniter.php(312): CodeIgniter\CodeIgniter->handleRequest(NULL, Object(Config\Cache), false)
#7 C:\xampp\htdocs\tpq\public\index.php(45): CodeIgniter\CodeIgniter->run()
#8 C:\xampp\htdocs\tpq\system\Commands\Server\rewrite.php(34): require_once('C:\\xampp\\htdocs...')
#9 {main}
CRITICAL - 2020-09-30 04:03:53 --> Undefined offset: 6
#0 C:\xampp\htdocs\tpq\app\Views\pages\home.php(80): CodeIgniter\Debug\Exceptions->errorHandler(8, 'Undefined offse...', 'C:\\xampp\\htdocs...', 80, Array)
#1 C:\xampp\htdocs\tpq\system\View\View.php(246): include('C:\\xampp\\htdocs...')
#2 C:\xampp\htdocs\tpq\system\Common.php(1119): CodeIgniter\View\View->render('pages/home', Array, true)
#3 C:\xampp\htdocs\tpq\app\Controllers\Home.php(20): view('pages/home', Array)
#4 C:\xampp\htdocs\tpq\system\CodeIgniter.php(918): App\Controllers\Home->index()
#5 C:\xampp\htdocs\tpq\system\CodeIgniter.php(404): CodeIgniter\CodeIgniter->runController(Object(App\Controllers\Home))
#6 C:\xampp\htdocs\tpq\system\CodeIgniter.php(312): CodeIgniter\CodeIgniter->handleRequest(NULL, Object(Config\Cache), false)
#7 C:\xampp\htdocs\tpq\public\index.php(45): CodeIgniter\CodeIgniter->run()
#8 C:\xampp\htdocs\tpq\system\Commands\Server\rewrite.php(34): require_once('C:\\xampp\\htdocs...')
#9 {main}
CRITICAL - 2020-09-30 04:04:10 --> Undefined offset: 6
#0 C:\xampp\htdocs\tpq\app\Views\pages\home.php(80): CodeIgniter\Debug\Exceptions->errorHandler(8, 'Undefined offse...', 'C:\\xampp\\htdocs...', 80, Array)
#1 C:\xampp\htdocs\tpq\system\View\View.php(246): include('C:\\xampp\\htdocs...')
#2 C:\xampp\htdocs\tpq\system\Common.php(1119): CodeIgniter\View\View->render('pages/home', Array, true)
#3 C:\xampp\htdocs\tpq\app\Controllers\Home.php(20): view('pages/home', Array)
#4 C:\xampp\htdocs\tpq\system\CodeIgniter.php(918): App\Controllers\Home->index()
#5 C:\xampp\htdocs\tpq\system\CodeIgniter.php(404): CodeIgniter\CodeIgniter->runController(Object(App\Controllers\Home))
#6 C:\xampp\htdocs\tpq\system\CodeIgniter.php(312): CodeIgniter\CodeIgniter->handleRequest(NULL, Object(Config\Cache), false)
#7 C:\xampp\htdocs\tpq\public\index.php(45): CodeIgniter\CodeIgniter->run()
#8 C:\xampp\htdocs\tpq\system\Commands\Server\rewrite.php(34): require_once('C:\\xampp\\htdocs...')
#9 {main}
CRITICAL - 2020-09-30 05:48:03 --> Undefined variable: tanggalSudahAbsen
#0 C:\xampp\htdocs\tpq\app\Views\pages\home.php(89): CodeIgniter\Debug\Exceptions->errorHandler(8, 'Undefined varia...', 'C:\\xampp\\htdocs...', 89, Array)
#1 C:\xampp\htdocs\tpq\system\View\View.php(246): include('C:\\xampp\\htdocs...')
#2 C:\xampp\htdocs\tpq\system\Common.php(1119): CodeIgniter\View\View->render('pages/home', Array, true)
#3 C:\xampp\htdocs\tpq\app\Controllers\Home.php(20): view('pages/home', Array)
#4 C:\xampp\htdocs\tpq\system\CodeIgniter.php(918): App\Controllers\Home->index()
#5 C:\xampp\htdocs\tpq\system\CodeIgniter.php(404): CodeIgniter\CodeIgniter->runController(Object(App\Controllers\Home))
#6 C:\xampp\htdocs\tpq\system\CodeIgniter.php(312): CodeIgniter\CodeIgniter->handleRequest(NULL, Object(Config\Cache), false)
#7 C:\xampp\htdocs\tpq\public\index.php(45): CodeIgniter\CodeIgniter->run()
#8 C:\xampp\htdocs\tpq\system\Commands\Server\rewrite.php(34): require_once('C:\\xampp\\htdocs...')
#9 {main}
CRITICAL - 2020-09-30 21:17:27 --> Unable to connect to the database.
#0 C:\xampp\htdocs\tpq\system\Database\BaseConnection.php(646): CodeIgniter\Database\BaseConnection->initialize()
#1 C:\xampp\htdocs\tpq\system\Database\BaseBuilder.php(1860): CodeIgniter\Database\BaseConnection->query('SELECT *\nFROM `...', Array, false)
#2 C:\xampp\htdocs\tpq\app\Models\AbsensiModel.php(20): CodeIgniter\Database\BaseBuilder->get()
#3 C:\xampp\htdocs\tpq\app\Controllers\Home.php(15): App\Models\AbsensiModel->getAbsensi()
#4 C:\xampp\htdocs\tpq\system\CodeIgniter.php(918): App\Controllers\Home->index()
#5 C:\xampp\htdocs\tpq\system\CodeIgniter.php(404): CodeIgniter\CodeIgniter->runController(Object(App\Controllers\Home))
#6 C:\xampp\htdocs\tpq\system\CodeIgniter.php(312): CodeIgniter\CodeIgniter->handleRequest(NULL, Object(Config\Cache), false)
#7 C:\xampp\htdocs\tpq\public\index.php(45): CodeIgniter\CodeIgniter->run()
#8 C:\xampp\htdocs\tpq\system\Commands\Server\rewrite.php(34): require_once('C:\\xampp\\htdocs...')
#9 {main}
CRITICAL - 2020-09-30 21:30:57 --> Object of class DateTime could not be converted to string
#0 C:\xampp\htdocs\tpq\app\Views\pages\home.php(49): CodeIgniter\Debug\Exceptions->errorHandler(4096, 'Object of class...', 'C:\\xampp\\htdocs...', 49, Array)
#1 C:\xampp\htdocs\tpq\system\View\View.php(246): include('C:\\xampp\\htdocs...')
#2 C:\xampp\htdocs\tpq\system\Common.php(1119): CodeIgniter\View\View->render('pages/home', Array, true)
#3 C:\xampp\htdocs\tpq\app\Controllers\Home.php(20): view('pages/home', Array)
#4 C:\xampp\htdocs\tpq\system\CodeIgniter.php(918): App\Controllers\Home->index()
#5 C:\xampp\htdocs\tpq\system\CodeIgniter.php(404): CodeIgniter\CodeIgniter->runController(Object(App\Controllers\Home))
#6 C:\xampp\htdocs\tpq\system\CodeIgniter.php(312): CodeIgniter\CodeIgniter->handleRequest(NULL, Object(Config\Cache), false)
#7 C:\xampp\htdocs\tpq\public\index.php(45): CodeIgniter\CodeIgniter->run()
#8 C:\xampp\htdocs\tpq\system\Commands\Server\rewrite.php(34): require_once('C:\\xampp\\htdocs...')
#9 {main}
CRITICAL - 2020-09-30 21:41:05 --> Undefined variable: shift_pagi
#0 C:\xampp\htdocs\tpq\app\Views\pages\home.php(87): CodeIgniter\Debug\Exceptions->errorHandler(8, 'Undefined varia...', 'C:\\xampp\\htdocs...', 87, Array)
#1 C:\xampp\htdocs\tpq\system\View\View.php(246): include('C:\\xampp\\htdocs...')
#2 C:\xampp\htdocs\tpq\system\Common.php(1119): CodeIgniter\View\View->render('pages/home', Array, true)
#3 C:\xampp\htdocs\tpq\app\Controllers\Home.php(20): view('pages/home', Array)
#4 C:\xampp\htdocs\tpq\system\CodeIgniter.php(918): App\Controllers\Home->index()
#5 C:\xampp\htdocs\tpq\system\CodeIgniter.php(404): CodeIgniter\CodeIgniter->runController(Object(App\Controllers\Home))
#6 C:\xampp\htdocs\tpq\system\CodeIgniter.php(312): CodeIgniter\CodeIgniter->handleRequest(NULL, Object(Config\Cache), false)
#7 C:\xampp\htdocs\tpq\public\index.php(45): CodeIgniter\CodeIgniter->run()
#8 C:\xampp\htdocs\tpq\system\Commands\Server\rewrite.php(34): require_once('C:\\xampp\\htdocs...')
#9 {main}
CRITICAL - 2020-09-30 21:41:24 --> Undefined variable: shift_pagi
#0 C:\xampp\htdocs\tpq\app\Views\pages\home.php(87): CodeIgniter\Debug\Exceptions->errorHandler(8, 'Undefined varia...', 'C:\\xampp\\htdocs...', 87, Array)
#1 C:\xampp\htdocs\tpq\system\View\View.php(246): include('C:\\xampp\\htdocs...')
#2 C:\xampp\htdocs\tpq\system\Common.php(1119): CodeIgniter\View\View->render('pages/home', Array, true)
#3 C:\xampp\htdocs\tpq\app\Controllers\Home.php(20): view('pages/home', Array)
#4 C:\xampp\htdocs\tpq\system\CodeIgniter.php(918): App\Controllers\Home->index()
#5 C:\xampp\htdocs\tpq\system\CodeIgniter.php(404): CodeIgniter\CodeIgniter->runController(Object(App\Controllers\Home))
#6 C:\xampp\htdocs\tpq\system\CodeIgniter.php(312): CodeIgniter\CodeIgniter->handleRequest(NULL, Object(Config\Cache), false)
#7 C:\xampp\htdocs\tpq\public\index.php(45): CodeIgniter\CodeIgniter->run()
#8 C:\xampp\htdocs\tpq\system\Commands\Server\rewrite.php(34): require_once('C:\\xampp\\htdocs...')
#9 {main}
CRITICAL - 2020-09-30 22:51:42 --> Unknown column 'nama' in 'field list'
#0 C:\xampp\htdocs\tpq\system\Database\MySQLi\Connection.php(331): mysqli->query('SELECT `id_ust`...')
#1 C:\xampp\htdocs\tpq\system\Database\BaseConnection.php(741): CodeIgniter\Database\MySQLi\Connection->execute('SELECT `id_ust`...')
#2 C:\xampp\htdocs\tpq\system\Database\BaseConnection.php(669): CodeIgniter\Database\BaseConnection->simpleQuery('SELECT `id_ust`...')
#3 C:\xampp\htdocs\tpq\system\Database\BaseBuilder.php(1860): CodeIgniter\Database\BaseConnection->query('SELECT `id_ust`...', Array, false)
#4 C:\xampp\htdocs\tpq\app\Models\AbsensiModel.php(21): CodeIgniter\Database\BaseBuilder->get()
#5 C:\xampp\htdocs\tpq\app\Controllers\Home.php(15): App\Models\AbsensiModel->getAbsensi()
#6 C:\xampp\htdocs\tpq\system\CodeIgniter.php(918): App\Controllers\Home->index()
#7 C:\xampp\htdocs\tpq\system\CodeIgniter.php(404): CodeIgniter\CodeIgniter->runController(Object(App\Controllers\Home))
#8 C:\xampp\htdocs\tpq\system\CodeIgniter.php(312): CodeIgniter\CodeIgniter->handleRequest(NULL, Object(Config\Cache), false)
#9 C:\xampp\htdocs\tpq\public\index.php(45): CodeIgniter\CodeIgniter->run()
#10 C:\xampp\htdocs\tpq\system\Commands\Server\rewrite.php(34): require_once('C:\\xampp\\htdocs...')
#11 {main}
