CRITICAL - 2020-10-14 11:08:02 --> Call to a member function get() on null
#0 C:\xampp\htdocs\tpq\system\CodeIgniter.php(918): App\Controllers\PrintBS->index()
#1 C:\xampp\htdocs\tpq\system\CodeIgniter.php(404): CodeIgniter\CodeIgniter->runController(Object(App\Controllers\PrintBS))
#2 C:\xampp\htdocs\tpq\system\CodeIgniter.php(312): CodeIgniter\CodeIgniter->handleRequest(NULL, Object(Config\Cache), false)
#3 C:\xampp\htdocs\tpq\public\index.php(45): CodeIgniter\CodeIgniter->run()
#4 C:\xampp\htdocs\tpq\system\Commands\Server\rewrite.php(34): require_once('C:\\xampp\\htdocs...')
#5 {main}
CRITICAL - 2020-10-14 11:08:14 --> Undefined property: App\Controllers\PrintBS::$input
#0 C:\xampp\htdocs\tpq\app\Controllers\PrintBS.php(17): CodeIgniter\Debug\Exceptions->errorHandler(8, 'Undefined prope...', 'C:\\xampp\\htdocs...', 17, Array)
#1 C:\xampp\htdocs\tpq\system\CodeIgniter.php(918): App\Controllers\PrintBS->index()
#2 C:\xampp\htdocs\tpq\system\CodeIgniter.php(404): CodeIgniter\CodeIgniter->runController(Object(App\Controllers\PrintBS))
#3 C:\xampp\htdocs\tpq\system\CodeIgniter.php(312): CodeIgniter\CodeIgniter->handleRequest(NULL, Object(Config\Cache), false)
#4 C:\xampp\htdocs\tpq\public\index.php(45): CodeIgniter\CodeIgniter->run()
#5 C:\xampp\htdocs\tpq\system\Commands\Server\rewrite.php(34): require_once('C:\\xampp\\htdocs...')
#6 {main}
CRITICAL - 2020-10-14 11:10:37 --> syntax error, unexpected '}', expecting ',' or ';'
#0 C:\xampp\htdocs\tpq\system\Common.php(1119): CodeIgniter\View\View->render('printBisaroh', Array, true)
#1 C:\xampp\htdocs\tpq\app\Controllers\PrintBS.php(23): view('printBisaroh', Array)
#2 C:\xampp\htdocs\tpq\system\CodeIgniter.php(918): App\Controllers\PrintBS->index()
#3 C:\xampp\htdocs\tpq\system\CodeIgniter.php(404): CodeIgniter\CodeIgniter->runController(Object(App\Controllers\PrintBS))
#4 C:\xampp\htdocs\tpq\system\CodeIgniter.php(312): CodeIgniter\CodeIgniter->handleRequest(NULL, Object(Config\Cache), false)
#5 C:\xampp\htdocs\tpq\public\index.php(45): CodeIgniter\CodeIgniter->run()
#6 C:\xampp\htdocs\tpq\system\Commands\Server\rewrite.php(34): require_once('C:\\xampp\\htdocs...')
#7 {main}
