CRITICAL - 2020-10-15 10:35:34 --> syntax error, unexpected 'foreach' (T_FOREACH)
#0 C:\xampp\htdocs\tpq\system\Common.php(1119): CodeIgniter\View\View->render('printBisaroh', Array, true)
#1 C:\xampp\htdocs\tpq\app\Controllers\PrintBS.php(23): view('printBisaroh', Array)
#2 C:\xampp\htdocs\tpq\system\CodeIgniter.php(918): App\Controllers\PrintBS->index()
#3 C:\xampp\htdocs\tpq\system\CodeIgniter.php(404): CodeIgniter\CodeIgniter->runController(Object(App\Controllers\PrintBS))
#4 C:\xampp\htdocs\tpq\system\CodeIgniter.php(312): CodeIgniter\CodeIgniter->handleRequest(NULL, Object(Config\Cache), false)
#5 C:\xampp\htdocs\tpq\public\index.php(45): CodeIgniter\CodeIgniter->run()
#6 C:\xampp\htdocs\tpq\system\Commands\Server\rewrite.php(34): require_once('C:\\xampp\\htdocs...')
#7 {main}
CRITICAL - 2020-10-15 10:38:59 --> syntax error, unexpected ','
#0 C:\xampp\htdocs\tpq\system\Common.php(1119): CodeIgniter\View\View->render('printBisaroh', Array, true)
#1 C:\xampp\htdocs\tpq\app\Controllers\PrintBS.php(23): view('printBisaroh', Array)
#2 C:\xampp\htdocs\tpq\system\CodeIgniter.php(918): App\Controllers\PrintBS->index()
#3 C:\xampp\htdocs\tpq\system\CodeIgniter.php(404): CodeIgniter\CodeIgniter->runController(Object(App\Controllers\PrintBS))
#4 C:\xampp\htdocs\tpq\system\CodeIgniter.php(312): CodeIgniter\CodeIgniter->handleRequest(NULL, Object(Config\Cache), false)
#5 C:\xampp\htdocs\tpq\public\index.php(45): CodeIgniter\CodeIgniter->run()
#6 C:\xampp\htdocs\tpq\system\Commands\Server\rewrite.php(34): require_once('C:\\xampp\\htdocs...')
#7 {main}
CRITICAL - 2020-10-15 10:39:05 --> syntax error, unexpected ','
#0 C:\xampp\htdocs\tpq\system\Common.php(1119): CodeIgniter\View\View->render('printBisaroh', Array, true)
#1 C:\xampp\htdocs\tpq\app\Controllers\PrintBS.php(23): view('printBisaroh', Array)
#2 C:\xampp\htdocs\tpq\system\CodeIgniter.php(918): App\Controllers\PrintBS->index()
#3 C:\xampp\htdocs\tpq\system\CodeIgniter.php(404): CodeIgniter\CodeIgniter->runController(Object(App\Controllers\PrintBS))
#4 C:\xampp\htdocs\tpq\system\CodeIgniter.php(312): CodeIgniter\CodeIgniter->handleRequest(NULL, Object(Config\Cache), false)
#5 C:\xampp\htdocs\tpq\public\index.php(45): CodeIgniter\CodeIgniter->run()
#6 C:\xampp\htdocs\tpq\system\Commands\Server\rewrite.php(34): require_once('C:\\xampp\\htdocs...')
#7 {main}
CRITICAL - 2020-10-15 10:52:29 --> syntax error, unexpected '}'
#0 C:\xampp\htdocs\tpq\system\Common.php(1119): CodeIgniter\View\View->render('printBisaroh', Array, true)
#1 C:\xampp\htdocs\tpq\app\Controllers\PrintBS.php(23): view('printBisaroh', Array)
#2 C:\xampp\htdocs\tpq\system\CodeIgniter.php(918): App\Controllers\PrintBS->index()
#3 C:\xampp\htdocs\tpq\system\CodeIgniter.php(404): CodeIgniter\CodeIgniter->runController(Object(App\Controllers\PrintBS))
#4 C:\xampp\htdocs\tpq\system\CodeIgniter.php(312): CodeIgniter\CodeIgniter->handleRequest(NULL, Object(Config\Cache), false)
#5 C:\xampp\htdocs\tpq\public\index.php(45): CodeIgniter\CodeIgniter->run()
#6 C:\xampp\htdocs\tpq\system\Commands\Server\rewrite.php(34): require_once('C:\\xampp\\htdocs...')
#7 {main}
CRITICAL - 2020-10-15 10:52:37 --> Undefined variable: alpa
#0 C:\xampp\htdocs\tpq\app\Views\printBisaroh.php(66): CodeIgniter\Debug\Exceptions->errorHandler(8, 'Undefined varia...', 'C:\\xampp\\htdocs...', 66, Array)
#1 C:\xampp\htdocs\tpq\system\View\View.php(246): include('C:\\xampp\\htdocs...')
#2 C:\xampp\htdocs\tpq\system\Common.php(1119): CodeIgniter\View\View->render('printBisaroh', Array, true)
#3 C:\xampp\htdocs\tpq\app\Controllers\PrintBS.php(23): view('printBisaroh', Array)
#4 C:\xampp\htdocs\tpq\system\CodeIgniter.php(918): App\Controllers\PrintBS->index()
#5 C:\xampp\htdocs\tpq\system\CodeIgniter.php(404): CodeIgniter\CodeIgniter->runController(Object(App\Controllers\PrintBS))
#6 C:\xampp\htdocs\tpq\system\CodeIgniter.php(312): CodeIgniter\CodeIgniter->handleRequest(NULL, Object(Config\Cache), false)
#7 C:\xampp\htdocs\tpq\public\index.php(45): CodeIgniter\CodeIgniter->run()
#8 C:\xampp\htdocs\tpq\system\Commands\Server\rewrite.php(34): require_once('C:\\xampp\\htdocs...')
#9 {main}
CRITICAL - 2020-10-15 10:52:38 --> Undefined variable: alpa
#0 C:\xampp\htdocs\tpq\app\Views\printBisaroh.php(66): CodeIgniter\Debug\Exceptions->errorHandler(8, 'Undefined varia...', 'C:\\xampp\\htdocs...', 66, Array)
#1 C:\xampp\htdocs\tpq\system\View\View.php(246): include('C:\\xampp\\htdocs...')
#2 C:\xampp\htdocs\tpq\system\Common.php(1119): CodeIgniter\View\View->render('printBisaroh', Array, true)
#3 C:\xampp\htdocs\tpq\app\Controllers\PrintBS.php(23): view('printBisaroh', Array)
#4 C:\xampp\htdocs\tpq\system\CodeIgniter.php(918): App\Controllers\PrintBS->index()
#5 C:\xampp\htdocs\tpq\system\CodeIgniter.php(404): CodeIgniter\CodeIgniter->runController(Object(App\Controllers\PrintBS))
#6 C:\xampp\htdocs\tpq\system\CodeIgniter.php(312): CodeIgniter\CodeIgniter->handleRequest(NULL, Object(Config\Cache), false)
#7 C:\xampp\htdocs\tpq\public\index.php(45): CodeIgniter\CodeIgniter->run()
#8 C:\xampp\htdocs\tpq\system\Commands\Server\rewrite.php(34): require_once('C:\\xampp\\htdocs...')
#9 {main}
CRITICAL - 2020-10-15 10:53:34 --> syntax error, unexpected 'foreach' (T_FOREACH)
#0 C:\xampp\htdocs\tpq\system\Common.php(1119): CodeIgniter\View\View->render('printBisaroh', Array, true)
#1 C:\xampp\htdocs\tpq\app\Controllers\PrintBS.php(23): view('printBisaroh', Array)
#2 C:\xampp\htdocs\tpq\system\CodeIgniter.php(918): App\Controllers\PrintBS->index()
#3 C:\xampp\htdocs\tpq\system\CodeIgniter.php(404): CodeIgniter\CodeIgniter->runController(Object(App\Controllers\PrintBS))
#4 C:\xampp\htdocs\tpq\system\CodeIgniter.php(312): CodeIgniter\CodeIgniter->handleRequest(NULL, Object(Config\Cache), false)
#5 C:\xampp\htdocs\tpq\public\index.php(45): CodeIgniter\CodeIgniter->run()
#6 C:\xampp\htdocs\tpq\system\Commands\Server\rewrite.php(34): require_once('C:\\xampp\\htdocs...')
#7 {main}
CRITICAL - 2020-10-15 11:07:16 --> date_format() expects parameter 1 to be DateTimeInterface, string given
#0 [internal function]: CodeIgniter\Debug\Exceptions->errorHandler(2, 'date_format() e...', 'C:\\xampp\\htdocs...', 81, Array)
#1 C:\xampp\htdocs\tpq\app\Views\printBisaroh.php(81): date_format('2018-02-20', 'd-m-Y')
#2 C:\xampp\htdocs\tpq\system\View\View.php(246): include('C:\\xampp\\htdocs...')
#3 C:\xampp\htdocs\tpq\system\Common.php(1119): CodeIgniter\View\View->render('printBisaroh', Array, true)
#4 C:\xampp\htdocs\tpq\app\Controllers\PrintBS.php(23): view('printBisaroh', Array)
#5 C:\xampp\htdocs\tpq\system\CodeIgniter.php(918): App\Controllers\PrintBS->index()
#6 C:\xampp\htdocs\tpq\system\CodeIgniter.php(404): CodeIgniter\CodeIgniter->runController(Object(App\Controllers\PrintBS))
#7 C:\xampp\htdocs\tpq\system\CodeIgniter.php(312): CodeIgniter\CodeIgniter->handleRequest(NULL, Object(Config\Cache), false)
#8 C:\xampp\htdocs\tpq\public\index.php(45): CodeIgniter\CodeIgniter->run()
#9 C:\xampp\htdocs\tpq\system\Commands\Server\rewrite.php(34): require_once('C:\\xampp\\htdocs...')
#10 {main}
CRITICAL - 2020-10-15 11:07:44 --> date_format() expects parameter 1 to be DateTimeInterface, string given
#0 [internal function]: CodeIgniter\Debug\Exceptions->errorHandler(2, 'date_format() e...', 'C:\\xampp\\htdocs...', 81, Array)
#1 C:\xampp\htdocs\tpq\app\Views\printBisaroh.php(81): date_format('2018-02-20', 'd-m-Y')
#2 C:\xampp\htdocs\tpq\system\View\View.php(246): include('C:\\xampp\\htdocs...')
#3 C:\xampp\htdocs\tpq\system\Common.php(1119): CodeIgniter\View\View->render('printBisaroh', Array, true)
#4 C:\xampp\htdocs\tpq\app\Controllers\PrintBS.php(23): view('printBisaroh', Array)
#5 C:\xampp\htdocs\tpq\system\CodeIgniter.php(918): App\Controllers\PrintBS->index()
#6 C:\xampp\htdocs\tpq\system\CodeIgniter.php(404): CodeIgniter\CodeIgniter->runController(Object(App\Controllers\PrintBS))
#7 C:\xampp\htdocs\tpq\system\CodeIgniter.php(312): CodeIgniter\CodeIgniter->handleRequest(NULL, Object(Config\Cache), false)
#8 C:\xampp\htdocs\tpq\public\index.php(45): CodeIgniter\CodeIgniter->run()
#9 C:\xampp\htdocs\tpq\system\Commands\Server\rewrite.php(34): require_once('C:\\xampp\\htdocs...')
#10 {main}
CRITICAL - 2020-10-15 11:21:31 --> Call to undefined function now()
#0 C:\xampp\htdocs\tpq\system\View\View.php(246): include()
#1 C:\xampp\htdocs\tpq\system\Common.php(1119): CodeIgniter\View\View->render('printBisaroh', Array, true)
#2 C:\xampp\htdocs\tpq\app\Controllers\PrintBS.php(23): view('printBisaroh', Array)
#3 C:\xampp\htdocs\tpq\system\CodeIgniter.php(918): App\Controllers\PrintBS->index()
#4 C:\xampp\htdocs\tpq\system\CodeIgniter.php(404): CodeIgniter\CodeIgniter->runController(Object(App\Controllers\PrintBS))
#5 C:\xampp\htdocs\tpq\system\CodeIgniter.php(312): CodeIgniter\CodeIgniter->handleRequest(NULL, Object(Config\Cache), false)
#6 C:\xampp\htdocs\tpq\public\index.php(45): CodeIgniter\CodeIgniter->run()
#7 C:\xampp\htdocs\tpq\system\Commands\Server\rewrite.php(34): require_once('C:\\xampp\\htdocs...')
#8 {main}
CRITICAL - 2020-10-15 11:21:38 --> date() expects at least 1 parameter, 0 given
#0 [internal function]: CodeIgniter\Debug\Exceptions->errorHandler(2, 'date() expects ...', 'C:\\xampp\\htdocs...', 67, Array)
#1 C:\xampp\htdocs\tpq\app\Views\printBisaroh.php(67): date()
#2 C:\xampp\htdocs\tpq\system\View\View.php(246): include('C:\\xampp\\htdocs...')
#3 C:\xampp\htdocs\tpq\system\Common.php(1119): CodeIgniter\View\View->render('printBisaroh', Array, true)
#4 C:\xampp\htdocs\tpq\app\Controllers\PrintBS.php(23): view('printBisaroh', Array)
#5 C:\xampp\htdocs\tpq\system\CodeIgniter.php(918): App\Controllers\PrintBS->index()
#6 C:\xampp\htdocs\tpq\system\CodeIgniter.php(404): CodeIgniter\CodeIgniter->runController(Object(App\Controllers\PrintBS))
#7 C:\xampp\htdocs\tpq\system\CodeIgniter.php(312): CodeIgniter\CodeIgniter->handleRequest(NULL, Object(Config\Cache), false)
#8 C:\xampp\htdocs\tpq\public\index.php(45): CodeIgniter\CodeIgniter->run()
#9 C:\xampp\htdocs\tpq\system\Commands\Server\rewrite.php(34): require_once('C:\\xampp\\htdocs...')
#10 {main}
CRITICAL - 2020-10-15 11:21:39 --> date() expects at least 1 parameter, 0 given
#0 [internal function]: CodeIgniter\Debug\Exceptions->errorHandler(2, 'date() expects ...', 'C:\\xampp\\htdocs...', 67, Array)
#1 C:\xampp\htdocs\tpq\app\Views\printBisaroh.php(67): date()
#2 C:\xampp\htdocs\tpq\system\View\View.php(246): include('C:\\xampp\\htdocs...')
#3 C:\xampp\htdocs\tpq\system\Common.php(1119): CodeIgniter\View\View->render('printBisaroh', Array, true)
#4 C:\xampp\htdocs\tpq\app\Controllers\PrintBS.php(23): view('printBisaroh', Array)
#5 C:\xampp\htdocs\tpq\system\CodeIgniter.php(918): App\Controllers\PrintBS->index()
#6 C:\xampp\htdocs\tpq\system\CodeIgniter.php(404): CodeIgniter\CodeIgniter->runController(Object(App\Controllers\PrintBS))
#7 C:\xampp\htdocs\tpq\system\CodeIgniter.php(312): CodeIgniter\CodeIgniter->handleRequest(NULL, Object(Config\Cache), false)
#8 C:\xampp\htdocs\tpq\public\index.php(45): CodeIgniter\CodeIgniter->run()
#9 C:\xampp\htdocs\tpq\system\Commands\Server\rewrite.php(34): require_once('C:\\xampp\\htdocs...')
#10 {main}
CRITICAL - 2020-10-15 11:21:46 --> Object of class DateTime could not be converted to string
#0 C:\xampp\htdocs\tpq\app\Views\printBisaroh.php(68): CodeIgniter\Debug\Exceptions->errorHandler(4096, 'Object of class...', 'C:\\xampp\\htdocs...', 68, Array)
#1 C:\xampp\htdocs\tpq\system\View\View.php(246): include('C:\\xampp\\htdocs...')
#2 C:\xampp\htdocs\tpq\system\Common.php(1119): CodeIgniter\View\View->render('printBisaroh', Array, true)
#3 C:\xampp\htdocs\tpq\app\Controllers\PrintBS.php(23): view('printBisaroh', Array)
#4 C:\xampp\htdocs\tpq\system\CodeIgniter.php(918): App\Controllers\PrintBS->index()
#5 C:\xampp\htdocs\tpq\system\CodeIgniter.php(404): CodeIgniter\CodeIgniter->runController(Object(App\Controllers\PrintBS))
#6 C:\xampp\htdocs\tpq\system\CodeIgniter.php(312): CodeIgniter\CodeIgniter->handleRequest(NULL, Object(Config\Cache), false)
#7 C:\xampp\htdocs\tpq\public\index.php(45): CodeIgniter\CodeIgniter->run()
#8 C:\xampp\htdocs\tpq\system\Commands\Server\rewrite.php(34): require_once('C:\\xampp\\htdocs...')
#9 {main}
CRITICAL - 2020-10-15 11:21:47 --> Object of class DateTime could not be converted to string
#0 C:\xampp\htdocs\tpq\app\Views\printBisaroh.php(68): CodeIgniter\Debug\Exceptions->errorHandler(4096, 'Object of class...', 'C:\\xampp\\htdocs...', 68, Array)
#1 C:\xampp\htdocs\tpq\system\View\View.php(246): include('C:\\xampp\\htdocs...')
#2 C:\xampp\htdocs\tpq\system\Common.php(1119): CodeIgniter\View\View->render('printBisaroh', Array, true)
#3 C:\xampp\htdocs\tpq\app\Controllers\PrintBS.php(23): view('printBisaroh', Array)
#4 C:\xampp\htdocs\tpq\system\CodeIgniter.php(918): App\Controllers\PrintBS->index()
#5 C:\xampp\htdocs\tpq\system\CodeIgniter.php(404): CodeIgniter\CodeIgniter->runController(Object(App\Controllers\PrintBS))
#6 C:\xampp\htdocs\tpq\system\CodeIgniter.php(312): CodeIgniter\CodeIgniter->handleRequest(NULL, Object(Config\Cache), false)
#7 C:\xampp\htdocs\tpq\public\index.php(45): CodeIgniter\CodeIgniter->run()
#8 C:\xampp\htdocs\tpq\system\Commands\Server\rewrite.php(34): require_once('C:\\xampp\\htdocs...')
#9 {main}
CRITICAL - 2020-10-15 11:23:09 --> A non well formed numeric value encountered
#0 C:\xampp\htdocs\tpq\app\Views\printBisaroh.php(68): CodeIgniter\Debug\Exceptions->errorHandler(8, 'A non well form...', 'C:\\xampp\\htdocs...', 68, Array)
#1 C:\xampp\htdocs\tpq\system\View\View.php(246): include('C:\\xampp\\htdocs...')
#2 C:\xampp\htdocs\tpq\system\Common.php(1119): CodeIgniter\View\View->render('printBisaroh', Array, true)
#3 C:\xampp\htdocs\tpq\app\Controllers\PrintBS.php(23): view('printBisaroh', Array)
#4 C:\xampp\htdocs\tpq\system\CodeIgniter.php(918): App\Controllers\PrintBS->index()
#5 C:\xampp\htdocs\tpq\system\CodeIgniter.php(404): CodeIgniter\CodeIgniter->runController(Object(App\Controllers\PrintBS))
#6 C:\xampp\htdocs\tpq\system\CodeIgniter.php(312): CodeIgniter\CodeIgniter->handleRequest(NULL, Object(Config\Cache), false)
#7 C:\xampp\htdocs\tpq\public\index.php(45): CodeIgniter\CodeIgniter->run()
#8 C:\xampp\htdocs\tpq\system\Commands\Server\rewrite.php(34): require_once('C:\\xampp\\htdocs...')
#9 {main}
CRITICAL - 2020-10-15 13:35:56 --> date_diff() expects parameter 1 to be DateTimeInterface, string given
#0 [internal function]: CodeIgniter\Debug\Exceptions->errorHandler(2, 'date_diff() exp...', 'C:\\xampp\\htdocs...', 68, Array)
#1 C:\xampp\htdocs\tpq\app\Views\printBisaroh.php(68): date_diff('2020-10-15', Object(DateTime))
#2 C:\xampp\htdocs\tpq\system\View\View.php(246): include('C:\\xampp\\htdocs...')
#3 C:\xampp\htdocs\tpq\system\Common.php(1119): CodeIgniter\View\View->render('printBisaroh', Array, true)
#4 C:\xampp\htdocs\tpq\app\Controllers\PrintBS.php(23): view('printBisaroh', Array)
#5 C:\xampp\htdocs\tpq\system\CodeIgniter.php(918): App\Controllers\PrintBS->index()
#6 C:\xampp\htdocs\tpq\system\CodeIgniter.php(404): CodeIgniter\CodeIgniter->runController(Object(App\Controllers\PrintBS))
#7 C:\xampp\htdocs\tpq\system\CodeIgniter.php(312): CodeIgniter\CodeIgniter->handleRequest(NULL, Object(Config\Cache), false)
#8 C:\xampp\htdocs\tpq\public\index.php(45): CodeIgniter\CodeIgniter->run()
#9 C:\xampp\htdocs\tpq\system\Commands\Server\rewrite.php(34): require_once('C:\\xampp\\htdocs...')
#10 {main}
CRITICAL - 2020-10-15 13:50:58 --> syntax error, unexpected 'private' (T_PRIVATE), expecting end of file
#0 C:\xampp\htdocs\tpq\system\Common.php(1119): CodeIgniter\View\View->render('printBisaroh', Array, true)
#1 C:\xampp\htdocs\tpq\app\Controllers\PrintBS.php(23): view('printBisaroh', Array)
#2 C:\xampp\htdocs\tpq\system\CodeIgniter.php(918): App\Controllers\PrintBS->index()
#3 C:\xampp\htdocs\tpq\system\CodeIgniter.php(404): CodeIgniter\CodeIgniter->runController(Object(App\Controllers\PrintBS))
#4 C:\xampp\htdocs\tpq\system\CodeIgniter.php(312): CodeIgniter\CodeIgniter->handleRequest(NULL, Object(Config\Cache), false)
#5 C:\xampp\htdocs\tpq\public\index.php(45): CodeIgniter\CodeIgniter->run()
#6 C:\xampp\htdocs\tpq\system\Commands\Server\rewrite.php(34): require_once('C:\\xampp\\htdocs...')
#7 {main}
CRITICAL - 2020-10-15 13:51:09 --> Undefined variable: absenShiftPagi
#0 C:\xampp\htdocs\tpq\app\Views\printBisaroh.php(62): CodeIgniter\Debug\Exceptions->errorHandler(8, 'Undefined varia...', 'C:\\xampp\\htdocs...', 62, Array)
#1 C:\xampp\htdocs\tpq\app\Views\printBisaroh.php(82): countShift('07:10:30')
#2 C:\xampp\htdocs\tpq\system\View\View.php(246): include('C:\\xampp\\htdocs...')
#3 C:\xampp\htdocs\tpq\system\Common.php(1119): CodeIgniter\View\View->render('printBisaroh', Array, true)
#4 C:\xampp\htdocs\tpq\app\Controllers\PrintBS.php(23): view('printBisaroh', Array)
#5 C:\xampp\htdocs\tpq\system\CodeIgniter.php(918): App\Controllers\PrintBS->index()
#6 C:\xampp\htdocs\tpq\system\CodeIgniter.php(404): CodeIgniter\CodeIgniter->runController(Object(App\Controllers\PrintBS))
#7 C:\xampp\htdocs\tpq\system\CodeIgniter.php(312): CodeIgniter\CodeIgniter->handleRequest(NULL, Object(Config\Cache), false)
#8 C:\xampp\htdocs\tpq\public\index.php(45): CodeIgniter\CodeIgniter->run()
#9 C:\xampp\htdocs\tpq\system\Commands\Server\rewrite.php(34): require_once('C:\\xampp\\htdocs...')
#10 {main}
CRITICAL - 2020-10-15 13:51:18 --> Undefined variable: sakit
#0 C:\xampp\htdocs\tpq\app\Views\printBisaroh.php(70): CodeIgniter\Debug\Exceptions->errorHandler(8, 'Undefined varia...', 'C:\\xampp\\htdocs...', 70, Array)
#1 C:\xampp\htdocs\tpq\app\Views\printBisaroh.php(82): countShift('Sakit')
#2 C:\xampp\htdocs\tpq\system\View\View.php(246): include('C:\\xampp\\htdocs...')
#3 C:\xampp\htdocs\tpq\system\Common.php(1119): CodeIgniter\View\View->render('printBisaroh', Array, true)
#4 C:\xampp\htdocs\tpq\app\Controllers\PrintBS.php(23): view('printBisaroh', Array)
#5 C:\xampp\htdocs\tpq\system\CodeIgniter.php(918): App\Controllers\PrintBS->index()
#6 C:\xampp\htdocs\tpq\system\CodeIgniter.php(404): CodeIgniter\CodeIgniter->runController(Object(App\Controllers\PrintBS))
#7 C:\xampp\htdocs\tpq\system\CodeIgniter.php(312): CodeIgniter\CodeIgniter->handleRequest(NULL, Object(Config\Cache), false)
#8 C:\xampp\htdocs\tpq\public\index.php(45): CodeIgniter\CodeIgniter->run()
#9 C:\xampp\htdocs\tpq\system\Commands\Server\rewrite.php(34): require_once('C:\\xampp\\htdocs...')
#10 {main}
CRITICAL - 2020-10-15 13:51:32 --> Undefined variable: sakit
#0 C:\xampp\htdocs\tpq\app\Views\printBisaroh.php(70): CodeIgniter\Debug\Exceptions->errorHandler(8, 'Undefined varia...', 'C:\\xampp\\htdocs...', 70, Array)
#1 C:\xampp\htdocs\tpq\app\Views\printBisaroh.php(82): countShift('Sakit')
#2 C:\xampp\htdocs\tpq\system\View\View.php(246): include('C:\\xampp\\htdocs...')
#3 C:\xampp\htdocs\tpq\system\Common.php(1119): CodeIgniter\View\View->render('printBisaroh', Array, true)
#4 C:\xampp\htdocs\tpq\app\Controllers\PrintBS.php(23): view('printBisaroh', Array)
#5 C:\xampp\htdocs\tpq\system\CodeIgniter.php(918): App\Controllers\PrintBS->index()
#6 C:\xampp\htdocs\tpq\system\CodeIgniter.php(404): CodeIgniter\CodeIgniter->runController(Object(App\Controllers\PrintBS))
#7 C:\xampp\htdocs\tpq\system\CodeIgniter.php(312): CodeIgniter\CodeIgniter->handleRequest(NULL, Object(Config\Cache), false)
#8 C:\xampp\htdocs\tpq\public\index.php(45): CodeIgniter\CodeIgniter->run()
#9 C:\xampp\htdocs\tpq\system\Commands\Server\rewrite.php(34): require_once('C:\\xampp\\htdocs...')
#10 {main}
CRITICAL - 2020-10-15 13:52:06 --> Undefined variable: sakit
#0 C:\xampp\htdocs\tpq\app\Views\printBisaroh.php(70): CodeIgniter\Debug\Exceptions->errorHandler(8, 'Undefined varia...', 'C:\\xampp\\htdocs...', 70, Array)
#1 C:\xampp\htdocs\tpq\app\Views\printBisaroh.php(82): countShift('Sakit')
#2 C:\xampp\htdocs\tpq\system\View\View.php(246): include('C:\\xampp\\htdocs...')
#3 C:\xampp\htdocs\tpq\system\Common.php(1119): CodeIgniter\View\View->render('printBisaroh', Array, true)
#4 C:\xampp\htdocs\tpq\app\Controllers\PrintBS.php(23): view('printBisaroh', Array)
#5 C:\xampp\htdocs\tpq\system\CodeIgniter.php(918): App\Controllers\PrintBS->index()
#6 C:\xampp\htdocs\tpq\system\CodeIgniter.php(404): CodeIgniter\CodeIgniter->runController(Object(App\Controllers\PrintBS))
#7 C:\xampp\htdocs\tpq\system\CodeIgniter.php(312): CodeIgniter\CodeIgniter->handleRequest(NULL, Object(Config\Cache), false)
#8 C:\xampp\htdocs\tpq\public\index.php(45): CodeIgniter\CodeIgniter->run()
#9 C:\xampp\htdocs\tpq\system\Commands\Server\rewrite.php(34): require_once('C:\\xampp\\htdocs...')
#10 {main}
CRITICAL - 2020-10-15 13:52:07 --> Undefined variable: sakit
#0 C:\xampp\htdocs\tpq\app\Views\printBisaroh.php(70): CodeIgniter\Debug\Exceptions->errorHandler(8, 'Undefined varia...', 'C:\\xampp\\htdocs...', 70, Array)
#1 C:\xampp\htdocs\tpq\app\Views\printBisaroh.php(82): countShift('Sakit')
#2 C:\xampp\htdocs\tpq\system\View\View.php(246): include('C:\\xampp\\htdocs...')
#3 C:\xampp\htdocs\tpq\system\Common.php(1119): CodeIgniter\View\View->render('printBisaroh', Array, true)
#4 C:\xampp\htdocs\tpq\app\Controllers\PrintBS.php(23): view('printBisaroh', Array)
#5 C:\xampp\htdocs\tpq\system\CodeIgniter.php(918): App\Controllers\PrintBS->index()
#6 C:\xampp\htdocs\tpq\system\CodeIgniter.php(404): CodeIgniter\CodeIgniter->runController(Object(App\Controllers\PrintBS))
#7 C:\xampp\htdocs\tpq\system\CodeIgniter.php(312): CodeIgniter\CodeIgniter->handleRequest(NULL, Object(Config\Cache), false)
#8 C:\xampp\htdocs\tpq\public\index.php(45): CodeIgniter\CodeIgniter->run()
#9 C:\xampp\htdocs\tpq\system\Commands\Server\rewrite.php(34): require_once('C:\\xampp\\htdocs...')
#10 {main}
CRITICAL - 2020-10-15 13:56:50 --> Undefined variable: sakit
#0 C:\xampp\htdocs\tpq\app\Views\printBisaroh.php(70): CodeIgniter\Debug\Exceptions->errorHandler(8, 'Undefined varia...', 'C:\\xampp\\htdocs...', 70, Array)
#1 C:\xampp\htdocs\tpq\app\Views\printBisaroh.php(82): countShift('Sakit')
#2 C:\xampp\htdocs\tpq\system\View\View.php(246): include('C:\\xampp\\htdocs...')
#3 C:\xampp\htdocs\tpq\system\Common.php(1119): CodeIgniter\View\View->render('printBisaroh', Array, true)
#4 C:\xampp\htdocs\tpq\app\Controllers\PrintBS.php(23): view('printBisaroh', Array)
#5 C:\xampp\htdocs\tpq\system\CodeIgniter.php(918): App\Controllers\PrintBS->index()
#6 C:\xampp\htdocs\tpq\system\CodeIgniter.php(404): CodeIgniter\CodeIgniter->runController(Object(App\Controllers\PrintBS))
#7 C:\xampp\htdocs\tpq\system\CodeIgniter.php(312): CodeIgniter\CodeIgniter->handleRequest(NULL, Object(Config\Cache), false)
#8 C:\xampp\htdocs\tpq\public\index.php(45): CodeIgniter\CodeIgniter->run()
#9 C:\xampp\htdocs\tpq\system\Commands\Server\rewrite.php(34): require_once('C:\\xampp\\htdocs...')
#10 {main}
CRITICAL - 2020-10-15 13:57:39 --> Undefined variable: sakit
#0 C:\xampp\htdocs\tpq\app\Views\printBisaroh.php(71): CodeIgniter\Debug\Exceptions->errorHandler(8, 'Undefined varia...', 'C:\\xampp\\htdocs...', 71, Array)
#1 C:\xampp\htdocs\tpq\app\Views\printBisaroh.php(83): countShift('Sakit')
#2 C:\xampp\htdocs\tpq\system\View\View.php(246): include('C:\\xampp\\htdocs...')
#3 C:\xampp\htdocs\tpq\system\Common.php(1119): CodeIgniter\View\View->render('printBisaroh', Array, true)
#4 C:\xampp\htdocs\tpq\app\Controllers\PrintBS.php(23): view('printBisaroh', Array)
#5 C:\xampp\htdocs\tpq\system\CodeIgniter.php(918): App\Controllers\PrintBS->index()
#6 C:\xampp\htdocs\tpq\system\CodeIgniter.php(404): CodeIgniter\CodeIgniter->runController(Object(App\Controllers\PrintBS))
#7 C:\xampp\htdocs\tpq\system\CodeIgniter.php(312): CodeIgniter\CodeIgniter->handleRequest(NULL, Object(Config\Cache), false)
#8 C:\xampp\htdocs\tpq\public\index.php(45): CodeIgniter\CodeIgniter->run()
#9 C:\xampp\htdocs\tpq\system\Commands\Server\rewrite.php(34): require_once('C:\\xampp\\htdocs...')
#10 {main}
CRITICAL - 2020-10-15 13:57:40 --> Undefined variable: sakit
#0 C:\xampp\htdocs\tpq\app\Views\printBisaroh.php(71): CodeIgniter\Debug\Exceptions->errorHandler(8, 'Undefined varia...', 'C:\\xampp\\htdocs...', 71, Array)
#1 C:\xampp\htdocs\tpq\app\Views\printBisaroh.php(83): countShift('Sakit')
#2 C:\xampp\htdocs\tpq\system\View\View.php(246): include('C:\\xampp\\htdocs...')
#3 C:\xampp\htdocs\tpq\system\Common.php(1119): CodeIgniter\View\View->render('printBisaroh', Array, true)
#4 C:\xampp\htdocs\tpq\app\Controllers\PrintBS.php(23): view('printBisaroh', Array)
#5 C:\xampp\htdocs\tpq\system\CodeIgniter.php(918): App\Controllers\PrintBS->index()
#6 C:\xampp\htdocs\tpq\system\CodeIgniter.php(404): CodeIgniter\CodeIgniter->runController(Object(App\Controllers\PrintBS))
#7 C:\xampp\htdocs\tpq\system\CodeIgniter.php(312): CodeIgniter\CodeIgniter->handleRequest(NULL, Object(Config\Cache), false)
#8 C:\xampp\htdocs\tpq\public\index.php(45): CodeIgniter\CodeIgniter->run()
#9 C:\xampp\htdocs\tpq\system\Commands\Server\rewrite.php(34): require_once('C:\\xampp\\htdocs...')
#10 {main}
CRITICAL - 2020-10-15 13:59:07 --> Undefined variable: total_sakit
#0 C:\xampp\htdocs\tpq\app\Views\printBisaroh.php(66): CodeIgniter\Debug\Exceptions->errorHandler(8, 'Undefined varia...', 'C:\\xampp\\htdocs...', 66, Array)
#1 C:\xampp\htdocs\tpq\app\Views\printBisaroh.php(83): countShift('Sakit')
#2 C:\xampp\htdocs\tpq\system\View\View.php(246): include('C:\\xampp\\htdocs...')
#3 C:\xampp\htdocs\tpq\system\Common.php(1119): CodeIgniter\View\View->render('printBisaroh', Array, true)
#4 C:\xampp\htdocs\tpq\app\Controllers\PrintBS.php(23): view('printBisaroh', Array)
#5 C:\xampp\htdocs\tpq\system\CodeIgniter.php(918): App\Controllers\PrintBS->index()
#6 C:\xampp\htdocs\tpq\system\CodeIgniter.php(404): CodeIgniter\CodeIgniter->runController(Object(App\Controllers\PrintBS))
#7 C:\xampp\htdocs\tpq\system\CodeIgniter.php(312): CodeIgniter\CodeIgniter->handleRequest(NULL, Object(Config\Cache), false)
#8 C:\xampp\htdocs\tpq\public\index.php(45): CodeIgniter\CodeIgniter->run()
#9 C:\xampp\htdocs\tpq\system\Commands\Server\rewrite.php(34): require_once('C:\\xampp\\htdocs...')
#10 {main}
CRITICAL - 2020-10-15 13:59:23 --> Undefined variable: sakit
#0 C:\xampp\htdocs\tpq\app\Views\printBisaroh.php(131): CodeIgniter\Debug\Exceptions->errorHandler(8, 'Undefined varia...', 'C:\\xampp\\htdocs...', 131, Array)
#1 C:\xampp\htdocs\tpq\system\View\View.php(246): include('C:\\xampp\\htdocs...')
#2 C:\xampp\htdocs\tpq\system\Common.php(1119): CodeIgniter\View\View->render('printBisaroh', Array, true)
#3 C:\xampp\htdocs\tpq\app\Controllers\PrintBS.php(23): view('printBisaroh', Array)
#4 C:\xampp\htdocs\tpq\system\CodeIgniter.php(918): App\Controllers\PrintBS->index()
#5 C:\xampp\htdocs\tpq\system\CodeIgniter.php(404): CodeIgniter\CodeIgniter->runController(Object(App\Controllers\PrintBS))
#6 C:\xampp\htdocs\tpq\system\CodeIgniter.php(312): CodeIgniter\CodeIgniter->handleRequest(NULL, Object(Config\Cache), false)
#7 C:\xampp\htdocs\tpq\public\index.php(45): CodeIgniter\CodeIgniter->run()
#8 C:\xampp\htdocs\tpq\system\Commands\Server\rewrite.php(34): require_once('C:\\xampp\\htdocs...')
#9 {main}
CRITICAL - 2020-10-15 13:59:47 --> Undefined variable: sakit
#0 C:\xampp\htdocs\tpq\app\Views\printBisaroh.php(66): CodeIgniter\Debug\Exceptions->errorHandler(8, 'Undefined varia...', 'C:\\xampp\\htdocs...', 66, Array)
#1 C:\xampp\htdocs\tpq\app\Views\printBisaroh.php(83): countShift('Sakit')
#2 C:\xampp\htdocs\tpq\system\View\View.php(246): include('C:\\xampp\\htdocs...')
#3 C:\xampp\htdocs\tpq\system\Common.php(1119): CodeIgniter\View\View->render('printBisaroh', Array, true)
#4 C:\xampp\htdocs\tpq\app\Controllers\PrintBS.php(23): view('printBisaroh', Array)
#5 C:\xampp\htdocs\tpq\system\CodeIgniter.php(918): App\Controllers\PrintBS->index()
#6 C:\xampp\htdocs\tpq\system\CodeIgniter.php(404): CodeIgniter\CodeIgniter->runController(Object(App\Controllers\PrintBS))
#7 C:\xampp\htdocs\tpq\system\CodeIgniter.php(312): CodeIgniter\CodeIgniter->handleRequest(NULL, Object(Config\Cache), false)
#8 C:\xampp\htdocs\tpq\public\index.php(45): CodeIgniter\CodeIgniter->run()
#9 C:\xampp\htdocs\tpq\system\Commands\Server\rewrite.php(34): require_once('C:\\xampp\\htdocs...')
#10 {main}
CRITICAL - 2020-10-15 14:01:22 --> Undefined variable: sakit
#0 C:\xampp\htdocs\tpq\app\Views\printBisaroh.php(68): CodeIgniter\Debug\Exceptions->errorHandler(8, 'Undefined varia...', 'C:\\xampp\\htdocs...', 68, Array)
#1 C:\xampp\htdocs\tpq\app\Views\printBisaroh.php(85): countShift('Sakit')
#2 C:\xampp\htdocs\tpq\system\View\View.php(246): include('C:\\xampp\\htdocs...')
#3 C:\xampp\htdocs\tpq\system\Common.php(1119): CodeIgniter\View\View->render('printBisaroh', Array, true)
#4 C:\xampp\htdocs\tpq\app\Controllers\PrintBS.php(23): view('printBisaroh', Array)
#5 C:\xampp\htdocs\tpq\system\CodeIgniter.php(918): App\Controllers\PrintBS->index()
#6 C:\xampp\htdocs\tpq\system\CodeIgniter.php(404): CodeIgniter\CodeIgniter->runController(Object(App\Controllers\PrintBS))
#7 C:\xampp\htdocs\tpq\system\CodeIgniter.php(312): CodeIgniter\CodeIgniter->handleRequest(NULL, Object(Config\Cache), false)
#8 C:\xampp\htdocs\tpq\public\index.php(45): CodeIgniter\CodeIgniter->run()
#9 C:\xampp\htdocs\tpq\system\Commands\Server\rewrite.php(34): require_once('C:\\xampp\\htdocs...')
#10 {main}
CRITICAL - 2020-10-15 14:02:42 --> Undefined variable: sakit
#0 C:\xampp\htdocs\tpq\app\Views\printBisaroh.php(66): CodeIgniter\Debug\Exceptions->errorHandler(8, 'Undefined varia...', 'C:\\xampp\\htdocs...', 66, Array)
#1 C:\xampp\htdocs\tpq\app\Views\printBisaroh.php(83): countShift('Sakit')
#2 C:\xampp\htdocs\tpq\system\View\View.php(246): include('C:\\xampp\\htdocs...')
#3 C:\xampp\htdocs\tpq\system\Common.php(1119): CodeIgniter\View\View->render('printBisaroh', Array, true)
#4 C:\xampp\htdocs\tpq\app\Controllers\PrintBS.php(23): view('printBisaroh', Array)
#5 C:\xampp\htdocs\tpq\system\CodeIgniter.php(918): App\Controllers\PrintBS->index()
#6 C:\xampp\htdocs\tpq\system\CodeIgniter.php(404): CodeIgniter\CodeIgniter->runController(Object(App\Controllers\PrintBS))
#7 C:\xampp\htdocs\tpq\system\CodeIgniter.php(312): CodeIgniter\CodeIgniter->handleRequest(NULL, Object(Config\Cache), false)
#8 C:\xampp\htdocs\tpq\public\index.php(45): CodeIgniter\CodeIgniter->run()
#9 C:\xampp\htdocs\tpq\system\Commands\Server\rewrite.php(34): require_once('C:\\xampp\\htdocs...')
#10 {main}
CRITICAL - 2020-10-15 14:02:43 --> Undefined variable: sakit
#0 C:\xampp\htdocs\tpq\app\Views\printBisaroh.php(66): CodeIgniter\Debug\Exceptions->errorHandler(8, 'Undefined varia...', 'C:\\xampp\\htdocs...', 66, Array)
#1 C:\xampp\htdocs\tpq\app\Views\printBisaroh.php(83): countShift('Sakit')
#2 C:\xampp\htdocs\tpq\system\View\View.php(246): include('C:\\xampp\\htdocs...')
#3 C:\xampp\htdocs\tpq\system\Common.php(1119): CodeIgniter\View\View->render('printBisaroh', Array, true)
#4 C:\xampp\htdocs\tpq\app\Controllers\PrintBS.php(23): view('printBisaroh', Array)
#5 C:\xampp\htdocs\tpq\system\CodeIgniter.php(918): App\Controllers\PrintBS->index()
#6 C:\xampp\htdocs\tpq\system\CodeIgniter.php(404): CodeIgniter\CodeIgniter->runController(Object(App\Controllers\PrintBS))
#7 C:\xampp\htdocs\tpq\system\CodeIgniter.php(312): CodeIgniter\CodeIgniter->handleRequest(NULL, Object(Config\Cache), false)
#8 C:\xampp\htdocs\tpq\public\index.php(45): CodeIgniter\CodeIgniter->run()
#9 C:\xampp\htdocs\tpq\system\Commands\Server\rewrite.php(34): require_once('C:\\xampp\\htdocs...')
#10 {main}
CRITICAL - 2020-10-15 14:02:43 --> Undefined variable: sakit
#0 C:\xampp\htdocs\tpq\app\Views\printBisaroh.php(66): CodeIgniter\Debug\Exceptions->errorHandler(8, 'Undefined varia...', 'C:\\xampp\\htdocs...', 66, Array)
#1 C:\xampp\htdocs\tpq\app\Views\printBisaroh.php(83): countShift('Sakit')
#2 C:\xampp\htdocs\tpq\system\View\View.php(246): include('C:\\xampp\\htdocs...')
#3 C:\xampp\htdocs\tpq\system\Common.php(1119): CodeIgniter\View\View->render('printBisaroh', Array, true)
#4 C:\xampp\htdocs\tpq\app\Controllers\PrintBS.php(23): view('printBisaroh', Array)
#5 C:\xampp\htdocs\tpq\system\CodeIgniter.php(918): App\Controllers\PrintBS->index()
#6 C:\xampp\htdocs\tpq\system\CodeIgniter.php(404): CodeIgniter\CodeIgniter->runController(Object(App\Controllers\PrintBS))
#7 C:\xampp\htdocs\tpq\system\CodeIgniter.php(312): CodeIgniter\CodeIgniter->handleRequest(NULL, Object(Config\Cache), false)
#8 C:\xampp\htdocs\tpq\public\index.php(45): CodeIgniter\CodeIgniter->run()
#9 C:\xampp\htdocs\tpq\system\Commands\Server\rewrite.php(34): require_once('C:\\xampp\\htdocs...')
#10 {main}
CRITICAL - 2020-10-15 14:02:44 --> Undefined variable: sakit
#0 C:\xampp\htdocs\tpq\app\Views\printBisaroh.php(66): CodeIgniter\Debug\Exceptions->errorHandler(8, 'Undefined varia...', 'C:\\xampp\\htdocs...', 66, Array)
#1 C:\xampp\htdocs\tpq\app\Views\printBisaroh.php(83): countShift('Sakit')
#2 C:\xampp\htdocs\tpq\system\View\View.php(246): include('C:\\xampp\\htdocs...')
#3 C:\xampp\htdocs\tpq\system\Common.php(1119): CodeIgniter\View\View->render('printBisaroh', Array, true)
#4 C:\xampp\htdocs\tpq\app\Controllers\PrintBS.php(23): view('printBisaroh', Array)
#5 C:\xampp\htdocs\tpq\system\CodeIgniter.php(918): App\Controllers\PrintBS->index()
#6 C:\xampp\htdocs\tpq\system\CodeIgniter.php(404): CodeIgniter\CodeIgniter->runController(Object(App\Controllers\PrintBS))
#7 C:\xampp\htdocs\tpq\system\CodeIgniter.php(312): CodeIgniter\CodeIgniter->handleRequest(NULL, Object(Config\Cache), false)
#8 C:\xampp\htdocs\tpq\public\index.php(45): CodeIgniter\CodeIgniter->run()
#9 C:\xampp\htdocs\tpq\system\Commands\Server\rewrite.php(34): require_once('C:\\xampp\\htdocs...')
#10 {main}
CRITICAL - 2020-10-15 14:02:44 --> Undefined variable: sakit
#0 C:\xampp\htdocs\tpq\app\Views\printBisaroh.php(66): CodeIgniter\Debug\Exceptions->errorHandler(8, 'Undefined varia...', 'C:\\xampp\\htdocs...', 66, Array)
#1 C:\xampp\htdocs\tpq\app\Views\printBisaroh.php(83): countShift('Sakit')
#2 C:\xampp\htdocs\tpq\system\View\View.php(246): include('C:\\xampp\\htdocs...')
#3 C:\xampp\htdocs\tpq\system\Common.php(1119): CodeIgniter\View\View->render('printBisaroh', Array, true)
#4 C:\xampp\htdocs\tpq\app\Controllers\PrintBS.php(23): view('printBisaroh', Array)
#5 C:\xampp\htdocs\tpq\system\CodeIgniter.php(918): App\Controllers\PrintBS->index()
#6 C:\xampp\htdocs\tpq\system\CodeIgniter.php(404): CodeIgniter\CodeIgniter->runController(Object(App\Controllers\PrintBS))
#7 C:\xampp\htdocs\tpq\system\CodeIgniter.php(312): CodeIgniter\CodeIgniter->handleRequest(NULL, Object(Config\Cache), false)
#8 C:\xampp\htdocs\tpq\public\index.php(45): CodeIgniter\CodeIgniter->run()
#9 C:\xampp\htdocs\tpq\system\Commands\Server\rewrite.php(34): require_once('C:\\xampp\\htdocs...')
#10 {main}
CRITICAL - 2020-10-15 14:02:44 --> Undefined variable: sakit
#0 C:\xampp\htdocs\tpq\app\Views\printBisaroh.php(66): CodeIgniter\Debug\Exceptions->errorHandler(8, 'Undefined varia...', 'C:\\xampp\\htdocs...', 66, Array)
#1 C:\xampp\htdocs\tpq\app\Views\printBisaroh.php(83): countShift('Sakit')
#2 C:\xampp\htdocs\tpq\system\View\View.php(246): include('C:\\xampp\\htdocs...')
#3 C:\xampp\htdocs\tpq\system\Common.php(1119): CodeIgniter\View\View->render('printBisaroh', Array, true)
#4 C:\xampp\htdocs\tpq\app\Controllers\PrintBS.php(23): view('printBisaroh', Array)
#5 C:\xampp\htdocs\tpq\system\CodeIgniter.php(918): App\Controllers\PrintBS->index()
#6 C:\xampp\htdocs\tpq\system\CodeIgniter.php(404): CodeIgniter\CodeIgniter->runController(Object(App\Controllers\PrintBS))
#7 C:\xampp\htdocs\tpq\system\CodeIgniter.php(312): CodeIgniter\CodeIgniter->handleRequest(NULL, Object(Config\Cache), false)
#8 C:\xampp\htdocs\tpq\public\index.php(45): CodeIgniter\CodeIgniter->run()
#9 C:\xampp\htdocs\tpq\system\Commands\Server\rewrite.php(34): require_once('C:\\xampp\\htdocs...')
#10 {main}
CRITICAL - 2020-10-15 14:03:26 --> Undefined variable: sakit
#0 C:\xampp\htdocs\tpq\app\Views\printBisaroh.php(66): CodeIgniter\Debug\Exceptions->errorHandler(8, 'Undefined varia...', 'C:\\xampp\\htdocs...', 66, Array)
#1 C:\xampp\htdocs\tpq\app\Views\printBisaroh.php(82): countShift('Sakit')
#2 C:\xampp\htdocs\tpq\system\View\View.php(246): include('C:\\xampp\\htdocs...')
#3 C:\xampp\htdocs\tpq\system\Common.php(1119): CodeIgniter\View\View->render('printBisaroh', Array, true)
#4 C:\xampp\htdocs\tpq\app\Controllers\PrintBS.php(23): view('printBisaroh', Array)
#5 C:\xampp\htdocs\tpq\system\CodeIgniter.php(918): App\Controllers\PrintBS->index()
#6 C:\xampp\htdocs\tpq\system\CodeIgniter.php(404): CodeIgniter\CodeIgniter->runController(Object(App\Controllers\PrintBS))
#7 C:\xampp\htdocs\tpq\system\CodeIgniter.php(312): CodeIgniter\CodeIgniter->handleRequest(NULL, Object(Config\Cache), false)
#8 C:\xampp\htdocs\tpq\public\index.php(45): CodeIgniter\CodeIgniter->run()
#9 C:\xampp\htdocs\tpq\system\Commands\Server\rewrite.php(34): require_once('C:\\xampp\\htdocs...')
#10 {main}
CRITICAL - 2020-10-15 14:03:35 --> Undefined variable: izin
#0 C:\xampp\htdocs\tpq\app\Views\printBisaroh.php(61): CodeIgniter\Debug\Exceptions->errorHandler(8, 'Undefined varia...', 'C:\\xampp\\htdocs...', 61, Array)
#1 C:\xampp\htdocs\tpq\app\Views\printBisaroh.php(83): countShift('izin (ke luar k...')
#2 C:\xampp\htdocs\tpq\system\View\View.php(246): include('C:\\xampp\\htdocs...')
#3 C:\xampp\htdocs\tpq\system\Common.php(1119): CodeIgniter\View\View->render('printBisaroh', Array, true)
#4 C:\xampp\htdocs\tpq\app\Controllers\PrintBS.php(23): view('printBisaroh', Array)
#5 C:\xampp\htdocs\tpq\system\CodeIgniter.php(918): App\Controllers\PrintBS->index()
#6 C:\xampp\htdocs\tpq\system\CodeIgniter.php(404): CodeIgniter\CodeIgniter->runController(Object(App\Controllers\PrintBS))
#7 C:\xampp\htdocs\tpq\system\CodeIgniter.php(312): CodeIgniter\CodeIgniter->handleRequest(NULL, Object(Config\Cache), false)
#8 C:\xampp\htdocs\tpq\public\index.php(45): CodeIgniter\CodeIgniter->run()
#9 C:\xampp\htdocs\tpq\system\Commands\Server\rewrite.php(34): require_once('C:\\xampp\\htdocs...')
#10 {main}
CRITICAL - 2020-10-15 14:05:00 --> Undefined variable: izin
#0 C:\xampp\htdocs\tpq\app\Views\printBisaroh.php(83): CodeIgniter\Debug\Exceptions->errorHandler(8, 'Undefined varia...', 'C:\\xampp\\htdocs...', 83, Array)
#1 C:\xampp\htdocs\tpq\app\Views\printBisaroh.php(67): countShift('izin (ke luar k...')
#2 C:\xampp\htdocs\tpq\system\View\View.php(246): include('C:\\xampp\\htdocs...')
#3 C:\xampp\htdocs\tpq\system\Common.php(1119): CodeIgniter\View\View->render('printBisaroh', Array, true)
#4 C:\xampp\htdocs\tpq\app\Controllers\PrintBS.php(23): view('printBisaroh', Array)
#5 C:\xampp\htdocs\tpq\system\CodeIgniter.php(918): App\Controllers\PrintBS->index()
#6 C:\xampp\htdocs\tpq\system\CodeIgniter.php(404): CodeIgniter\CodeIgniter->runController(Object(App\Controllers\PrintBS))
#7 C:\xampp\htdocs\tpq\system\CodeIgniter.php(312): CodeIgniter\CodeIgniter->handleRequest(NULL, Object(Config\Cache), false)
#8 C:\xampp\htdocs\tpq\public\index.php(45): CodeIgniter\CodeIgniter->run()
#9 C:\xampp\htdocs\tpq\system\Commands\Server\rewrite.php(34): require_once('C:\\xampp\\htdocs...')
#10 {main}
CRITICAL - 2020-10-15 14:05:01 --> Undefined variable: izin
#0 C:\xampp\htdocs\tpq\app\Views\printBisaroh.php(83): CodeIgniter\Debug\Exceptions->errorHandler(8, 'Undefined varia...', 'C:\\xampp\\htdocs...', 83, Array)
#1 C:\xampp\htdocs\tpq\app\Views\printBisaroh.php(67): countShift('izin (ke luar k...')
#2 C:\xampp\htdocs\tpq\system\View\View.php(246): include('C:\\xampp\\htdocs...')
#3 C:\xampp\htdocs\tpq\system\Common.php(1119): CodeIgniter\View\View->render('printBisaroh', Array, true)
#4 C:\xampp\htdocs\tpq\app\Controllers\PrintBS.php(23): view('printBisaroh', Array)
#5 C:\xampp\htdocs\tpq\system\CodeIgniter.php(918): App\Controllers\PrintBS->index()
#6 C:\xampp\htdocs\tpq\system\CodeIgniter.php(404): CodeIgniter\CodeIgniter->runController(Object(App\Controllers\PrintBS))
#7 C:\xampp\htdocs\tpq\system\CodeIgniter.php(312): CodeIgniter\CodeIgniter->handleRequest(NULL, Object(Config\Cache), false)
#8 C:\xampp\htdocs\tpq\public\index.php(45): CodeIgniter\CodeIgniter->run()
#9 C:\xampp\htdocs\tpq\system\Commands\Server\rewrite.php(34): require_once('C:\\xampp\\htdocs...')
#10 {main}
CRITICAL - 2020-10-15 14:07:47 --> Using $this when not in object context
#0 C:\xampp\htdocs\tpq\app\Views\printBisaroh.php(86): countShift('izin (ke luar k...')
#1 C:\xampp\htdocs\tpq\system\View\View.php(246): include('C:\\xampp\\htdocs...')
#2 C:\xampp\htdocs\tpq\system\Common.php(1119): CodeIgniter\View\View->render('printBisaroh', Array, true)
#3 C:\xampp\htdocs\tpq\app\Controllers\PrintBS.php(23): view('printBisaroh', Array)
#4 C:\xampp\htdocs\tpq\system\CodeIgniter.php(918): App\Controllers\PrintBS->index()
#5 C:\xampp\htdocs\tpq\system\CodeIgniter.php(404): CodeIgniter\CodeIgniter->runController(Object(App\Controllers\PrintBS))
#6 C:\xampp\htdocs\tpq\system\CodeIgniter.php(312): CodeIgniter\CodeIgniter->handleRequest(NULL, Object(Config\Cache), false)
#7 C:\xampp\htdocs\tpq\public\index.php(45): CodeIgniter\CodeIgniter->run()
#8 C:\xampp\htdocs\tpq\system\Commands\Server\rewrite.php(34): require_once('C:\\xampp\\htdocs...')
#9 {main}
CRITICAL - 2020-10-15 14:09:57 --> syntax error, unexpected '+=' (T_PLUS_EQUAL), expecting ',' or ';'
#0 C:\xampp\htdocs\tpq\system\Common.php(1119): CodeIgniter\View\View->render('printBisaroh', Array, true)
#1 C:\xampp\htdocs\tpq\app\Controllers\PrintBS.php(23): view('printBisaroh', Array)
#2 C:\xampp\htdocs\tpq\system\CodeIgniter.php(918): App\Controllers\PrintBS->index()
#3 C:\xampp\htdocs\tpq\system\CodeIgniter.php(404): CodeIgniter\CodeIgniter->runController(Object(App\Controllers\PrintBS))
#4 C:\xampp\htdocs\tpq\system\CodeIgniter.php(312): CodeIgniter\CodeIgniter->handleRequest(NULL, Object(Config\Cache), false)
#5 C:\xampp\htdocs\tpq\public\index.php(45): CodeIgniter\CodeIgniter->run()
#6 C:\xampp\htdocs\tpq\system\Commands\Server\rewrite.php(34): require_once('C:\\xampp\\htdocs...')
#7 {main}
CRITICAL - 2020-10-15 14:12:04 --> syntax error, unexpected '=', expecting ',' or ';'
#0 C:\xampp\htdocs\tpq\system\Common.php(1119): CodeIgniter\View\View->render('printBisaroh', Array, true)
#1 C:\xampp\htdocs\tpq\app\Controllers\PrintBS.php(23): view('printBisaroh', Array)
#2 C:\xampp\htdocs\tpq\system\CodeIgniter.php(918): App\Controllers\PrintBS->index()
#3 C:\xampp\htdocs\tpq\system\CodeIgniter.php(404): CodeIgniter\CodeIgniter->runController(Object(App\Controllers\PrintBS))
#4 C:\xampp\htdocs\tpq\system\CodeIgniter.php(312): CodeIgniter\CodeIgniter->handleRequest(NULL, Object(Config\Cache), false)
#5 C:\xampp\htdocs\tpq\public\index.php(45): CodeIgniter\CodeIgniter->run()
#6 C:\xampp\htdocs\tpq\system\Commands\Server\rewrite.php(34): require_once('C:\\xampp\\htdocs...')
#7 {main}
CRITICAL - 2020-10-15 14:12:05 --> syntax error, unexpected '=', expecting ',' or ';'
#0 C:\xampp\htdocs\tpq\system\Common.php(1119): CodeIgniter\View\View->render('printBisaroh', Array, true)
#1 C:\xampp\htdocs\tpq\app\Controllers\PrintBS.php(23): view('printBisaroh', Array)
#2 C:\xampp\htdocs\tpq\system\CodeIgniter.php(918): App\Controllers\PrintBS->index()
#3 C:\xampp\htdocs\tpq\system\CodeIgniter.php(404): CodeIgniter\CodeIgniter->runController(Object(App\Controllers\PrintBS))
#4 C:\xampp\htdocs\tpq\system\CodeIgniter.php(312): CodeIgniter\CodeIgniter->handleRequest(NULL, Object(Config\Cache), false)
#5 C:\xampp\htdocs\tpq\public\index.php(45): CodeIgniter\CodeIgniter->run()
#6 C:\xampp\htdocs\tpq\system\Commands\Server\rewrite.php(34): require_once('C:\\xampp\\htdocs...')
#7 {main}
CRITICAL - 2020-10-15 14:13:33 --> syntax error, unexpected '=', expecting ',' or ';'
#0 C:\xampp\htdocs\tpq\system\Common.php(1119): CodeIgniter\View\View->render('printBisaroh', Array, true)
#1 C:\xampp\htdocs\tpq\app\Controllers\PrintBS.php(23): view('printBisaroh', Array)
#2 C:\xampp\htdocs\tpq\system\CodeIgniter.php(918): App\Controllers\PrintBS->index()
#3 C:\xampp\htdocs\tpq\system\CodeIgniter.php(404): CodeIgniter\CodeIgniter->runController(Object(App\Controllers\PrintBS))
#4 C:\xampp\htdocs\tpq\system\CodeIgniter.php(312): CodeIgniter\CodeIgniter->handleRequest(NULL, Object(Config\Cache), false)
#5 C:\xampp\htdocs\tpq\public\index.php(45): CodeIgniter\CodeIgniter->run()
#6 C:\xampp\htdocs\tpq\system\Commands\Server\rewrite.php(34): require_once('C:\\xampp\\htdocs...')
#7 {main}
CRITICAL - 2020-10-15 14:13:49 --> syntax error, unexpected '=', expecting ',' or ';'
#0 C:\xampp\htdocs\tpq\system\Common.php(1119): CodeIgniter\View\View->render('printBisaroh', Array, true)
#1 C:\xampp\htdocs\tpq\app\Controllers\PrintBS.php(23): view('printBisaroh', Array)
#2 C:\xampp\htdocs\tpq\system\CodeIgniter.php(918): App\Controllers\PrintBS->index()
#3 C:\xampp\htdocs\tpq\system\CodeIgniter.php(404): CodeIgniter\CodeIgniter->runController(Object(App\Controllers\PrintBS))
#4 C:\xampp\htdocs\tpq\system\CodeIgniter.php(312): CodeIgniter\CodeIgniter->handleRequest(NULL, Object(Config\Cache), false)
#5 C:\xampp\htdocs\tpq\public\index.php(45): CodeIgniter\CodeIgniter->run()
#6 C:\xampp\htdocs\tpq\system\Commands\Server\rewrite.php(34): require_once('C:\\xampp\\htdocs...')
#7 {main}
CRITICAL - 2020-10-15 14:20:39 --> Cannot redeclare count()
#0 [internal function]: CodeIgniter\Debug\Exceptions->shutdownHandler()
#1 {main}
CRITICAL - 2020-10-15 15:49:24 --> syntax error, unexpected '$izin' (T_VARIABLE)
#0 C:\xampp\htdocs\tpq\system\Common.php(1119): CodeIgniter\View\View->render('printBisaroh', Array, true)
#1 C:\xampp\htdocs\tpq\app\Controllers\PrintBS.php(23): view('printBisaroh', Array)
#2 C:\xampp\htdocs\tpq\system\CodeIgniter.php(918): App\Controllers\PrintBS->index()
#3 C:\xampp\htdocs\tpq\system\CodeIgniter.php(404): CodeIgniter\CodeIgniter->runController(Object(App\Controllers\PrintBS))
#4 C:\xampp\htdocs\tpq\system\CodeIgniter.php(312): CodeIgniter\CodeIgniter->handleRequest(NULL, Object(Config\Cache), false)
#5 C:\xampp\htdocs\tpq\public\index.php(45): CodeIgniter\CodeIgniter->run()
#6 C:\xampp\htdocs\tpq\system\Commands\Server\rewrite.php(34): require_once('C:\\xampp\\htdocs...')
#7 {main}
CRITICAL - 2020-10-15 15:49:37 --> syntax error, unexpected '21' (T_LNUMBER)
#0 C:\xampp\htdocs\tpq\system\Common.php(1119): CodeIgniter\View\View->render('printBisaroh', Array, true)
#1 C:\xampp\htdocs\tpq\app\Controllers\PrintBS.php(23): view('printBisaroh', Array)
#2 C:\xampp\htdocs\tpq\system\CodeIgniter.php(918): App\Controllers\PrintBS->index()
#3 C:\xampp\htdocs\tpq\system\CodeIgniter.php(404): CodeIgniter\CodeIgniter->runController(Object(App\Controllers\PrintBS))
#4 C:\xampp\htdocs\tpq\system\CodeIgniter.php(312): CodeIgniter\CodeIgniter->handleRequest(NULL, Object(Config\Cache), false)
#5 C:\xampp\htdocs\tpq\public\index.php(45): CodeIgniter\CodeIgniter->run()
#6 C:\xampp\htdocs\tpq\system\Commands\Server\rewrite.php(34): require_once('C:\\xampp\\htdocs...')
#7 {main}
CRITICAL - 2020-10-15 16:09:11 --> Use of undefined constant strtolower - assumed 'strtolower' (this will throw an Error in a future version of PHP)
#0 C:\xampp\htdocs\tpq\app\Views\printBisaroh.php(147): CodeIgniter\Debug\Exceptions->errorHandler(2, 'Use of undefine...', 'C:\\xampp\\htdocs...', 147, Array)
#1 C:\xampp\htdocs\tpq\system\View\View.php(246): include('C:\\xampp\\htdocs...')
#2 C:\xampp\htdocs\tpq\system\Common.php(1119): CodeIgniter\View\View->render('printBisaroh', Array, true)
#3 C:\xampp\htdocs\tpq\app\Controllers\PrintBS.php(23): view('printBisaroh', Array)
#4 C:\xampp\htdocs\tpq\system\CodeIgniter.php(918): App\Controllers\PrintBS->index()
#5 C:\xampp\htdocs\tpq\system\CodeIgniter.php(404): CodeIgniter\CodeIgniter->runController(Object(App\Controllers\PrintBS))
#6 C:\xampp\htdocs\tpq\system\CodeIgniter.php(312): CodeIgniter\CodeIgniter->handleRequest(NULL, Object(Config\Cache), false)
#7 C:\xampp\htdocs\tpq\public\index.php(45): CodeIgniter\CodeIgniter->run()
#8 C:\xampp\htdocs\tpq\system\Commands\Server\rewrite.php(34): require_once('C:\\xampp\\htdocs...')
#9 {main}
