CRITICAL - 2020-11-06 07:00:44 --> Unable to connect to the database.
#0 C:\xampp\htdocs\tpq\system\Database\BaseConnection.php(646): CodeIgniter\Database\BaseConnection->initialize()
#1 C:\xampp\htdocs\tpq\system\Database\BaseBuilder.php(1952): CodeIgniter\Database\BaseConnection->query('SELECT COUNT(*)...', Array, false)
#2 C:\xampp\htdocs\tpq\app\Models\AbsensiModel.php(62): CodeIgniter\Database\BaseBuilder->countAllResults()
#3 C:\xampp\htdocs\tpq\app\Models\AbsensiModel.php(67): App\Models\AbsensiModel->checkAbsensiHariIni()
#4 C:\xampp\htdocs\tpq\app\Controllers\Absen.php(29): App\Models\AbsensiModel->tulisAbsen()
#5 C:\xampp\htdocs\tpq\app\Controllers\Absen.php(17): App\Controllers\Absen->tulisAbsen()
#6 C:\xampp\htdocs\tpq\system\CodeIgniter.php(918): App\Controllers\Absen->index()
#7 C:\xampp\htdocs\tpq\system\CodeIgniter.php(404): CodeIgniter\CodeIgniter->runController(Object(App\Controllers\Absen))
#8 C:\xampp\htdocs\tpq\system\CodeIgniter.php(312): CodeIgniter\CodeIgniter->handleRequest(NULL, Object(Config\Cache), false)
#9 C:\xampp\htdocs\tpq\public\index.php(45): CodeIgniter\CodeIgniter->run()
#10 C:\xampp\htdocs\tpq\system\Commands\Server\rewrite.php(34): require_once('C:\\xampp\\htdocs...')
#11 {main}
CRITICAL - 2020-11-06 21:50:24 --> syntax error, unexpected ')', expecting variable (T_VARIABLE)
#0 C:\xampp\htdocs\tpq\system\Autoloader\Autoloader.php(296): CodeIgniter\Autoloader\Autoloader->requireFile('C:\\xampp\\htdocs...')
#1 C:\xampp\htdocs\tpq\system\Autoloader\Autoloader.php(258): CodeIgniter\Autoloader\Autoloader->loadInNamespace('App\\Models\\Abse...')
#2 [internal function]: CodeIgniter\Autoloader\Autoloader->loadClass('App\\Models\\Abse...')
#3 C:\xampp\htdocs\tpq\app\Controllers\Absen.php(12): spl_autoload_call('App\\Models\\Abse...')
#4 C:\xampp\htdocs\tpq\system\CodeIgniter.php(890): App\Controllers\Absen->__construct()
#5 C:\xampp\htdocs\tpq\system\CodeIgniter.php(399): CodeIgniter\CodeIgniter->createController()
#6 C:\xampp\htdocs\tpq\system\CodeIgniter.php(312): CodeIgniter\CodeIgniter->handleRequest(NULL, Object(Config\Cache), false)
#7 C:\xampp\htdocs\tpq\public\index.php(45): CodeIgniter\CodeIgniter->run()
#8 C:\xampp\htdocs\tpq\system\Commands\Server\rewrite.php(34): require_once('C:\\xampp\\htdocs...')
#9 {main}
CRITICAL - 2020-11-06 21:50:26 --> syntax error, unexpected ')', expecting variable (T_VARIABLE)
#0 C:\xampp\htdocs\tpq\system\Autoloader\Autoloader.php(296): CodeIgniter\Autoloader\Autoloader->requireFile('C:\\xampp\\htdocs...')
#1 C:\xampp\htdocs\tpq\system\Autoloader\Autoloader.php(258): CodeIgniter\Autoloader\Autoloader->loadInNamespace('App\\Models\\Abse...')
#2 [internal function]: CodeIgniter\Autoloader\Autoloader->loadClass('App\\Models\\Abse...')
#3 C:\xampp\htdocs\tpq\app\Controllers\Absen.php(12): spl_autoload_call('App\\Models\\Abse...')
#4 C:\xampp\htdocs\tpq\system\CodeIgniter.php(890): App\Controllers\Absen->__construct()
#5 C:\xampp\htdocs\tpq\system\CodeIgniter.php(399): CodeIgniter\CodeIgniter->createController()
#6 C:\xampp\htdocs\tpq\system\CodeIgniter.php(312): CodeIgniter\CodeIgniter->handleRequest(NULL, Object(Config\Cache), false)
#7 C:\xampp\htdocs\tpq\public\index.php(45): CodeIgniter\CodeIgniter->run()
#8 C:\xampp\htdocs\tpq\system\Commands\Server\rewrite.php(34): require_once('C:\\xampp\\htdocs...')
#9 {main}
CRITICAL - 2020-11-06 22:02:47 --> syntax error, unexpected '$data' (T_VARIABLE)
#0 C:\xampp\htdocs\tpq\system\Router\Router.php(195): CodeIgniter\Router\Router->autoRoute('absen/getAbsenU...')
#1 C:\xampp\htdocs\tpq\system\CodeIgniter.php(793): CodeIgniter\Router\Router->handle('absen/getAbsenU...')
#2 C:\xampp\htdocs\tpq\system\CodeIgniter.php(364): CodeIgniter\CodeIgniter->tryToRouteIt(Object(CodeIgniter\Router\RouteCollection))
#3 C:\xampp\htdocs\tpq\system\CodeIgniter.php(312): CodeIgniter\CodeIgniter->handleRequest(NULL, Object(Config\Cache), false)
#4 C:\xampp\htdocs\tpq\public\index.php(45): CodeIgniter\CodeIgniter->run()
#5 C:\xampp\htdocs\tpq\system\Commands\Server\rewrite.php(34): require_once('C:\\xampp\\htdocs...')
#6 {main}
CRITICAL - 2020-11-06 22:03:10 --> syntax error, unexpected '$data' (T_VARIABLE)
#0 C:\xampp\htdocs\tpq\system\Router\Router.php(195): CodeIgniter\Router\Router->autoRoute('absen/getAbsenU...')
#1 C:\xampp\htdocs\tpq\system\CodeIgniter.php(793): CodeIgniter\Router\Router->handle('absen/getAbsenU...')
#2 C:\xampp\htdocs\tpq\system\CodeIgniter.php(364): CodeIgniter\CodeIgniter->tryToRouteIt(Object(CodeIgniter\Router\RouteCollection))
#3 C:\xampp\htdocs\tpq\system\CodeIgniter.php(312): CodeIgniter\CodeIgniter->handleRequest(NULL, Object(Config\Cache), false)
#4 C:\xampp\htdocs\tpq\public\index.php(45): CodeIgniter\CodeIgniter->run()
#5 C:\xampp\htdocs\tpq\system\Commands\Server\rewrite.php(34): require_once('C:\\xampp\\htdocs...')
#6 {main}
CRITICAL - 2020-11-06 22:03:11 --> syntax error, unexpected '$data' (T_VARIABLE)
#0 C:\xampp\htdocs\tpq\system\Router\Router.php(195): CodeIgniter\Router\Router->autoRoute('absen/getAbsenU...')
#1 C:\xampp\htdocs\tpq\system\CodeIgniter.php(793): CodeIgniter\Router\Router->handle('absen/getAbsenU...')
#2 C:\xampp\htdocs\tpq\system\CodeIgniter.php(364): CodeIgniter\CodeIgniter->tryToRouteIt(Object(CodeIgniter\Router\RouteCollection))
#3 C:\xampp\htdocs\tpq\system\CodeIgniter.php(312): CodeIgniter\CodeIgniter->handleRequest(NULL, Object(Config\Cache), false)
#4 C:\xampp\htdocs\tpq\public\index.php(45): CodeIgniter\CodeIgniter->run()
#5 C:\xampp\htdocs\tpq\system\Commands\Server\rewrite.php(34): require_once('C:\\xampp\\htdocs...')
#6 {main}
CRITICAL - 2020-11-06 22:03:16 --> syntax error, unexpected '$data' (T_VARIABLE)
#0 C:\xampp\htdocs\tpq\system\Router\Router.php(195): CodeIgniter\Router\Router->autoRoute('absen/getAbsenU...')
#1 C:\xampp\htdocs\tpq\system\CodeIgniter.php(793): CodeIgniter\Router\Router->handle('absen/getAbsenU...')
#2 C:\xampp\htdocs\tpq\system\CodeIgniter.php(364): CodeIgniter\CodeIgniter->tryToRouteIt(Object(CodeIgniter\Router\RouteCollection))
#3 C:\xampp\htdocs\tpq\system\CodeIgniter.php(312): CodeIgniter\CodeIgniter->handleRequest(NULL, Object(Config\Cache), false)
#4 C:\xampp\htdocs\tpq\public\index.php(45): CodeIgniter\CodeIgniter->run()
#5 C:\xampp\htdocs\tpq\system\Commands\Server\rewrite.php(34): require_once('C:\\xampp\\htdocs...')
#6 {main}
CRITICAL - 2020-11-06 22:03:29 --> syntax error, unexpected ';', expecting ')'
#0 C:\xampp\htdocs\tpq\system\Router\Router.php(195): CodeIgniter\Router\Router->autoRoute('absen/getAbsenU...')
#1 C:\xampp\htdocs\tpq\system\CodeIgniter.php(793): CodeIgniter\Router\Router->handle('absen/getAbsenU...')
#2 C:\xampp\htdocs\tpq\system\CodeIgniter.php(364): CodeIgniter\CodeIgniter->tryToRouteIt(Object(CodeIgniter\Router\RouteCollection))
#3 C:\xampp\htdocs\tpq\system\CodeIgniter.php(312): CodeIgniter\CodeIgniter->handleRequest(NULL, Object(Config\Cache), false)
#4 C:\xampp\htdocs\tpq\public\index.php(45): CodeIgniter\CodeIgniter->run()
#5 C:\xampp\htdocs\tpq\system\Commands\Server\rewrite.php(34): require_once('C:\\xampp\\htdocs...')
#6 {main}
CRITICAL - 2020-11-06 22:03:30 --> syntax error, unexpected ';', expecting ')'
#0 C:\xampp\htdocs\tpq\system\Router\Router.php(195): CodeIgniter\Router\Router->autoRoute('absen/getAbsenU...')
#1 C:\xampp\htdocs\tpq\system\CodeIgniter.php(793): CodeIgniter\Router\Router->handle('absen/getAbsenU...')
#2 C:\xampp\htdocs\tpq\system\CodeIgniter.php(364): CodeIgniter\CodeIgniter->tryToRouteIt(Object(CodeIgniter\Router\RouteCollection))
#3 C:\xampp\htdocs\tpq\system\CodeIgniter.php(312): CodeIgniter\CodeIgniter->handleRequest(NULL, Object(Config\Cache), false)
#4 C:\xampp\htdocs\tpq\public\index.php(45): CodeIgniter\CodeIgniter->run()
#5 C:\xampp\htdocs\tpq\system\Commands\Server\rewrite.php(34): require_once('C:\\xampp\\htdocs...')
#6 {main}
CRITICAL - 2020-11-06 22:14:59 --> syntax error, unexpected 'return' (T_RETURN)
#0 C:\xampp\htdocs\tpq\system\Autoloader\Autoloader.php(296): CodeIgniter\Autoloader\Autoloader->requireFile('C:\\xampp\\htdocs...')
#1 C:\xampp\htdocs\tpq\system\Autoloader\Autoloader.php(258): CodeIgniter\Autoloader\Autoloader->loadInNamespace('App\\Models\\Abse...')
#2 [internal function]: CodeIgniter\Autoloader\Autoloader->loadClass('App\\Models\\Abse...')
#3 C:\xampp\htdocs\tpq\app\Controllers\Absen.php(12): spl_autoload_call('App\\Models\\Abse...')
#4 C:\xampp\htdocs\tpq\system\CodeIgniter.php(890): App\Controllers\Absen->__construct()
#5 C:\xampp\htdocs\tpq\system\CodeIgniter.php(399): CodeIgniter\CodeIgniter->createController()
#6 C:\xampp\htdocs\tpq\system\CodeIgniter.php(312): CodeIgniter\CodeIgniter->handleRequest(NULL, Object(Config\Cache), false)
#7 C:\xampp\htdocs\tpq\public\index.php(45): CodeIgniter\CodeIgniter->run()
#8 C:\xampp\htdocs\tpq\system\Commands\Server\rewrite.php(34): require_once('C:\\xampp\\htdocs...')
#9 {main}
