CRITICAL - 2021-09-05 16:04:58 --> Unable to connect to the database.
#0 C:\xampp\htdocs\tpq\system\Database\BaseConnection.php(646): CodeIgniter\Database\BaseConnection->initialize()
#1 C:\xampp\htdocs\tpq\system\Database\BaseBuilder.php(1952): CodeIgniter\Database\BaseConnection->query('SELECT COUNT(*)...', Array, false)
#2 C:\xampp\htdocs\tpq\app\Models\AbsensiModel.php(61): CodeIgniter\Database\BaseBuilder->countAllResults()
#3 C:\xampp\htdocs\tpq\app\Models\AbsensiModel.php(66): App\Models\AbsensiModel->checkAbsensiHariIni()
#4 C:\xampp\htdocs\tpq\app\Controllers\Dashboard.php(28): App\Models\AbsensiModel->tulisAbsen()
#5 C:\xampp\htdocs\tpq\app\Controllers\Dashboard.php(20): App\Controllers\Dashboard->tulisAbsen()
#6 C:\xampp\htdocs\tpq\system\CodeIgniter.php(918): App\Controllers\Dashboard->index()
#7 C:\xampp\htdocs\tpq\system\CodeIgniter.php(404): CodeIgniter\CodeIgniter->runController(Object(App\Controllers\Dashboard))
#8 C:\xampp\htdocs\tpq\system\CodeIgniter.php(312): CodeIgniter\CodeIgniter->handleRequest(NULL, Object(Config\Cache), false)
#9 C:\xampp\htdocs\tpq\public\index.php(45): CodeIgniter\CodeIgniter->run()
#10 C:\xampp\htdocs\tpq\system\Commands\Server\rewrite.php(34): require_once('C:\\xampp\\htdocs...')
#11 {main}
CRITICAL - 2021-09-05 16:30:54 --> Undefined variable: absensi
#0 C:\xampp\htdocs\tpq\app\Views\printBisaroh.php(101): CodeIgniter\Debug\Exceptions->errorHandler(8, 'Undefined varia...', 'C:\\xampp\\htdocs...', 101, Array)
#1 C:\xampp\htdocs\tpq\system\View\View.php(246): include('C:\\xampp\\htdocs...')
#2 C:\xampp\htdocs\tpq\system\Common.php(1119): CodeIgniter\View\View->render('printBisaroh', Array, true)
#3 C:\xampp\htdocs\tpq\app\Controllers\generateBisaroh.php(18): view('printBisaroh')
#4 C:\xampp\htdocs\tpq\system\CodeIgniter.php(918): App\Controllers\GenerateBisaroh->index()
#5 C:\xampp\htdocs\tpq\system\CodeIgniter.php(404): CodeIgniter\CodeIgniter->runController(Object(App\Controllers\GenerateBisaroh))
#6 C:\xampp\htdocs\tpq\system\CodeIgniter.php(312): CodeIgniter\CodeIgniter->handleRequest(NULL, Object(Config\Cache), false)
#7 C:\xampp\htdocs\tpq\public\index.php(45): CodeIgniter\CodeIgniter->run()
#8 C:\xampp\htdocs\tpq\system\Commands\Server\rewrite.php(34): require_once('C:\\xampp\\htdocs...')
#9 {main}
CRITICAL - 2021-09-05 16:50:23 --> Undefined variable: tanggal
#0 C:\xampp\htdocs\tpq\app\Controllers\generateBisaroh.php(20): CodeIgniter\Debug\Exceptions->errorHandler(8, 'Undefined varia...', 'C:\\xampp\\htdocs...', 20, Array)
#1 C:\xampp\htdocs\tpq\system\CodeIgniter.php(918): App\Controllers\GenerateBisaroh->index()
#2 C:\xampp\htdocs\tpq\system\CodeIgniter.php(404): CodeIgniter\CodeIgniter->runController(Object(App\Controllers\GenerateBisaroh))
#3 C:\xampp\htdocs\tpq\system\CodeIgniter.php(312): CodeIgniter\CodeIgniter->handleRequest(NULL, Object(Config\Cache), false)
#4 C:\xampp\htdocs\tpq\public\index.php(45): CodeIgniter\CodeIgniter->run()
#5 C:\xampp\htdocs\tpq\system\Commands\Server\rewrite.php(34): require_once('C:\\xampp\\htdocs...')
#6 {main}
CRITICAL - 2021-09-05 16:50:34 --> Undefined variable: tanggal
#0 C:\xampp\htdocs\tpq\app\Controllers\generateBisaroh.php(20): CodeIgniter\Debug\Exceptions->errorHandler(8, 'Undefined varia...', 'C:\\xampp\\htdocs...', 20, Array)
#1 C:\xampp\htdocs\tpq\system\CodeIgniter.php(918): App\Controllers\GenerateBisaroh->index()
#2 C:\xampp\htdocs\tpq\system\CodeIgniter.php(404): CodeIgniter\CodeIgniter->runController(Object(App\Controllers\GenerateBisaroh))
#3 C:\xampp\htdocs\tpq\system\CodeIgniter.php(312): CodeIgniter\CodeIgniter->handleRequest(NULL, Object(Config\Cache), false)
#4 C:\xampp\htdocs\tpq\public\index.php(45): CodeIgniter\CodeIgniter->run()
#5 C:\xampp\htdocs\tpq\system\Commands\Server\rewrite.php(34): require_once('C:\\xampp\\htdocs...')
#6 {main}
CRITICAL - 2021-09-05 18:24:29 --> Call to a member function get_cellmap() on null
#0 C:\xampp\htdocs\tpq\vendor\dompdf\dompdf\src\FrameDecorator\AbstractFrameDecorator.php(895): Dompdf\FrameReflower\TableCell->reflow(NULL)
#1 C:\xampp\htdocs\tpq\vendor\dompdf\dompdf\src\FrameReflower\TableRow.php(52): Dompdf\FrameDecorator\AbstractFrameDecorator->reflow()
#2 C:\xampp\htdocs\tpq\vendor\dompdf\dompdf\src\FrameDecorator\AbstractFrameDecorator.php(895): Dompdf\FrameReflower\TableRow->reflow(NULL)
#3 C:\xampp\htdocs\tpq\vendor\dompdf\dompdf\src\FrameReflower\TableRowGroup.php(51): Dompdf\FrameDecorator\AbstractFrameDecorator->reflow()
#4 C:\xampp\htdocs\tpq\vendor\dompdf\dompdf\src\FrameDecorator\AbstractFrameDecorator.php(895): Dompdf\FrameReflower\TableRowGroup->reflow(Object(Dompdf\FrameDecorator\Block))
#5 C:\xampp\htdocs\tpq\vendor\dompdf\dompdf\src\FrameReflower\Block.php(845): Dompdf\FrameDecorator\AbstractFrameDecorator->reflow(Object(Dompdf\FrameDecorator\Block))
#6 C:\xampp\htdocs\tpq\vendor\dompdf\dompdf\src\FrameDecorator\AbstractFrameDecorator.php(895): Dompdf\FrameReflower\Block->reflow(Object(Dompdf\FrameDecorator\Block))
#7 C:\xampp\htdocs\tpq\vendor\dompdf\dompdf\src\FrameReflower\Block.php(845): Dompdf\FrameDecorator\AbstractFrameDecorator->reflow(Object(Dompdf\FrameDecorator\Block))
#8 C:\xampp\htdocs\tpq\vendor\dompdf\dompdf\src\FrameDecorator\AbstractFrameDecorator.php(895): Dompdf\FrameReflower\Block->reflow(NULL)
#9 C:\xampp\htdocs\tpq\vendor\dompdf\dompdf\src\FrameReflower\Page.php(141): Dompdf\FrameDecorator\AbstractFrameDecorator->reflow()
#10 C:\xampp\htdocs\tpq\vendor\dompdf\dompdf\src\FrameDecorator\AbstractFrameDecorator.php(895): Dompdf\FrameReflower\Page->reflow(NULL)
#11 C:\xampp\htdocs\tpq\vendor\dompdf\dompdf\src\Dompdf.php(838): Dompdf\FrameDecorator\AbstractFrameDecorator->reflow()
#12 C:\xampp\htdocs\tpq\app\Controllers\generateBisaroh.php(29): Dompdf\Dompdf->render()
#13 C:\xampp\htdocs\tpq\system\CodeIgniter.php(918): App\Controllers\GenerateBisaroh->index()
#14 C:\xampp\htdocs\tpq\system\CodeIgniter.php(404): CodeIgniter\CodeIgniter->runController(Object(App\Controllers\GenerateBisaroh))
#15 C:\xampp\htdocs\tpq\system\CodeIgniter.php(312): CodeIgniter\CodeIgniter->handleRequest(NULL, Object(Config\Cache), false)
#16 C:\xampp\htdocs\tpq\public\index.php(45): CodeIgniter\CodeIgniter->run()
#17 C:\xampp\htdocs\tpq\system\Commands\Server\rewrite.php(34): require_once('C:\\xampp\\htdocs...')
#18 {main}
CRITICAL - 2021-09-05 18:24:36 --> Call to a member function get_cellmap() on null
#0 C:\xampp\htdocs\tpq\vendor\dompdf\dompdf\src\FrameDecorator\AbstractFrameDecorator.php(895): Dompdf\FrameReflower\TableCell->reflow(NULL)
#1 C:\xampp\htdocs\tpq\vendor\dompdf\dompdf\src\FrameReflower\TableRow.php(52): Dompdf\FrameDecorator\AbstractFrameDecorator->reflow()
#2 C:\xampp\htdocs\tpq\vendor\dompdf\dompdf\src\FrameDecorator\AbstractFrameDecorator.php(895): Dompdf\FrameReflower\TableRow->reflow(NULL)
#3 C:\xampp\htdocs\tpq\vendor\dompdf\dompdf\src\FrameReflower\TableRowGroup.php(51): Dompdf\FrameDecorator\AbstractFrameDecorator->reflow()
#4 C:\xampp\htdocs\tpq\vendor\dompdf\dompdf\src\FrameDecorator\AbstractFrameDecorator.php(895): Dompdf\FrameReflower\TableRowGroup->reflow(Object(Dompdf\FrameDecorator\Block))
#5 C:\xampp\htdocs\tpq\vendor\dompdf\dompdf\src\FrameReflower\Block.php(845): Dompdf\FrameDecorator\AbstractFrameDecorator->reflow(Object(Dompdf\FrameDecorator\Block))
#6 C:\xampp\htdocs\tpq\vendor\dompdf\dompdf\src\FrameDecorator\AbstractFrameDecorator.php(895): Dompdf\FrameReflower\Block->reflow(Object(Dompdf\FrameDecorator\Block))
#7 C:\xampp\htdocs\tpq\vendor\dompdf\dompdf\src\FrameReflower\Block.php(845): Dompdf\FrameDecorator\AbstractFrameDecorator->reflow(Object(Dompdf\FrameDecorator\Block))
#8 C:\xampp\htdocs\tpq\vendor\dompdf\dompdf\src\FrameDecorator\AbstractFrameDecorator.php(895): Dompdf\FrameReflower\Block->reflow(NULL)
#9 C:\xampp\htdocs\tpq\vendor\dompdf\dompdf\src\FrameReflower\Page.php(141): Dompdf\FrameDecorator\AbstractFrameDecorator->reflow()
#10 C:\xampp\htdocs\tpq\vendor\dompdf\dompdf\src\FrameDecorator\AbstractFrameDecorator.php(895): Dompdf\FrameReflower\Page->reflow(NULL)
#11 C:\xampp\htdocs\tpq\vendor\dompdf\dompdf\src\Dompdf.php(838): Dompdf\FrameDecorator\AbstractFrameDecorator->reflow()
#12 C:\xampp\htdocs\tpq\app\Controllers\generateBisaroh.php(29): Dompdf\Dompdf->render()
#13 C:\xampp\htdocs\tpq\system\CodeIgniter.php(918): App\Controllers\GenerateBisaroh->index()
#14 C:\xampp\htdocs\tpq\system\CodeIgniter.php(404): CodeIgniter\CodeIgniter->runController(Object(App\Controllers\GenerateBisaroh))
#15 C:\xampp\htdocs\tpq\system\CodeIgniter.php(312): CodeIgniter\CodeIgniter->handleRequest(NULL, Object(Config\Cache), false)
#16 C:\xampp\htdocs\tpq\public\index.php(45): CodeIgniter\CodeIgniter->run()
#17 C:\xampp\htdocs\tpq\system\Commands\Server\rewrite.php(34): require_once('C:\\xampp\\htdocs...')
#18 {main}
CRITICAL - 2021-09-05 19:13:03 --> Call to a member function get_cellmap() on null
#0 C:\xampp\htdocs\tpq\vendor\dompdf\dompdf\src\FrameDecorator\AbstractFrameDecorator.php(895): Dompdf\FrameReflower\TableCell->reflow(NULL)
#1 C:\xampp\htdocs\tpq\vendor\dompdf\dompdf\src\FrameReflower\TableRow.php(52): Dompdf\FrameDecorator\AbstractFrameDecorator->reflow()
#2 C:\xampp\htdocs\tpq\vendor\dompdf\dompdf\src\FrameDecorator\AbstractFrameDecorator.php(895): Dompdf\FrameReflower\TableRow->reflow(NULL)
#3 C:\xampp\htdocs\tpq\vendor\dompdf\dompdf\src\FrameReflower\TableRowGroup.php(51): Dompdf\FrameDecorator\AbstractFrameDecorator->reflow()
#4 C:\xampp\htdocs\tpq\vendor\dompdf\dompdf\src\FrameDecorator\AbstractFrameDecorator.php(895): Dompdf\FrameReflower\TableRowGroup->reflow(Object(Dompdf\FrameDecorator\Block))
#5 C:\xampp\htdocs\tpq\vendor\dompdf\dompdf\src\FrameReflower\Block.php(845): Dompdf\FrameDecorator\AbstractFrameDecorator->reflow(Object(Dompdf\FrameDecorator\Block))
#6 C:\xampp\htdocs\tpq\vendor\dompdf\dompdf\src\FrameDecorator\AbstractFrameDecorator.php(895): Dompdf\FrameReflower\Block->reflow(Object(Dompdf\FrameDecorator\Block))
#7 C:\xampp\htdocs\tpq\vendor\dompdf\dompdf\src\FrameReflower\Block.php(845): Dompdf\FrameDecorator\AbstractFrameDecorator->reflow(Object(Dompdf\FrameDecorator\Block))
#8 C:\xampp\htdocs\tpq\vendor\dompdf\dompdf\src\FrameDecorator\AbstractFrameDecorator.php(895): Dompdf\FrameReflower\Block->reflow(NULL)
#9 C:\xampp\htdocs\tpq\vendor\dompdf\dompdf\src\FrameReflower\Page.php(141): Dompdf\FrameDecorator\AbstractFrameDecorator->reflow()
#10 C:\xampp\htdocs\tpq\vendor\dompdf\dompdf\src\FrameDecorator\AbstractFrameDecorator.php(895): Dompdf\FrameReflower\Page->reflow(NULL)
#11 C:\xampp\htdocs\tpq\vendor\dompdf\dompdf\src\Dompdf.php(838): Dompdf\FrameDecorator\AbstractFrameDecorator->reflow()
#12 C:\xampp\htdocs\tpq\app\Controllers\generateBisaroh.php(29): Dompdf\Dompdf->render()
#13 C:\xampp\htdocs\tpq\system\CodeIgniter.php(918): App\Controllers\GenerateBisaroh->index()
#14 C:\xampp\htdocs\tpq\system\CodeIgniter.php(404): CodeIgniter\CodeIgniter->runController(Object(App\Controllers\GenerateBisaroh))
#15 C:\xampp\htdocs\tpq\system\CodeIgniter.php(312): CodeIgniter\CodeIgniter->handleRequest(NULL, Object(Config\Cache), false)
#16 C:\xampp\htdocs\tpq\public\index.php(45): CodeIgniter\CodeIgniter->run()
#17 C:\xampp\htdocs\tpq\system\Commands\Server\rewrite.php(34): require_once('C:\\xampp\\htdocs...')
#18 {main}
CRITICAL - 2021-09-05 21:44:50 --> Invalid argument supplied for foreach()
#0 C:\xampp\htdocs\tpq\app\Views\components\pdfBisaroh.php(120): CodeIgniter\Debug\Exceptions->errorHandler(2, 'Invalid argumen...', 'C:\\xampp\\htdocs...', 120, Array)
#1 C:\xampp\htdocs\tpq\system\View\View.php(246): include('C:\\xampp\\htdocs...')
#2 C:\xampp\htdocs\tpq\system\Common.php(1119): CodeIgniter\View\View->render('components/pdfB...', Array, true)
#3 C:\xampp\htdocs\tpq\app\Controllers\generateBisaroh.php(27): view('components/pdfB...', Array)
#4 C:\xampp\htdocs\tpq\system\CodeIgniter.php(918): App\Controllers\GenerateBisaroh->index()
#5 C:\xampp\htdocs\tpq\system\CodeIgniter.php(404): CodeIgniter\CodeIgniter->runController(Object(App\Controllers\GenerateBisaroh))
#6 C:\xampp\htdocs\tpq\system\CodeIgniter.php(312): CodeIgniter\CodeIgniter->handleRequest(NULL, Object(Config\Cache), false)
#7 C:\xampp\htdocs\tpq\public\index.php(45): CodeIgniter\CodeIgniter->run()
#8 C:\xampp\htdocs\tpq\system\Commands\Server\rewrite.php(34): require_once('C:\\xampp\\htdocs...')
#9 {main}
CRITICAL - 2021-09-05 21:45:03 --> Invalid argument supplied for foreach()
#0 C:\xampp\htdocs\tpq\app\Views\components\pdfBisaroh.php(120): CodeIgniter\Debug\Exceptions->errorHandler(2, 'Invalid argumen...', 'C:\\xampp\\htdocs...', 120, Array)
#1 C:\xampp\htdocs\tpq\system\View\View.php(246): include('C:\\xampp\\htdocs...')
#2 C:\xampp\htdocs\tpq\system\Common.php(1119): CodeIgniter\View\View->render('components/pdfB...', Array, true)
#3 C:\xampp\htdocs\tpq\app\Controllers\generateBisaroh.php(27): view('components/pdfB...', Array)
#4 C:\xampp\htdocs\tpq\system\CodeIgniter.php(918): App\Controllers\GenerateBisaroh->index()
#5 C:\xampp\htdocs\tpq\system\CodeIgniter.php(404): CodeIgniter\CodeIgniter->runController(Object(App\Controllers\GenerateBisaroh))
#6 C:\xampp\htdocs\tpq\system\CodeIgniter.php(312): CodeIgniter\CodeIgniter->handleRequest(NULL, Object(Config\Cache), false)
#7 C:\xampp\htdocs\tpq\public\index.php(45): CodeIgniter\CodeIgniter->run()
#8 C:\xampp\htdocs\tpq\system\Commands\Server\rewrite.php(34): require_once('C:\\xampp\\htdocs...')
#9 {main}
CRITICAL - 2021-09-05 21:45:18 --> Invalid argument supplied for foreach()
#0 C:\xampp\htdocs\tpq\app\Views\components\pdfBisaroh.php(120): CodeIgniter\Debug\Exceptions->errorHandler(2, 'Invalid argumen...', 'C:\\xampp\\htdocs...', 120, Array)
#1 C:\xampp\htdocs\tpq\system\View\View.php(246): include('C:\\xampp\\htdocs...')
#2 C:\xampp\htdocs\tpq\system\Common.php(1119): CodeIgniter\View\View->render('components/pdfB...', Array, true)
#3 C:\xampp\htdocs\tpq\app\Controllers\generateBisaroh.php(26): view('components/pdfB...', Array)
#4 C:\xampp\htdocs\tpq\system\CodeIgniter.php(918): App\Controllers\GenerateBisaroh->index()
#5 C:\xampp\htdocs\tpq\system\CodeIgniter.php(404): CodeIgniter\CodeIgniter->runController(Object(App\Controllers\GenerateBisaroh))
#6 C:\xampp\htdocs\tpq\system\CodeIgniter.php(312): CodeIgniter\CodeIgniter->handleRequest(NULL, Object(Config\Cache), false)
#7 C:\xampp\htdocs\tpq\public\index.php(45): CodeIgniter\CodeIgniter->run()
#8 C:\xampp\htdocs\tpq\system\Commands\Server\rewrite.php(34): require_once('C:\\xampp\\htdocs...')
#9 {main}
CRITICAL - 2021-09-05 21:45:19 --> Invalid argument supplied for foreach()
#0 C:\xampp\htdocs\tpq\app\Views\components\pdfBisaroh.php(120): CodeIgniter\Debug\Exceptions->errorHandler(2, 'Invalid argumen...', 'C:\\xampp\\htdocs...', 120, Array)
#1 C:\xampp\htdocs\tpq\system\View\View.php(246): include('C:\\xampp\\htdocs...')
#2 C:\xampp\htdocs\tpq\system\Common.php(1119): CodeIgniter\View\View->render('components/pdfB...', Array, true)
#3 C:\xampp\htdocs\tpq\app\Controllers\generateBisaroh.php(26): view('components/pdfB...', Array)
#4 C:\xampp\htdocs\tpq\system\CodeIgniter.php(918): App\Controllers\GenerateBisaroh->index()
#5 C:\xampp\htdocs\tpq\system\CodeIgniter.php(404): CodeIgniter\CodeIgniter->runController(Object(App\Controllers\GenerateBisaroh))
#6 C:\xampp\htdocs\tpq\system\CodeIgniter.php(312): CodeIgniter\CodeIgniter->handleRequest(NULL, Object(Config\Cache), false)
#7 C:\xampp\htdocs\tpq\public\index.php(45): CodeIgniter\CodeIgniter->run()
#8 C:\xampp\htdocs\tpq\system\Commands\Server\rewrite.php(34): require_once('C:\\xampp\\htdocs...')
#9 {main}
CRITICAL - 2021-09-05 21:45:19 --> Invalid argument supplied for foreach()
#0 C:\xampp\htdocs\tpq\app\Views\components\pdfBisaroh.php(120): CodeIgniter\Debug\Exceptions->errorHandler(2, 'Invalid argumen...', 'C:\\xampp\\htdocs...', 120, Array)
#1 C:\xampp\htdocs\tpq\system\View\View.php(246): include('C:\\xampp\\htdocs...')
#2 C:\xampp\htdocs\tpq\system\Common.php(1119): CodeIgniter\View\View->render('components/pdfB...', Array, true)
#3 C:\xampp\htdocs\tpq\app\Controllers\generateBisaroh.php(26): view('components/pdfB...', Array)
#4 C:\xampp\htdocs\tpq\system\CodeIgniter.php(918): App\Controllers\GenerateBisaroh->index()
#5 C:\xampp\htdocs\tpq\system\CodeIgniter.php(404): CodeIgniter\CodeIgniter->runController(Object(App\Controllers\GenerateBisaroh))
#6 C:\xampp\htdocs\tpq\system\CodeIgniter.php(312): CodeIgniter\CodeIgniter->handleRequest(NULL, Object(Config\Cache), false)
#7 C:\xampp\htdocs\tpq\public\index.php(45): CodeIgniter\CodeIgniter->run()
#8 C:\xampp\htdocs\tpq\system\Commands\Server\rewrite.php(34): require_once('C:\\xampp\\htdocs...')
#9 {main}
CRITICAL - 2021-09-05 21:46:03 --> Invalid argument supplied for foreach()
#0 C:\xampp\htdocs\tpq\app\Views\components\pdfBisaroh.php(120): CodeIgniter\Debug\Exceptions->errorHandler(2, 'Invalid argumen...', 'C:\\xampp\\htdocs...', 120, Array)
#1 C:\xampp\htdocs\tpq\system\View\View.php(246): include('C:\\xampp\\htdocs...')
#2 C:\xampp\htdocs\tpq\system\Common.php(1119): CodeIgniter\View\View->render('components/pdfB...', Array, true)
#3 C:\xampp\htdocs\tpq\app\Controllers\generateBisaroh.php(26): view('components/pdfB...', Array)
#4 C:\xampp\htdocs\tpq\system\CodeIgniter.php(918): App\Controllers\GenerateBisaroh->index()
#5 C:\xampp\htdocs\tpq\system\CodeIgniter.php(404): CodeIgniter\CodeIgniter->runController(Object(App\Controllers\GenerateBisaroh))
#6 C:\xampp\htdocs\tpq\system\CodeIgniter.php(312): CodeIgniter\CodeIgniter->handleRequest(NULL, Object(Config\Cache), false)
#7 C:\xampp\htdocs\tpq\public\index.php(45): CodeIgniter\CodeIgniter->run()
#8 C:\xampp\htdocs\tpq\system\Commands\Server\rewrite.php(34): require_once('C:\\xampp\\htdocs...')
#9 {main}
CRITICAL - 2021-09-05 21:46:04 --> Invalid argument supplied for foreach()
#0 C:\xampp\htdocs\tpq\app\Views\components\pdfBisaroh.php(120): CodeIgniter\Debug\Exceptions->errorHandler(2, 'Invalid argumen...', 'C:\\xampp\\htdocs...', 120, Array)
#1 C:\xampp\htdocs\tpq\system\View\View.php(246): include('C:\\xampp\\htdocs...')
#2 C:\xampp\htdocs\tpq\system\Common.php(1119): CodeIgniter\View\View->render('components/pdfB...', Array, true)
#3 C:\xampp\htdocs\tpq\app\Controllers\generateBisaroh.php(26): view('components/pdfB...', Array)
#4 C:\xampp\htdocs\tpq\system\CodeIgniter.php(918): App\Controllers\GenerateBisaroh->index()
#5 C:\xampp\htdocs\tpq\system\CodeIgniter.php(404): CodeIgniter\CodeIgniter->runController(Object(App\Controllers\GenerateBisaroh))
#6 C:\xampp\htdocs\tpq\system\CodeIgniter.php(312): CodeIgniter\CodeIgniter->handleRequest(NULL, Object(Config\Cache), false)
#7 C:\xampp\htdocs\tpq\public\index.php(45): CodeIgniter\CodeIgniter->run()
#8 C:\xampp\htdocs\tpq\system\Commands\Server\rewrite.php(34): require_once('C:\\xampp\\htdocs...')
#9 {main}
CRITICAL - 2021-09-05 21:46:09 --> Invalid argument supplied for foreach()
#0 C:\xampp\htdocs\tpq\app\Views\components\pdfBisaroh.php(120): CodeIgniter\Debug\Exceptions->errorHandler(2, 'Invalid argumen...', 'C:\\xampp\\htdocs...', 120, Array)
#1 C:\xampp\htdocs\tpq\system\View\View.php(246): include('C:\\xampp\\htdocs...')
#2 C:\xampp\htdocs\tpq\system\Common.php(1119): CodeIgniter\View\View->render('components/pdfB...', Array, true)
#3 C:\xampp\htdocs\tpq\app\Controllers\generateBisaroh.php(26): view('components/pdfB...', Array)
#4 C:\xampp\htdocs\tpq\system\CodeIgniter.php(918): App\Controllers\GenerateBisaroh->index()
#5 C:\xampp\htdocs\tpq\system\CodeIgniter.php(404): CodeIgniter\CodeIgniter->runController(Object(App\Controllers\GenerateBisaroh))
#6 C:\xampp\htdocs\tpq\system\CodeIgniter.php(312): CodeIgniter\CodeIgniter->handleRequest(NULL, Object(Config\Cache), false)
#7 C:\xampp\htdocs\tpq\public\index.php(45): CodeIgniter\CodeIgniter->run()
#8 C:\xampp\htdocs\tpq\system\Commands\Server\rewrite.php(34): require_once('C:\\xampp\\htdocs...')
#9 {main}
CRITICAL - 2021-09-05 21:46:15 --> Invalid argument supplied for foreach()
#0 C:\xampp\htdocs\tpq\app\Views\components\pdfBisaroh.php(120): CodeIgniter\Debug\Exceptions->errorHandler(2, 'Invalid argumen...', 'C:\\xampp\\htdocs...', 120, Array)
#1 C:\xampp\htdocs\tpq\system\View\View.php(246): include('C:\\xampp\\htdocs...')
#2 C:\xampp\htdocs\tpq\system\Common.php(1119): CodeIgniter\View\View->render('components/pdfB...', Array, true)
#3 C:\xampp\htdocs\tpq\app\Controllers\generateBisaroh.php(26): view('components/pdfB...', Array)
#4 C:\xampp\htdocs\tpq\system\CodeIgniter.php(918): App\Controllers\GenerateBisaroh->index()
#5 C:\xampp\htdocs\tpq\system\CodeIgniter.php(404): CodeIgniter\CodeIgniter->runController(Object(App\Controllers\GenerateBisaroh))
#6 C:\xampp\htdocs\tpq\system\CodeIgniter.php(312): CodeIgniter\CodeIgniter->handleRequest(NULL, Object(Config\Cache), false)
#7 C:\xampp\htdocs\tpq\public\index.php(45): CodeIgniter\CodeIgniter->run()
#8 C:\xampp\htdocs\tpq\system\Commands\Server\rewrite.php(34): require_once('C:\\xampp\\htdocs...')
#9 {main}
CRITICAL - 2021-09-05 21:46:16 --> Invalid argument supplied for foreach()
#0 C:\xampp\htdocs\tpq\app\Views\components\pdfBisaroh.php(120): CodeIgniter\Debug\Exceptions->errorHandler(2, 'Invalid argumen...', 'C:\\xampp\\htdocs...', 120, Array)
#1 C:\xampp\htdocs\tpq\system\View\View.php(246): include('C:\\xampp\\htdocs...')
#2 C:\xampp\htdocs\tpq\system\Common.php(1119): CodeIgniter\View\View->render('components/pdfB...', Array, true)
#3 C:\xampp\htdocs\tpq\app\Controllers\generateBisaroh.php(26): view('components/pdfB...', Array)
#4 C:\xampp\htdocs\tpq\system\CodeIgniter.php(918): App\Controllers\GenerateBisaroh->index()
#5 C:\xampp\htdocs\tpq\system\CodeIgniter.php(404): CodeIgniter\CodeIgniter->runController(Object(App\Controllers\GenerateBisaroh))
#6 C:\xampp\htdocs\tpq\system\CodeIgniter.php(312): CodeIgniter\CodeIgniter->handleRequest(NULL, Object(Config\Cache), false)
#7 C:\xampp\htdocs\tpq\public\index.php(45): CodeIgniter\CodeIgniter->run()
#8 C:\xampp\htdocs\tpq\system\Commands\Server\rewrite.php(34): require_once('C:\\xampp\\htdocs...')
#9 {main}
CRITICAL - 2021-09-05 21:46:35 --> Undefined index: bulan
#0 C:\xampp\htdocs\tpq\app\Controllers\generateBisaroh.php(21): CodeIgniter\Debug\Exceptions->errorHandler(8, 'Undefined index...', 'C:\\xampp\\htdocs...', 21, Array)
#1 C:\xampp\htdocs\tpq\system\CodeIgniter.php(918): App\Controllers\GenerateBisaroh->index()
#2 C:\xampp\htdocs\tpq\system\CodeIgniter.php(404): CodeIgniter\CodeIgniter->runController(Object(App\Controllers\GenerateBisaroh))
#3 C:\xampp\htdocs\tpq\system\CodeIgniter.php(312): CodeIgniter\CodeIgniter->handleRequest(NULL, Object(Config\Cache), false)
#4 C:\xampp\htdocs\tpq\public\index.php(45): CodeIgniter\CodeIgniter->run()
#5 C:\xampp\htdocs\tpq\system\Commands\Server\rewrite.php(34): require_once('C:\\xampp\\htdocs...')
#6 {main}
CRITICAL - 2021-09-05 21:46:52 --> Invalid argument supplied for foreach()
#0 C:\xampp\htdocs\tpq\app\Views\components\pdfBisaroh.php(120): CodeIgniter\Debug\Exceptions->errorHandler(2, 'Invalid argumen...', 'C:\\xampp\\htdocs...', 120, Array)
#1 C:\xampp\htdocs\tpq\system\View\View.php(246): include('C:\\xampp\\htdocs...')
#2 C:\xampp\htdocs\tpq\system\Common.php(1119): CodeIgniter\View\View->render('components/pdfB...', Array, true)
#3 C:\xampp\htdocs\tpq\app\Controllers\generateBisaroh.php(26): view('components/pdfB...', Array)
#4 C:\xampp\htdocs\tpq\system\CodeIgniter.php(918): App\Controllers\GenerateBisaroh->index()
#5 C:\xampp\htdocs\tpq\system\CodeIgniter.php(404): CodeIgniter\CodeIgniter->runController(Object(App\Controllers\GenerateBisaroh))
#6 C:\xampp\htdocs\tpq\system\CodeIgniter.php(312): CodeIgniter\CodeIgniter->handleRequest(NULL, Object(Config\Cache), false)
#7 C:\xampp\htdocs\tpq\public\index.php(45): CodeIgniter\CodeIgniter->run()
#8 C:\xampp\htdocs\tpq\system\Commands\Server\rewrite.php(34): require_once('C:\\xampp\\htdocs...')
#9 {main}
