CRITICAL - 2020-10-28 07:11:19 -->  route cannot be found while reverse-routing.
#0 C:\xampp\htdocs\tpq\system\HTTP\RedirectResponse.php(92): CodeIgniter\HTTP\Exceptions\HTTPException::forInvalidRedirectRoute('')
#1 C:\xampp\htdocs\tpq\system\Common.php(845): CodeIgniter\HTTP\RedirectResponse->route(false)
#2 C:\xampp\htdocs\tpq\app\Controllers\Home.php(29): redirect('http://localhos...')
#3 C:\xampp\htdocs\tpq\system\CodeIgniter.php(918): App\Controllers\Home->tulisAbsen()
#4 C:\xampp\htdocs\tpq\system\CodeIgniter.php(404): CodeIgniter\CodeIgniter->runController(Object(App\Controllers\Home))
#5 C:\xampp\htdocs\tpq\system\CodeIgniter.php(312): CodeIgniter\CodeIgniter->handleRequest(NULL, Object(Config\Cache), false)
#6 C:\xampp\htdocs\tpq\public\index.php(45): CodeIgniter\CodeIgniter->run()
#7 C:\xampp\htdocs\tpq\system\Commands\Server\rewrite.php(34): require_once('C:\\xampp\\htdocs...')
#8 {main}
CRITICAL - 2020-10-28 07:14:23 --> Argument 1 passed to CodeIgniter\HTTP\RedirectResponse::to() must be of the type string, null given, called in C:\xampp\htdocs\tpq\app\Controllers\Home.php on line 29
#0 C:\xampp\htdocs\tpq\app\Controllers\Home.php(29): CodeIgniter\HTTP\RedirectResponse->to(NULL)
#1 C:\xampp\htdocs\tpq\system\CodeIgniter.php(918): App\Controllers\Home->tulisAbsen()
#2 C:\xampp\htdocs\tpq\system\CodeIgniter.php(404): CodeIgniter\CodeIgniter->runController(Object(App\Controllers\Home))
#3 C:\xampp\htdocs\tpq\system\CodeIgniter.php(312): CodeIgniter\CodeIgniter->handleRequest(NULL, Object(Config\Cache), false)
#4 C:\xampp\htdocs\tpq\public\index.php(45): CodeIgniter\CodeIgniter->run()
#5 C:\xampp\htdocs\tpq\system\Commands\Server\rewrite.php(34): require_once('C:\\xampp\\htdocs...')
#6 {main}
CRITICAL - 2020-10-28 09:59:07 --> Too few arguments to function App\Models\AbsensiModel::absen(), 1 passed in C:\xampp\htdocs\tpq\app\Controllers\Absen.php on line 51 and exactly 2 expected
#0 C:\xampp\htdocs\tpq\app\Controllers\Absen.php(51): App\Models\AbsensiModel->absen(Array)
#1 C:\xampp\htdocs\tpq\system\CodeIgniter.php(918): App\Controllers\Absen->doAbsen()
#2 C:\xampp\htdocs\tpq\system\CodeIgniter.php(404): CodeIgniter\CodeIgniter->runController(Object(App\Controllers\Absen))
#3 C:\xampp\htdocs\tpq\system\CodeIgniter.php(312): CodeIgniter\CodeIgniter->handleRequest(NULL, Object(Config\Cache), false)
#4 C:\xampp\htdocs\tpq\public\index.php(45): CodeIgniter\CodeIgniter->run()
#5 C:\xampp\htdocs\tpq\system\Commands\Server\rewrite.php(34): require_once('C:\\xampp\\htdocs...')
#6 {main}
CRITICAL - 2020-10-28 09:59:21 --> Too few arguments to function App\Models\AbsensiModel::absen(), 1 passed in C:\xampp\htdocs\tpq\app\Controllers\Absen.php on line 51 and exactly 2 expected
#0 C:\xampp\htdocs\tpq\app\Controllers\Absen.php(51): App\Models\AbsensiModel->absen(Array)
#1 C:\xampp\htdocs\tpq\system\CodeIgniter.php(918): App\Controllers\Absen->doAbsen()
#2 C:\xampp\htdocs\tpq\system\CodeIgniter.php(404): CodeIgniter\CodeIgniter->runController(Object(App\Controllers\Absen))
#3 C:\xampp\htdocs\tpq\system\CodeIgniter.php(312): CodeIgniter\CodeIgniter->handleRequest(NULL, Object(Config\Cache), false)
#4 C:\xampp\htdocs\tpq\public\index.php(45): CodeIgniter\CodeIgniter->run()
#5 C:\xampp\htdocs\tpq\system\Commands\Server\rewrite.php(34): require_once('C:\\xampp\\htdocs...')
#6 {main}
CRITICAL - 2020-10-28 10:06:41 --> Call to undefined method CodeIgniter\Database\MySQLi\Builder::affectedRows()
#0 C:\xampp\htdocs\tpq\app\Controllers\Absen.php(50): App\Models\AbsensiModel->absen(Array)
#1 C:\xampp\htdocs\tpq\system\CodeIgniter.php(918): App\Controllers\Absen->doAbsen()
#2 C:\xampp\htdocs\tpq\system\CodeIgniter.php(404): CodeIgniter\CodeIgniter->runController(Object(App\Controllers\Absen))
#3 C:\xampp\htdocs\tpq\system\CodeIgniter.php(312): CodeIgniter\CodeIgniter->handleRequest(NULL, Object(Config\Cache), false)
#4 C:\xampp\htdocs\tpq\public\index.php(45): CodeIgniter\CodeIgniter->run()
#5 C:\xampp\htdocs\tpq\system\Commands\Server\rewrite.php(34): require_once('C:\\xampp\\htdocs...')
#6 {main}
CRITICAL - 2020-10-28 10:06:43 --> Call to undefined method CodeIgniter\Database\MySQLi\Builder::affectedRows()
#0 C:\xampp\htdocs\tpq\app\Controllers\Absen.php(50): App\Models\AbsensiModel->absen(Array)
#1 C:\xampp\htdocs\tpq\system\CodeIgniter.php(918): App\Controllers\Absen->doAbsen()
#2 C:\xampp\htdocs\tpq\system\CodeIgniter.php(404): CodeIgniter\CodeIgniter->runController(Object(App\Controllers\Absen))
#3 C:\xampp\htdocs\tpq\system\CodeIgniter.php(312): CodeIgniter\CodeIgniter->handleRequest(NULL, Object(Config\Cache), false)
#4 C:\xampp\htdocs\tpq\public\index.php(45): CodeIgniter\CodeIgniter->run()
#5 C:\xampp\htdocs\tpq\system\Commands\Server\rewrite.php(34): require_once('C:\\xampp\\htdocs...')
#6 {main}
CRITICAL - 2020-10-28 10:07:28 --> You must specify an index to match on for batch updates.
#0 C:\xampp\htdocs\tpq\app\Models\AbsensiModel.php(96): CodeIgniter\Database\BaseBuilder->updateBatch()
#1 C:\xampp\htdocs\tpq\app\Controllers\Absen.php(50): App\Models\AbsensiModel->absen(Array)
#2 C:\xampp\htdocs\tpq\system\CodeIgniter.php(918): App\Controllers\Absen->doAbsen()
#3 C:\xampp\htdocs\tpq\system\CodeIgniter.php(404): CodeIgniter\CodeIgniter->runController(Object(App\Controllers\Absen))
#4 C:\xampp\htdocs\tpq\system\CodeIgniter.php(312): CodeIgniter\CodeIgniter->handleRequest(NULL, Object(Config\Cache), false)
#5 C:\xampp\htdocs\tpq\public\index.php(45): CodeIgniter\CodeIgniter->run()
#6 C:\xampp\htdocs\tpq\system\Commands\Server\rewrite.php(34): require_once('C:\\xampp\\htdocs...')
#7 {main}
CRITICAL - 2020-10-28 10:09:31 --> Call to undefined method CodeIgniter\Database\MySQLi\Builder::affected_rows()
#0 C:\xampp\htdocs\tpq\app\Controllers\Absen.php(50): App\Models\AbsensiModel->absen(Array)
#1 C:\xampp\htdocs\tpq\system\CodeIgniter.php(918): App\Controllers\Absen->doAbsen()
#2 C:\xampp\htdocs\tpq\system\CodeIgniter.php(404): CodeIgniter\CodeIgniter->runController(Object(App\Controllers\Absen))
#3 C:\xampp\htdocs\tpq\system\CodeIgniter.php(312): CodeIgniter\CodeIgniter->handleRequest(NULL, Object(Config\Cache), false)
#4 C:\xampp\htdocs\tpq\public\index.php(45): CodeIgniter\CodeIgniter->run()
#5 C:\xampp\htdocs\tpq\system\Commands\Server\rewrite.php(34): require_once('C:\\xampp\\htdocs...')
#6 {main}
CRITICAL - 2020-10-28 10:09:32 --> Call to undefined method CodeIgniter\Database\MySQLi\Builder::affected_rows()
#0 C:\xampp\htdocs\tpq\app\Controllers\Absen.php(50): App\Models\AbsensiModel->absen(Array)
#1 C:\xampp\htdocs\tpq\system\CodeIgniter.php(918): App\Controllers\Absen->doAbsen()
#2 C:\xampp\htdocs\tpq\system\CodeIgniter.php(404): CodeIgniter\CodeIgniter->runController(Object(App\Controllers\Absen))
#3 C:\xampp\htdocs\tpq\system\CodeIgniter.php(312): CodeIgniter\CodeIgniter->handleRequest(NULL, Object(Config\Cache), false)
#4 C:\xampp\htdocs\tpq\public\index.php(45): CodeIgniter\CodeIgniter->run()
#5 C:\xampp\htdocs\tpq\system\Commands\Server\rewrite.php(34): require_once('C:\\xampp\\htdocs...')
#6 {main}
CRITICAL - 2020-10-28 10:11:11 --> Call to undefined method CodeIgniter\Database\MySQLi\Builder::affectedRows()
#0 C:\xampp\htdocs\tpq\app\Controllers\Absen.php(50): App\Models\AbsensiModel->absen(Array)
#1 C:\xampp\htdocs\tpq\system\CodeIgniter.php(918): App\Controllers\Absen->doAbsen()
#2 C:\xampp\htdocs\tpq\system\CodeIgniter.php(404): CodeIgniter\CodeIgniter->runController(Object(App\Controllers\Absen))
#3 C:\xampp\htdocs\tpq\system\CodeIgniter.php(312): CodeIgniter\CodeIgniter->handleRequest(NULL, Object(Config\Cache), false)
#4 C:\xampp\htdocs\tpq\public\index.php(45): CodeIgniter\CodeIgniter->run()
#5 C:\xampp\htdocs\tpq\system\Commands\Server\rewrite.php(34): require_once('C:\\xampp\\htdocs...')
#6 {main}
CRITICAL - 2020-10-28 10:16:47 --> Call to undefined method CodeIgniter\Database\MySQLi\Builder::affectedRows()
#0 C:\xampp\htdocs\tpq\app\Controllers\Absen.php(50): App\Models\AbsensiModel->absen(Array)
#1 C:\xampp\htdocs\tpq\system\CodeIgniter.php(918): App\Controllers\Absen->doAbsen()
#2 C:\xampp\htdocs\tpq\system\CodeIgniter.php(404): CodeIgniter\CodeIgniter->runController(Object(App\Controllers\Absen))
#3 C:\xampp\htdocs\tpq\system\CodeIgniter.php(312): CodeIgniter\CodeIgniter->handleRequest(NULL, Object(Config\Cache), false)
#4 C:\xampp\htdocs\tpq\public\index.php(45): CodeIgniter\CodeIgniter->run()
#5 C:\xampp\htdocs\tpq\system\Commands\Server\rewrite.php(34): require_once('C:\\xampp\\htdocs...')
#6 {main}
CRITICAL - 2020-10-28 10:16:49 --> Call to undefined method CodeIgniter\Database\MySQLi\Builder::affectedRows()
#0 C:\xampp\htdocs\tpq\app\Controllers\Absen.php(50): App\Models\AbsensiModel->absen(Array)
#1 C:\xampp\htdocs\tpq\system\CodeIgniter.php(918): App\Controllers\Absen->doAbsen()
#2 C:\xampp\htdocs\tpq\system\CodeIgniter.php(404): CodeIgniter\CodeIgniter->runController(Object(App\Controllers\Absen))
#3 C:\xampp\htdocs\tpq\system\CodeIgniter.php(312): CodeIgniter\CodeIgniter->handleRequest(NULL, Object(Config\Cache), false)
#4 C:\xampp\htdocs\tpq\public\index.php(45): CodeIgniter\CodeIgniter->run()
#5 C:\xampp\htdocs\tpq\system\Commands\Server\rewrite.php(34): require_once('C:\\xampp\\htdocs...')
#6 {main}
CRITICAL - 2020-10-28 11:07:21 --> Call to undefined method CodeIgniter\Database\MySQLi\Builder::affected_rows()
#0 C:\xampp\htdocs\tpq\app\Controllers\Absen.php(50): App\Models\AbsensiModel->absen(Array)
#1 C:\xampp\htdocs\tpq\system\CodeIgniter.php(918): App\Controllers\Absen->doAbsen()
#2 C:\xampp\htdocs\tpq\system\CodeIgniter.php(404): CodeIgniter\CodeIgniter->runController(Object(App\Controllers\Absen))
#3 C:\xampp\htdocs\tpq\system\CodeIgniter.php(312): CodeIgniter\CodeIgniter->handleRequest(NULL, Object(Config\Cache), false)
#4 C:\xampp\htdocs\tpq\public\index.php(45): CodeIgniter\CodeIgniter->run()
#5 C:\xampp\htdocs\tpq\system\Commands\Server\rewrite.php(34): require_once('C:\\xampp\\htdocs...')
#6 {main}
CRITICAL - 2020-10-28 11:09:41 --> Call to undefined method CodeIgniter\Database\MySQLi\Builder::affetedRows()
#0 C:\xampp\htdocs\tpq\app\Controllers\Absen.php(50): App\Models\AbsensiModel->absen(Array)
#1 C:\xampp\htdocs\tpq\system\CodeIgniter.php(918): App\Controllers\Absen->doAbsen()
#2 C:\xampp\htdocs\tpq\system\CodeIgniter.php(404): CodeIgniter\CodeIgniter->runController(Object(App\Controllers\Absen))
#3 C:\xampp\htdocs\tpq\system\CodeIgniter.php(312): CodeIgniter\CodeIgniter->handleRequest(NULL, Object(Config\Cache), false)
#4 C:\xampp\htdocs\tpq\public\index.php(45): CodeIgniter\CodeIgniter->run()
#5 C:\xampp\htdocs\tpq\system\Commands\Server\rewrite.php(34): require_once('C:\\xampp\\htdocs...')
#6 {main}
CRITICAL - 2020-10-28 11:16:40 --> Unknown column 'shift_malam' in 'field list'
#0 C:\xampp\htdocs\tpq\system\Database\MySQLi\Connection.php(331): mysqli->query('UPDATE `tabel_a...')
#1 C:\xampp\htdocs\tpq\system\Database\BaseConnection.php(741): CodeIgniter\Database\MySQLi\Connection->execute('UPDATE `tabel_a...')
#2 C:\xampp\htdocs\tpq\system\Database\BaseConnection.php(669): CodeIgniter\Database\BaseConnection->simpleQuery('UPDATE `tabel_a...')
#3 C:\xampp\htdocs\tpq\system\Database\BaseBuilder.php(2456): CodeIgniter\Database\BaseConnection->query('UPDATE `tabel_a...', Array, false)
#4 C:\xampp\htdocs\tpq\app\Models\AbsensiModel.php(95): CodeIgniter\Database\BaseBuilder->update()
#5 C:\xampp\htdocs\tpq\app\Controllers\Absen.php(51): App\Models\AbsensiModel->absen(Array)
#6 C:\xampp\htdocs\tpq\system\CodeIgniter.php(918): App\Controllers\Absen->doAbsen()
#7 C:\xampp\htdocs\tpq\system\CodeIgniter.php(404): CodeIgniter\CodeIgniter->runController(Object(App\Controllers\Absen))
#8 C:\xampp\htdocs\tpq\system\CodeIgniter.php(312): CodeIgniter\CodeIgniter->handleRequest(NULL, Object(Config\Cache), false)
#9 C:\xampp\htdocs\tpq\public\index.php(45): CodeIgniter\CodeIgniter->run()
#10 C:\xampp\htdocs\tpq\system\Commands\Server\rewrite.php(34): require_once('C:\\xampp\\htdocs...')
#11 {main}
