CRITICAL - 2020-12-12 07:44:13 --> Unable to connect to the database.
#0 C:\xampp\htdocs\tpq\system\Database\BaseConnection.php(646): CodeIgniter\Database\BaseConnection->initialize()
#1 C:\xampp\htdocs\tpq\system\Database\BaseBuilder.php(1952): CodeIgniter\Database\BaseConnection->query('SELECT COUNT(*)...', Array, false)
#2 C:\xampp\htdocs\tpq\app\Models\AbsensiModel.php(61): CodeIgniter\Database\BaseBuilder->countAllResults()
#3 C:\xampp\htdocs\tpq\app\Models\AbsensiModel.php(66): App\Models\AbsensiModel->checkAbsensiHariIni()
#4 C:\xampp\htdocs\tpq\app\Controllers\Absen.php(30): App\Models\AbsensiModel->tulisAbsen()
#5 C:\xampp\htdocs\tpq\app\Controllers\Absen.php(18): App\Controllers\Absen->tulisAbsen()
#6 C:\xampp\htdocs\tpq\system\CodeIgniter.php(918): App\Controllers\Absen->index()
#7 C:\xampp\htdocs\tpq\system\CodeIgniter.php(404): CodeIgniter\CodeIgniter->runController(Object(App\Controllers\Absen))
#8 C:\xampp\htdocs\tpq\system\CodeIgniter.php(312): CodeIgniter\CodeIgniter->handleRequest(NULL, Object(Config\Cache), false)
#9 C:\xampp\htdocs\tpq\public\index.php(45): CodeIgniter\CodeIgniter->run()
#10 C:\xampp\htdocs\tpq\system\Commands\Server\rewrite.php(34): require_once('C:\\xampp\\htdocs...')
#11 {main}
CRITICAL - 2020-12-12 15:58:59 --> Unable to connect to the database.
#0 C:\xampp\htdocs\tpq\system\Database\BaseConnection.php(646): CodeIgniter\Database\BaseConnection->initialize()
#1 C:\xampp\htdocs\tpq\system\Database\BaseBuilder.php(1952): CodeIgniter\Database\BaseConnection->query('SELECT COUNT(*)...', Array, false)
#2 C:\xampp\htdocs\tpq\app\Models\AbsensiModel.php(61): CodeIgniter\Database\BaseBuilder->countAllResults()
#3 C:\xampp\htdocs\tpq\app\Models\AbsensiModel.php(66): App\Models\AbsensiModel->checkAbsensiHariIni()
#4 C:\xampp\htdocs\tpq\app\Controllers\Absen.php(30): App\Models\AbsensiModel->tulisAbsen()
#5 C:\xampp\htdocs\tpq\app\Controllers\Absen.php(18): App\Controllers\Absen->tulisAbsen()
#6 C:\xampp\htdocs\tpq\system\CodeIgniter.php(918): App\Controllers\Absen->index()
#7 C:\xampp\htdocs\tpq\system\CodeIgniter.php(404): CodeIgniter\CodeIgniter->runController(Object(App\Controllers\Absen))
#8 C:\xampp\htdocs\tpq\system\CodeIgniter.php(312): CodeIgniter\CodeIgniter->handleRequest(NULL, Object(Config\Cache), false)
#9 C:\xampp\htdocs\tpq\public\index.php(45): CodeIgniter\CodeIgniter->run()
#10 C:\xampp\htdocs\tpq\system\Commands\Server\rewrite.php(34): require_once('C:\\xampp\\htdocs...')
#11 {main}
CRITICAL - 2020-12-12 16:00:36 --> Unable to connect to the database.
#0 C:\xampp\htdocs\tpq\system\Database\BaseConnection.php(646): CodeIgniter\Database\BaseConnection->initialize()
#1 C:\xampp\htdocs\tpq\system\Database\BaseBuilder.php(1952): CodeIgniter\Database\BaseConnection->query('SELECT COUNT(*)...', Array, false)
#2 C:\xampp\htdocs\tpq\app\Models\AbsensiModel.php(61): CodeIgniter\Database\BaseBuilder->countAllResults()
#3 C:\xampp\htdocs\tpq\app\Models\AbsensiModel.php(66): App\Models\AbsensiModel->checkAbsensiHariIni()
#4 C:\xampp\htdocs\tpq\app\Controllers\Absen.php(30): App\Models\AbsensiModel->tulisAbsen()
#5 C:\xampp\htdocs\tpq\app\Controllers\Absen.php(18): App\Controllers\Absen->tulisAbsen()
#6 C:\xampp\htdocs\tpq\system\CodeIgniter.php(918): App\Controllers\Absen->index()
#7 C:\xampp\htdocs\tpq\system\CodeIgniter.php(404): CodeIgniter\CodeIgniter->runController(Object(App\Controllers\Absen))
#8 C:\xampp\htdocs\tpq\system\CodeIgniter.php(312): CodeIgniter\CodeIgniter->handleRequest(NULL, Object(Config\Cache), false)
#9 C:\xampp\htdocs\tpq\public\index.php(45): CodeIgniter\CodeIgniter->run()
#10 C:\xampp\htdocs\tpq\system\Commands\Server\rewrite.php(34): require_once('C:\\xampp\\htdocs...')
#11 {main}
CRITICAL - 2020-12-12 16:00:53 --> Unable to connect to the database.
#0 C:\xampp\htdocs\tpq\system\Database\BaseConnection.php(646): CodeIgniter\Database\BaseConnection->initialize()
#1 C:\xampp\htdocs\tpq\system\Database\BaseBuilder.php(1952): CodeIgniter\Database\BaseConnection->query('SELECT COUNT(*)...', Array, false)
#2 C:\xampp\htdocs\tpq\app\Models\AbsensiModel.php(61): CodeIgniter\Database\BaseBuilder->countAllResults()
#3 C:\xampp\htdocs\tpq\app\Models\AbsensiModel.php(66): App\Models\AbsensiModel->checkAbsensiHariIni()
#4 C:\xampp\htdocs\tpq\app\Controllers\Absen.php(30): App\Models\AbsensiModel->tulisAbsen()
#5 C:\xampp\htdocs\tpq\app\Controllers\Absen.php(18): App\Controllers\Absen->tulisAbsen()
#6 C:\xampp\htdocs\tpq\system\CodeIgniter.php(918): App\Controllers\Absen->index()
#7 C:\xampp\htdocs\tpq\system\CodeIgniter.php(404): CodeIgniter\CodeIgniter->runController(Object(App\Controllers\Absen))
#8 C:\xampp\htdocs\tpq\system\CodeIgniter.php(312): CodeIgniter\CodeIgniter->handleRequest(NULL, Object(Config\Cache), false)
#9 C:\xampp\htdocs\tpq\public\index.php(45): CodeIgniter\CodeIgniter->run()
#10 C:\xampp\htdocs\tpq\system\Commands\Server\rewrite.php(34): require_once('C:\\xampp\\htdocs...')
#11 {main}
CRITICAL - 2020-12-12 16:01:08 --> Unable to connect to the database.
#0 C:\xampp\htdocs\tpq\system\Database\BaseConnection.php(646): CodeIgniter\Database\BaseConnection->initialize()
#1 C:\xampp\htdocs\tpq\system\Database\BaseBuilder.php(1952): CodeIgniter\Database\BaseConnection->query('SELECT COUNT(*)...', Array, false)
#2 C:\xampp\htdocs\tpq\app\Models\AbsensiModel.php(61): CodeIgniter\Database\BaseBuilder->countAllResults()
#3 C:\xampp\htdocs\tpq\app\Models\AbsensiModel.php(66): App\Models\AbsensiModel->checkAbsensiHariIni()
#4 C:\xampp\htdocs\tpq\app\Controllers\Absen.php(30): App\Models\AbsensiModel->tulisAbsen()
#5 C:\xampp\htdocs\tpq\app\Controllers\Absen.php(18): App\Controllers\Absen->tulisAbsen()
#6 C:\xampp\htdocs\tpq\system\CodeIgniter.php(918): App\Controllers\Absen->index()
#7 C:\xampp\htdocs\tpq\system\CodeIgniter.php(404): CodeIgniter\CodeIgniter->runController(Object(App\Controllers\Absen))
#8 C:\xampp\htdocs\tpq\system\CodeIgniter.php(312): CodeIgniter\CodeIgniter->handleRequest(NULL, Object(Config\Cache), false)
#9 C:\xampp\htdocs\tpq\public\index.php(45): CodeIgniter\CodeIgniter->run()
#10 C:\xampp\htdocs\tpq\system\Commands\Server\rewrite.php(34): require_once('C:\\xampp\\htdocs...')
#11 {main}
CRITICAL - 2020-12-12 16:01:22 --> Unable to connect to the database.
#0 C:\xampp\htdocs\tpq\system\Database\BaseConnection.php(646): CodeIgniter\Database\BaseConnection->initialize()
#1 C:\xampp\htdocs\tpq\system\Database\BaseBuilder.php(1952): CodeIgniter\Database\BaseConnection->query('SELECT COUNT(*)...', Array, false)
#2 C:\xampp\htdocs\tpq\app\Models\AbsensiModel.php(61): CodeIgniter\Database\BaseBuilder->countAllResults()
#3 C:\xampp\htdocs\tpq\app\Models\AbsensiModel.php(66): App\Models\AbsensiModel->checkAbsensiHariIni()
#4 C:\xampp\htdocs\tpq\app\Controllers\Absen.php(30): App\Models\AbsensiModel->tulisAbsen()
#5 C:\xampp\htdocs\tpq\app\Controllers\Absen.php(18): App\Controllers\Absen->tulisAbsen()
#6 C:\xampp\htdocs\tpq\system\CodeIgniter.php(918): App\Controllers\Absen->index()
#7 C:\xampp\htdocs\tpq\system\CodeIgniter.php(404): CodeIgniter\CodeIgniter->runController(Object(App\Controllers\Absen))
#8 C:\xampp\htdocs\tpq\system\CodeIgniter.php(312): CodeIgniter\CodeIgniter->handleRequest(NULL, Object(Config\Cache), false)
#9 C:\xampp\htdocs\tpq\public\index.php(45): CodeIgniter\CodeIgniter->run()
#10 C:\xampp\htdocs\tpq\system\Commands\Server\rewrite.php(34): require_once('C:\\xampp\\htdocs...')
#11 {main}
CRITICAL - 2020-12-12 16:01:48 --> Unable to connect to the database.
#0 C:\xampp\htdocs\tpq\system\Database\BaseConnection.php(646): CodeIgniter\Database\BaseConnection->initialize()
#1 C:\xampp\htdocs\tpq\system\Database\BaseBuilder.php(1952): CodeIgniter\Database\BaseConnection->query('SELECT COUNT(*)...', Array, false)
#2 C:\xampp\htdocs\tpq\app\Models\AbsensiModel.php(61): CodeIgniter\Database\BaseBuilder->countAllResults()
#3 C:\xampp\htdocs\tpq\app\Models\AbsensiModel.php(66): App\Models\AbsensiModel->checkAbsensiHariIni()
#4 C:\xampp\htdocs\tpq\app\Controllers\Absen.php(30): App\Models\AbsensiModel->tulisAbsen()
#5 C:\xampp\htdocs\tpq\app\Controllers\Absen.php(18): App\Controllers\Absen->tulisAbsen()
#6 C:\xampp\htdocs\tpq\system\CodeIgniter.php(918): App\Controllers\Absen->index()
#7 C:\xampp\htdocs\tpq\system\CodeIgniter.php(404): CodeIgniter\CodeIgniter->runController(Object(App\Controllers\Absen))
#8 C:\xampp\htdocs\tpq\system\CodeIgniter.php(312): CodeIgniter\CodeIgniter->handleRequest(NULL, Object(Config\Cache), false)
#9 C:\xampp\htdocs\tpq\public\index.php(45): CodeIgniter\CodeIgniter->run()
#10 C:\xampp\htdocs\tpq\system\Commands\Server\rewrite.php(34): require_once('C:\\xampp\\htdocs...')
#11 {main}
CRITICAL - 2020-12-12 16:04:36 --> Unable to connect to the database.
#0 C:\xampp\htdocs\tpq\system\Database\BaseConnection.php(646): CodeIgniter\Database\BaseConnection->initialize()
#1 C:\xampp\htdocs\tpq\system\Database\BaseBuilder.php(1952): CodeIgniter\Database\BaseConnection->query('SELECT COUNT(*)...', Array, false)
#2 C:\xampp\htdocs\tpq\app\Models\AbsensiModel.php(61): CodeIgniter\Database\BaseBuilder->countAllResults()
#3 C:\xampp\htdocs\tpq\app\Models\AbsensiModel.php(66): App\Models\AbsensiModel->checkAbsensiHariIni()
#4 C:\xampp\htdocs\tpq\app\Controllers\Absen.php(30): App\Models\AbsensiModel->tulisAbsen()
#5 C:\xampp\htdocs\tpq\app\Controllers\Absen.php(18): App\Controllers\Absen->tulisAbsen()
#6 C:\xampp\htdocs\tpq\system\CodeIgniter.php(918): App\Controllers\Absen->index()
#7 C:\xampp\htdocs\tpq\system\CodeIgniter.php(404): CodeIgniter\CodeIgniter->runController(Object(App\Controllers\Absen))
#8 C:\xampp\htdocs\tpq\system\CodeIgniter.php(312): CodeIgniter\CodeIgniter->handleRequest(NULL, Object(Config\Cache), false)
#9 C:\xampp\htdocs\tpq\public\index.php(45): CodeIgniter\CodeIgniter->run()
#10 C:\xampp\htdocs\tpq\system\Commands\Server\rewrite.php(34): require_once('C:\\xampp\\htdocs...')
#11 {main}
CRITICAL - 2020-12-12 16:08:00 --> Unable to connect to the database.
#0 C:\xampp\htdocs\tpq\system\Database\BaseConnection.php(646): CodeIgniter\Database\BaseConnection->initialize()
#1 C:\xampp\htdocs\tpq\system\Database\BaseBuilder.php(1952): CodeIgniter\Database\BaseConnection->query('SELECT COUNT(*)...', Array, false)
#2 C:\xampp\htdocs\tpq\app\Models\AbsensiModel.php(61): CodeIgniter\Database\BaseBuilder->countAllResults()
#3 C:\xampp\htdocs\tpq\app\Models\AbsensiModel.php(66): App\Models\AbsensiModel->checkAbsensiHariIni()
#4 C:\xampp\htdocs\tpq\app\Controllers\Absen.php(30): App\Models\AbsensiModel->tulisAbsen()
#5 C:\xampp\htdocs\tpq\app\Controllers\Absen.php(18): App\Controllers\Absen->tulisAbsen()
#6 C:\xampp\htdocs\tpq\system\CodeIgniter.php(918): App\Controllers\Absen->index()
#7 C:\xampp\htdocs\tpq\system\CodeIgniter.php(404): CodeIgniter\CodeIgniter->runController(Object(App\Controllers\Absen))
#8 C:\xampp\htdocs\tpq\system\CodeIgniter.php(312): CodeIgniter\CodeIgniter->handleRequest(NULL, Object(Config\Cache), false)
#9 C:\xampp\htdocs\tpq\public\index.php(45): CodeIgniter\CodeIgniter->run()
#10 C:\xampp\htdocs\tpq\system\Commands\Server\rewrite.php(34): require_once('C:\\xampp\\htdocs...')
#11 {main}
CRITICAL - 2020-12-12 16:08:58 --> Unable to connect to the database.
#0 C:\xampp\htdocs\tpq\system\Database\BaseConnection.php(646): CodeIgniter\Database\BaseConnection->initialize()
#1 C:\xampp\htdocs\tpq\system\Database\BaseBuilder.php(1952): CodeIgniter\Database\BaseConnection->query('SELECT COUNT(*)...', Array, false)
#2 C:\xampp\htdocs\tpq\app\Models\AbsensiModel.php(61): CodeIgniter\Database\BaseBuilder->countAllResults()
#3 C:\xampp\htdocs\tpq\app\Models\AbsensiModel.php(66): App\Models\AbsensiModel->checkAbsensiHariIni()
#4 C:\xampp\htdocs\tpq\app\Controllers\Absen.php(30): App\Models\AbsensiModel->tulisAbsen()
#5 C:\xampp\htdocs\tpq\app\Controllers\Absen.php(18): App\Controllers\Absen->tulisAbsen()
#6 C:\xampp\htdocs\tpq\system\CodeIgniter.php(918): App\Controllers\Absen->index()
#7 C:\xampp\htdocs\tpq\system\CodeIgniter.php(404): CodeIgniter\CodeIgniter->runController(Object(App\Controllers\Absen))
#8 C:\xampp\htdocs\tpq\system\CodeIgniter.php(312): CodeIgniter\CodeIgniter->handleRequest(NULL, Object(Config\Cache), false)
#9 C:\xampp\htdocs\tpq\public\index.php(45): CodeIgniter\CodeIgniter->run()
#10 C:\xampp\htdocs\tpq\system\Commands\Server\rewrite.php(34): require_once('C:\\xampp\\htdocs...')
#11 {main}
CRITICAL - 2020-12-12 16:09:54 --> Unable to connect to the database.
#0 C:\xampp\htdocs\tpq\system\Database\BaseConnection.php(646): CodeIgniter\Database\BaseConnection->initialize()
#1 C:\xampp\htdocs\tpq\system\Database\BaseBuilder.php(1952): CodeIgniter\Database\BaseConnection->query('SELECT COUNT(*)...', Array, false)
#2 C:\xampp\htdocs\tpq\app\Models\AbsensiModel.php(61): CodeIgniter\Database\BaseBuilder->countAllResults()
#3 C:\xampp\htdocs\tpq\app\Models\AbsensiModel.php(66): App\Models\AbsensiModel->checkAbsensiHariIni()
#4 C:\xampp\htdocs\tpq\app\Controllers\Absen.php(30): App\Models\AbsensiModel->tulisAbsen()
#5 C:\xampp\htdocs\tpq\app\Controllers\Absen.php(18): App\Controllers\Absen->tulisAbsen()
#6 C:\xampp\htdocs\tpq\system\CodeIgniter.php(918): App\Controllers\Absen->index()
#7 C:\xampp\htdocs\tpq\system\CodeIgniter.php(404): CodeIgniter\CodeIgniter->runController(Object(App\Controllers\Absen))
#8 C:\xampp\htdocs\tpq\system\CodeIgniter.php(312): CodeIgniter\CodeIgniter->handleRequest(NULL, Object(Config\Cache), false)
#9 C:\xampp\htdocs\tpq\public\index.php(45): CodeIgniter\CodeIgniter->run()
#10 C:\xampp\htdocs\tpq\system\Commands\Server\rewrite.php(34): require_once('C:\\xampp\\htdocs...')
#11 {main}
CRITICAL - 2020-12-12 16:10:22 --> Unable to connect to the database.
#0 C:\xampp\htdocs\tpq\system\Database\BaseConnection.php(646): CodeIgniter\Database\BaseConnection->initialize()
#1 C:\xampp\htdocs\tpq\system\Database\BaseBuilder.php(1952): CodeIgniter\Database\BaseConnection->query('SELECT COUNT(*)...', Array, false)
#2 C:\xampp\htdocs\tpq\app\Models\AbsensiModel.php(61): CodeIgniter\Database\BaseBuilder->countAllResults()
#3 C:\xampp\htdocs\tpq\app\Models\AbsensiModel.php(66): App\Models\AbsensiModel->checkAbsensiHariIni()
#4 C:\xampp\htdocs\tpq\app\Controllers\Absen.php(30): App\Models\AbsensiModel->tulisAbsen()
#5 C:\xampp\htdocs\tpq\app\Controllers\Absen.php(18): App\Controllers\Absen->tulisAbsen()
#6 C:\xampp\htdocs\tpq\system\CodeIgniter.php(918): App\Controllers\Absen->index()
#7 C:\xampp\htdocs\tpq\system\CodeIgniter.php(404): CodeIgniter\CodeIgniter->runController(Object(App\Controllers\Absen))
#8 C:\xampp\htdocs\tpq\system\CodeIgniter.php(312): CodeIgniter\CodeIgniter->handleRequest(NULL, Object(Config\Cache), false)
#9 C:\xampp\htdocs\tpq\public\index.php(45): CodeIgniter\CodeIgniter->run()
#10 C:\xampp\htdocs\tpq\system\Commands\Server\rewrite.php(34): require_once('C:\\xampp\\htdocs...')
#11 {main}
CRITICAL - 2020-12-12 16:10:40 --> Unable to connect to the database.
#0 C:\xampp\htdocs\tpq\system\Database\BaseConnection.php(646): CodeIgniter\Database\BaseConnection->initialize()
#1 C:\xampp\htdocs\tpq\system\Database\BaseBuilder.php(1952): CodeIgniter\Database\BaseConnection->query('SELECT COUNT(*)...', Array, false)
#2 C:\xampp\htdocs\tpq\app\Models\AbsensiModel.php(61): CodeIgniter\Database\BaseBuilder->countAllResults()
#3 C:\xampp\htdocs\tpq\app\Models\AbsensiModel.php(66): App\Models\AbsensiModel->checkAbsensiHariIni()
#4 C:\xampp\htdocs\tpq\app\Controllers\Absen.php(30): App\Models\AbsensiModel->tulisAbsen()
#5 C:\xampp\htdocs\tpq\app\Controllers\Absen.php(18): App\Controllers\Absen->tulisAbsen()
#6 C:\xampp\htdocs\tpq\system\CodeIgniter.php(918): App\Controllers\Absen->index()
#7 C:\xampp\htdocs\tpq\system\CodeIgniter.php(404): CodeIgniter\CodeIgniter->runController(Object(App\Controllers\Absen))
#8 C:\xampp\htdocs\tpq\system\CodeIgniter.php(312): CodeIgniter\CodeIgniter->handleRequest(NULL, Object(Config\Cache), false)
#9 C:\xampp\htdocs\tpq\public\index.php(45): CodeIgniter\CodeIgniter->run()
#10 C:\xampp\htdocs\tpq\system\Commands\Server\rewrite.php(34): require_once('C:\\xampp\\htdocs...')
#11 {main}
CRITICAL - 2020-12-12 16:11:04 --> Unable to connect to the database.
#0 C:\xampp\htdocs\tpq\system\Database\BaseConnection.php(646): CodeIgniter\Database\BaseConnection->initialize()
#1 C:\xampp\htdocs\tpq\system\Database\BaseBuilder.php(1952): CodeIgniter\Database\BaseConnection->query('SELECT COUNT(*)...', Array, false)
#2 C:\xampp\htdocs\tpq\app\Models\AbsensiModel.php(61): CodeIgniter\Database\BaseBuilder->countAllResults()
#3 C:\xampp\htdocs\tpq\app\Models\AbsensiModel.php(66): App\Models\AbsensiModel->checkAbsensiHariIni()
#4 C:\xampp\htdocs\tpq\app\Controllers\Absen.php(30): App\Models\AbsensiModel->tulisAbsen()
#5 C:\xampp\htdocs\tpq\app\Controllers\Absen.php(18): App\Controllers\Absen->tulisAbsen()
#6 C:\xampp\htdocs\tpq\system\CodeIgniter.php(918): App\Controllers\Absen->index()
#7 C:\xampp\htdocs\tpq\system\CodeIgniter.php(404): CodeIgniter\CodeIgniter->runController(Object(App\Controllers\Absen))
#8 C:\xampp\htdocs\tpq\system\CodeIgniter.php(312): CodeIgniter\CodeIgniter->handleRequest(NULL, Object(Config\Cache), false)
#9 C:\xampp\htdocs\tpq\public\index.php(45): CodeIgniter\CodeIgniter->run()
#10 C:\xampp\htdocs\tpq\system\Commands\Server\rewrite.php(34): require_once('C:\\xampp\\htdocs...')
#11 {main}
CRITICAL - 2020-12-12 16:11:16 --> Unable to connect to the database.
#0 C:\xampp\htdocs\tpq\system\Database\BaseConnection.php(646): CodeIgniter\Database\BaseConnection->initialize()
#1 C:\xampp\htdocs\tpq\system\Database\BaseBuilder.php(1952): CodeIgniter\Database\BaseConnection->query('SELECT COUNT(*)...', Array, false)
#2 C:\xampp\htdocs\tpq\app\Models\AbsensiModel.php(61): CodeIgniter\Database\BaseBuilder->countAllResults()
#3 C:\xampp\htdocs\tpq\app\Models\AbsensiModel.php(66): App\Models\AbsensiModel->checkAbsensiHariIni()
#4 C:\xampp\htdocs\tpq\app\Controllers\Absen.php(30): App\Models\AbsensiModel->tulisAbsen()
#5 C:\xampp\htdocs\tpq\app\Controllers\Absen.php(18): App\Controllers\Absen->tulisAbsen()
#6 C:\xampp\htdocs\tpq\system\CodeIgniter.php(918): App\Controllers\Absen->index()
#7 C:\xampp\htdocs\tpq\system\CodeIgniter.php(404): CodeIgniter\CodeIgniter->runController(Object(App\Controllers\Absen))
#8 C:\xampp\htdocs\tpq\system\CodeIgniter.php(312): CodeIgniter\CodeIgniter->handleRequest(NULL, Object(Config\Cache), false)
#9 C:\xampp\htdocs\tpq\public\index.php(45): CodeIgniter\CodeIgniter->run()
#10 C:\xampp\htdocs\tpq\system\Commands\Server\rewrite.php(34): require_once('C:\\xampp\\htdocs...')
#11 {main}
CRITICAL - 2020-12-12 16:11:28 --> Unable to connect to the database.
#0 C:\xampp\htdocs\tpq\system\Database\BaseConnection.php(646): CodeIgniter\Database\BaseConnection->initialize()
#1 C:\xampp\htdocs\tpq\system\Database\BaseBuilder.php(1952): CodeIgniter\Database\BaseConnection->query('SELECT COUNT(*)...', Array, false)
#2 C:\xampp\htdocs\tpq\app\Models\AbsensiModel.php(61): CodeIgniter\Database\BaseBuilder->countAllResults()
#3 C:\xampp\htdocs\tpq\app\Models\AbsensiModel.php(66): App\Models\AbsensiModel->checkAbsensiHariIni()
#4 C:\xampp\htdocs\tpq\app\Controllers\Absen.php(30): App\Models\AbsensiModel->tulisAbsen()
#5 C:\xampp\htdocs\tpq\app\Controllers\Absen.php(18): App\Controllers\Absen->tulisAbsen()
#6 C:\xampp\htdocs\tpq\system\CodeIgniter.php(918): App\Controllers\Absen->index()
#7 C:\xampp\htdocs\tpq\system\CodeIgniter.php(404): CodeIgniter\CodeIgniter->runController(Object(App\Controllers\Absen))
#8 C:\xampp\htdocs\tpq\system\CodeIgniter.php(312): CodeIgniter\CodeIgniter->handleRequest(NULL, Object(Config\Cache), false)
#9 C:\xampp\htdocs\tpq\public\index.php(45): CodeIgniter\CodeIgniter->run()
#10 C:\xampp\htdocs\tpq\system\Commands\Server\rewrite.php(34): require_once('C:\\xampp\\htdocs...')
#11 {main}
CRITICAL - 2020-12-12 16:11:42 --> Unable to connect to the database.
#0 C:\xampp\htdocs\tpq\system\Database\BaseConnection.php(646): CodeIgniter\Database\BaseConnection->initialize()
#1 C:\xampp\htdocs\tpq\system\Database\BaseBuilder.php(1952): CodeIgniter\Database\BaseConnection->query('SELECT COUNT(*)...', Array, false)
#2 C:\xampp\htdocs\tpq\app\Models\AbsensiModel.php(61): CodeIgniter\Database\BaseBuilder->countAllResults()
#3 C:\xampp\htdocs\tpq\app\Models\AbsensiModel.php(66): App\Models\AbsensiModel->checkAbsensiHariIni()
#4 C:\xampp\htdocs\tpq\app\Controllers\Absen.php(30): App\Models\AbsensiModel->tulisAbsen()
#5 C:\xampp\htdocs\tpq\app\Controllers\Absen.php(18): App\Controllers\Absen->tulisAbsen()
#6 C:\xampp\htdocs\tpq\system\CodeIgniter.php(918): App\Controllers\Absen->index()
#7 C:\xampp\htdocs\tpq\system\CodeIgniter.php(404): CodeIgniter\CodeIgniter->runController(Object(App\Controllers\Absen))
#8 C:\xampp\htdocs\tpq\system\CodeIgniter.php(312): CodeIgniter\CodeIgniter->handleRequest(NULL, Object(Config\Cache), false)
#9 C:\xampp\htdocs\tpq\public\index.php(45): CodeIgniter\CodeIgniter->run()
#10 C:\xampp\htdocs\tpq\system\Commands\Server\rewrite.php(34): require_once('C:\\xampp\\htdocs...')
#11 {main}
CRITICAL - 2020-12-12 16:11:54 --> Unable to connect to the database.
#0 C:\xampp\htdocs\tpq\system\Database\BaseConnection.php(646): CodeIgniter\Database\BaseConnection->initialize()
#1 C:\xampp\htdocs\tpq\system\Database\BaseBuilder.php(1952): CodeIgniter\Database\BaseConnection->query('SELECT COUNT(*)...', Array, false)
#2 C:\xampp\htdocs\tpq\app\Models\AbsensiModel.php(61): CodeIgniter\Database\BaseBuilder->countAllResults()
#3 C:\xampp\htdocs\tpq\app\Models\AbsensiModel.php(66): App\Models\AbsensiModel->checkAbsensiHariIni()
#4 C:\xampp\htdocs\tpq\app\Controllers\Absen.php(30): App\Models\AbsensiModel->tulisAbsen()
#5 C:\xampp\htdocs\tpq\app\Controllers\Absen.php(18): App\Controllers\Absen->tulisAbsen()
#6 C:\xampp\htdocs\tpq\system\CodeIgniter.php(918): App\Controllers\Absen->index()
#7 C:\xampp\htdocs\tpq\system\CodeIgniter.php(404): CodeIgniter\CodeIgniter->runController(Object(App\Controllers\Absen))
#8 C:\xampp\htdocs\tpq\system\CodeIgniter.php(312): CodeIgniter\CodeIgniter->handleRequest(NULL, Object(Config\Cache), false)
#9 C:\xampp\htdocs\tpq\public\index.php(45): CodeIgniter\CodeIgniter->run()
#10 C:\xampp\htdocs\tpq\system\Commands\Server\rewrite.php(34): require_once('C:\\xampp\\htdocs...')
#11 {main}
CRITICAL - 2020-12-12 16:12:03 --> Unable to connect to the database.
#0 C:\xampp\htdocs\tpq\system\Database\BaseConnection.php(646): CodeIgniter\Database\BaseConnection->initialize()
#1 C:\xampp\htdocs\tpq\system\Database\BaseBuilder.php(1952): CodeIgniter\Database\BaseConnection->query('SELECT COUNT(*)...', Array, false)
#2 C:\xampp\htdocs\tpq\app\Models\AbsensiModel.php(61): CodeIgniter\Database\BaseBuilder->countAllResults()
#3 C:\xampp\htdocs\tpq\app\Models\AbsensiModel.php(66): App\Models\AbsensiModel->checkAbsensiHariIni()
#4 C:\xampp\htdocs\tpq\app\Controllers\Absen.php(30): App\Models\AbsensiModel->tulisAbsen()
#5 C:\xampp\htdocs\tpq\app\Controllers\Absen.php(18): App\Controllers\Absen->tulisAbsen()
#6 C:\xampp\htdocs\tpq\system\CodeIgniter.php(918): App\Controllers\Absen->index()
#7 C:\xampp\htdocs\tpq\system\CodeIgniter.php(404): CodeIgniter\CodeIgniter->runController(Object(App\Controllers\Absen))
#8 C:\xampp\htdocs\tpq\system\CodeIgniter.php(312): CodeIgniter\CodeIgniter->handleRequest(NULL, Object(Config\Cache), false)
#9 C:\xampp\htdocs\tpq\public\index.php(45): CodeIgniter\CodeIgniter->run()
#10 C:\xampp\htdocs\tpq\system\Commands\Server\rewrite.php(34): require_once('C:\\xampp\\htdocs...')
#11 {main}
CRITICAL - 2020-12-12 16:12:58 --> Unable to connect to the database.
#0 C:\xampp\htdocs\tpq\system\Database\BaseConnection.php(646): CodeIgniter\Database\BaseConnection->initialize()
#1 C:\xampp\htdocs\tpq\system\Database\BaseBuilder.php(1952): CodeIgniter\Database\BaseConnection->query('SELECT COUNT(*)...', Array, false)
#2 C:\xampp\htdocs\tpq\app\Models\AbsensiModel.php(61): CodeIgniter\Database\BaseBuilder->countAllResults()
#3 C:\xampp\htdocs\tpq\app\Models\AbsensiModel.php(66): App\Models\AbsensiModel->checkAbsensiHariIni()
#4 C:\xampp\htdocs\tpq\app\Controllers\Absen.php(30): App\Models\AbsensiModel->tulisAbsen()
#5 C:\xampp\htdocs\tpq\app\Controllers\Absen.php(18): App\Controllers\Absen->tulisAbsen()
#6 C:\xampp\htdocs\tpq\system\CodeIgniter.php(918): App\Controllers\Absen->index()
#7 C:\xampp\htdocs\tpq\system\CodeIgniter.php(404): CodeIgniter\CodeIgniter->runController(Object(App\Controllers\Absen))
#8 C:\xampp\htdocs\tpq\system\CodeIgniter.php(312): CodeIgniter\CodeIgniter->handleRequest(NULL, Object(Config\Cache), false)
#9 C:\xampp\htdocs\tpq\public\index.php(45): CodeIgniter\CodeIgniter->run()
#10 C:\xampp\htdocs\tpq\system\Commands\Server\rewrite.php(34): require_once('C:\\xampp\\htdocs...')
#11 {main}
CRITICAL - 2020-12-12 16:13:21 --> Unable to connect to the database.
#0 C:\xampp\htdocs\tpq\system\Database\BaseConnection.php(646): CodeIgniter\Database\BaseConnection->initialize()
#1 C:\xampp\htdocs\tpq\system\Database\BaseBuilder.php(1952): CodeIgniter\Database\BaseConnection->query('SELECT COUNT(*)...', Array, false)
#2 C:\xampp\htdocs\tpq\app\Models\AbsensiModel.php(61): CodeIgniter\Database\BaseBuilder->countAllResults()
#3 C:\xampp\htdocs\tpq\app\Models\AbsensiModel.php(66): App\Models\AbsensiModel->checkAbsensiHariIni()
#4 C:\xampp\htdocs\tpq\app\Controllers\Absen.php(30): App\Models\AbsensiModel->tulisAbsen()
#5 C:\xampp\htdocs\tpq\app\Controllers\Absen.php(18): App\Controllers\Absen->tulisAbsen()
#6 C:\xampp\htdocs\tpq\system\CodeIgniter.php(918): App\Controllers\Absen->index()
#7 C:\xampp\htdocs\tpq\system\CodeIgniter.php(404): CodeIgniter\CodeIgniter->runController(Object(App\Controllers\Absen))
#8 C:\xampp\htdocs\tpq\system\CodeIgniter.php(312): CodeIgniter\CodeIgniter->handleRequest(NULL, Object(Config\Cache), false)
#9 C:\xampp\htdocs\tpq\public\index.php(45): CodeIgniter\CodeIgniter->run()
#10 C:\xampp\htdocs\tpq\system\Commands\Server\rewrite.php(34): require_once('C:\\xampp\\htdocs...')
#11 {main}
CRITICAL - 2020-12-12 16:13:42 --> Unable to connect to the database.
#0 C:\xampp\htdocs\tpq\system\Database\BaseConnection.php(646): CodeIgniter\Database\BaseConnection->initialize()
#1 C:\xampp\htdocs\tpq\system\Database\BaseBuilder.php(1952): CodeIgniter\Database\BaseConnection->query('SELECT COUNT(*)...', Array, false)
#2 C:\xampp\htdocs\tpq\app\Models\AbsensiModel.php(61): CodeIgniter\Database\BaseBuilder->countAllResults()
#3 C:\xampp\htdocs\tpq\app\Models\AbsensiModel.php(66): App\Models\AbsensiModel->checkAbsensiHariIni()
#4 C:\xampp\htdocs\tpq\app\Controllers\Absen.php(30): App\Models\AbsensiModel->tulisAbsen()
#5 C:\xampp\htdocs\tpq\app\Controllers\Absen.php(18): App\Controllers\Absen->tulisAbsen()
#6 C:\xampp\htdocs\tpq\system\CodeIgniter.php(918): App\Controllers\Absen->index()
#7 C:\xampp\htdocs\tpq\system\CodeIgniter.php(404): CodeIgniter\CodeIgniter->runController(Object(App\Controllers\Absen))
#8 C:\xampp\htdocs\tpq\system\CodeIgniter.php(312): CodeIgniter\CodeIgniter->handleRequest(NULL, Object(Config\Cache), false)
#9 C:\xampp\htdocs\tpq\public\index.php(45): CodeIgniter\CodeIgniter->run()
#10 C:\xampp\htdocs\tpq\system\Commands\Server\rewrite.php(34): require_once('C:\\xampp\\htdocs...')
#11 {main}
CRITICAL - 2020-12-12 16:14:02 --> Unable to connect to the database.
#0 C:\xampp\htdocs\tpq\system\Database\BaseConnection.php(646): CodeIgniter\Database\BaseConnection->initialize()
#1 C:\xampp\htdocs\tpq\system\Database\BaseBuilder.php(1952): CodeIgniter\Database\BaseConnection->query('SELECT COUNT(*)...', Array, false)
#2 C:\xampp\htdocs\tpq\app\Models\AbsensiModel.php(61): CodeIgniter\Database\BaseBuilder->countAllResults()
#3 C:\xampp\htdocs\tpq\app\Models\AbsensiModel.php(66): App\Models\AbsensiModel->checkAbsensiHariIni()
#4 C:\xampp\htdocs\tpq\app\Controllers\Absen.php(30): App\Models\AbsensiModel->tulisAbsen()
#5 C:\xampp\htdocs\tpq\app\Controllers\Absen.php(18): App\Controllers\Absen->tulisAbsen()
#6 C:\xampp\htdocs\tpq\system\CodeIgniter.php(918): App\Controllers\Absen->index()
#7 C:\xampp\htdocs\tpq\system\CodeIgniter.php(404): CodeIgniter\CodeIgniter->runController(Object(App\Controllers\Absen))
#8 C:\xampp\htdocs\tpq\system\CodeIgniter.php(312): CodeIgniter\CodeIgniter->handleRequest(NULL, Object(Config\Cache), false)
#9 C:\xampp\htdocs\tpq\public\index.php(45): CodeIgniter\CodeIgniter->run()
#10 C:\xampp\htdocs\tpq\system\Commands\Server\rewrite.php(34): require_once('C:\\xampp\\htdocs...')
#11 {main}
CRITICAL - 2020-12-12 16:14:13 --> Unable to connect to the database.
#0 C:\xampp\htdocs\tpq\system\Database\BaseConnection.php(646): CodeIgniter\Database\BaseConnection->initialize()
#1 C:\xampp\htdocs\tpq\system\Database\BaseBuilder.php(1952): CodeIgniter\Database\BaseConnection->query('SELECT COUNT(*)...', Array, false)
#2 C:\xampp\htdocs\tpq\app\Models\AbsensiModel.php(61): CodeIgniter\Database\BaseBuilder->countAllResults()
#3 C:\xampp\htdocs\tpq\app\Models\AbsensiModel.php(66): App\Models\AbsensiModel->checkAbsensiHariIni()
#4 C:\xampp\htdocs\tpq\app\Controllers\Absen.php(30): App\Models\AbsensiModel->tulisAbsen()
#5 C:\xampp\htdocs\tpq\app\Controllers\Absen.php(18): App\Controllers\Absen->tulisAbsen()
#6 C:\xampp\htdocs\tpq\system\CodeIgniter.php(918): App\Controllers\Absen->index()
#7 C:\xampp\htdocs\tpq\system\CodeIgniter.php(404): CodeIgniter\CodeIgniter->runController(Object(App\Controllers\Absen))
#8 C:\xampp\htdocs\tpq\system\CodeIgniter.php(312): CodeIgniter\CodeIgniter->handleRequest(NULL, Object(Config\Cache), false)
#9 C:\xampp\htdocs\tpq\public\index.php(45): CodeIgniter\CodeIgniter->run()
#10 C:\xampp\htdocs\tpq\system\Commands\Server\rewrite.php(34): require_once('C:\\xampp\\htdocs...')
#11 {main}
CRITICAL - 2020-12-12 16:14:53 --> Unable to connect to the database.
#0 C:\xampp\htdocs\tpq\system\Database\BaseConnection.php(646): CodeIgniter\Database\BaseConnection->initialize()
#1 C:\xampp\htdocs\tpq\system\Database\BaseBuilder.php(1952): CodeIgniter\Database\BaseConnection->query('SELECT COUNT(*)...', Array, false)
#2 C:\xampp\htdocs\tpq\app\Models\AbsensiModel.php(61): CodeIgniter\Database\BaseBuilder->countAllResults()
#3 C:\xampp\htdocs\tpq\app\Models\AbsensiModel.php(66): App\Models\AbsensiModel->checkAbsensiHariIni()
#4 C:\xampp\htdocs\tpq\app\Controllers\Absen.php(30): App\Models\AbsensiModel->tulisAbsen()
#5 C:\xampp\htdocs\tpq\app\Controllers\Absen.php(18): App\Controllers\Absen->tulisAbsen()
#6 C:\xampp\htdocs\tpq\system\CodeIgniter.php(918): App\Controllers\Absen->index()
#7 C:\xampp\htdocs\tpq\system\CodeIgniter.php(404): CodeIgniter\CodeIgniter->runController(Object(App\Controllers\Absen))
#8 C:\xampp\htdocs\tpq\system\CodeIgniter.php(312): CodeIgniter\CodeIgniter->handleRequest(NULL, Object(Config\Cache), false)
#9 C:\xampp\htdocs\tpq\public\index.php(45): CodeIgniter\CodeIgniter->run()
#10 C:\xampp\htdocs\tpq\system\Commands\Server\rewrite.php(34): require_once('C:\\xampp\\htdocs...')
#11 {main}
CRITICAL - 2020-12-12 16:15:15 --> Unable to connect to the database.
#0 C:\xampp\htdocs\tpq\system\Database\BaseConnection.php(646): CodeIgniter\Database\BaseConnection->initialize()
#1 C:\xampp\htdocs\tpq\system\Database\BaseBuilder.php(1952): CodeIgniter\Database\BaseConnection->query('SELECT COUNT(*)...', Array, false)
#2 C:\xampp\htdocs\tpq\app\Models\AbsensiModel.php(61): CodeIgniter\Database\BaseBuilder->countAllResults()
#3 C:\xampp\htdocs\tpq\app\Models\AbsensiModel.php(66): App\Models\AbsensiModel->checkAbsensiHariIni()
#4 C:\xampp\htdocs\tpq\app\Controllers\Absen.php(30): App\Models\AbsensiModel->tulisAbsen()
#5 C:\xampp\htdocs\tpq\app\Controllers\Absen.php(18): App\Controllers\Absen->tulisAbsen()
#6 C:\xampp\htdocs\tpq\system\CodeIgniter.php(918): App\Controllers\Absen->index()
#7 C:\xampp\htdocs\tpq\system\CodeIgniter.php(404): CodeIgniter\CodeIgniter->runController(Object(App\Controllers\Absen))
#8 C:\xampp\htdocs\tpq\system\CodeIgniter.php(312): CodeIgniter\CodeIgniter->handleRequest(NULL, Object(Config\Cache), false)
#9 C:\xampp\htdocs\tpq\public\index.php(45): CodeIgniter\CodeIgniter->run()
#10 C:\xampp\htdocs\tpq\system\Commands\Server\rewrite.php(34): require_once('C:\\xampp\\htdocs...')
#11 {main}
CRITICAL - 2020-12-12 16:15:31 --> Unable to connect to the database.
#0 C:\xampp\htdocs\tpq\system\Database\BaseConnection.php(646): CodeIgniter\Database\BaseConnection->initialize()
#1 C:\xampp\htdocs\tpq\system\Database\BaseBuilder.php(1952): CodeIgniter\Database\BaseConnection->query('SELECT COUNT(*)...', Array, false)
#2 C:\xampp\htdocs\tpq\app\Models\AbsensiModel.php(61): CodeIgniter\Database\BaseBuilder->countAllResults()
#3 C:\xampp\htdocs\tpq\app\Models\AbsensiModel.php(66): App\Models\AbsensiModel->checkAbsensiHariIni()
#4 C:\xampp\htdocs\tpq\app\Controllers\Absen.php(30): App\Models\AbsensiModel->tulisAbsen()
#5 C:\xampp\htdocs\tpq\app\Controllers\Absen.php(18): App\Controllers\Absen->tulisAbsen()
#6 C:\xampp\htdocs\tpq\system\CodeIgniter.php(918): App\Controllers\Absen->index()
#7 C:\xampp\htdocs\tpq\system\CodeIgniter.php(404): CodeIgniter\CodeIgniter->runController(Object(App\Controllers\Absen))
#8 C:\xampp\htdocs\tpq\system\CodeIgniter.php(312): CodeIgniter\CodeIgniter->handleRequest(NULL, Object(Config\Cache), false)
#9 C:\xampp\htdocs\tpq\public\index.php(45): CodeIgniter\CodeIgniter->run()
#10 C:\xampp\htdocs\tpq\system\Commands\Server\rewrite.php(34): require_once('C:\\xampp\\htdocs...')
#11 {main}
CRITICAL - 2020-12-12 16:18:01 --> Unable to connect to the database.
#0 C:\xampp\htdocs\tpq\system\Database\BaseConnection.php(646): CodeIgniter\Database\BaseConnection->initialize()
#1 C:\xampp\htdocs\tpq\system\Database\BaseBuilder.php(1952): CodeIgniter\Database\BaseConnection->query('SELECT COUNT(*)...', Array, false)
#2 C:\xampp\htdocs\tpq\app\Models\AbsensiModel.php(61): CodeIgniter\Database\BaseBuilder->countAllResults()
#3 C:\xampp\htdocs\tpq\app\Models\AbsensiModel.php(66): App\Models\AbsensiModel->checkAbsensiHariIni()
#4 C:\xampp\htdocs\tpq\app\Controllers\Absen.php(30): App\Models\AbsensiModel->tulisAbsen()
#5 C:\xampp\htdocs\tpq\app\Controllers\Absen.php(18): App\Controllers\Absen->tulisAbsen()
#6 C:\xampp\htdocs\tpq\system\CodeIgniter.php(918): App\Controllers\Absen->index()
#7 C:\xampp\htdocs\tpq\system\CodeIgniter.php(404): CodeIgniter\CodeIgniter->runController(Object(App\Controllers\Absen))
#8 C:\xampp\htdocs\tpq\system\CodeIgniter.php(312): CodeIgniter\CodeIgniter->handleRequest(NULL, Object(Config\Cache), false)
#9 C:\xampp\htdocs\tpq\public\index.php(45): CodeIgniter\CodeIgniter->run()
#10 C:\xampp\htdocs\tpq\system\Commands\Server\rewrite.php(34): require_once('C:\\xampp\\htdocs...')
#11 {main}
CRITICAL - 2020-12-12 16:18:15 --> Unable to connect to the database.
#0 C:\xampp\htdocs\tpq\system\Database\BaseConnection.php(646): CodeIgniter\Database\BaseConnection->initialize()
#1 C:\xampp\htdocs\tpq\system\Database\BaseBuilder.php(1952): CodeIgniter\Database\BaseConnection->query('SELECT COUNT(*)...', Array, false)
#2 C:\xampp\htdocs\tpq\app\Models\AbsensiModel.php(61): CodeIgniter\Database\BaseBuilder->countAllResults()
#3 C:\xampp\htdocs\tpq\app\Models\AbsensiModel.php(66): App\Models\AbsensiModel->checkAbsensiHariIni()
#4 C:\xampp\htdocs\tpq\app\Controllers\Absen.php(30): App\Models\AbsensiModel->tulisAbsen()
#5 C:\xampp\htdocs\tpq\app\Controllers\Absen.php(18): App\Controllers\Absen->tulisAbsen()
#6 C:\xampp\htdocs\tpq\system\CodeIgniter.php(918): App\Controllers\Absen->index()
#7 C:\xampp\htdocs\tpq\system\CodeIgniter.php(404): CodeIgniter\CodeIgniter->runController(Object(App\Controllers\Absen))
#8 C:\xampp\htdocs\tpq\system\CodeIgniter.php(312): CodeIgniter\CodeIgniter->handleRequest(NULL, Object(Config\Cache), false)
#9 C:\xampp\htdocs\tpq\public\index.php(45): CodeIgniter\CodeIgniter->run()
#10 C:\xampp\htdocs\tpq\system\Commands\Server\rewrite.php(34): require_once('C:\\xampp\\htdocs...')
#11 {main}
CRITICAL - 2020-12-12 16:21:08 --> Unable to connect to the database.
#0 C:\xampp\htdocs\tpq\system\Database\BaseConnection.php(646): CodeIgniter\Database\BaseConnection->initialize()
#1 C:\xampp\htdocs\tpq\system\Database\BaseBuilder.php(1952): CodeIgniter\Database\BaseConnection->query('SELECT COUNT(*)...', Array, false)
#2 C:\xampp\htdocs\tpq\app\Models\AbsensiModel.php(61): CodeIgniter\Database\BaseBuilder->countAllResults()
#3 C:\xampp\htdocs\tpq\app\Models\AbsensiModel.php(66): App\Models\AbsensiModel->checkAbsensiHariIni()
#4 C:\xampp\htdocs\tpq\app\Controllers\Absen.php(30): App\Models\AbsensiModel->tulisAbsen()
#5 C:\xampp\htdocs\tpq\app\Controllers\Absen.php(18): App\Controllers\Absen->tulisAbsen()
#6 C:\xampp\htdocs\tpq\system\CodeIgniter.php(918): App\Controllers\Absen->index()
#7 C:\xampp\htdocs\tpq\system\CodeIgniter.php(404): CodeIgniter\CodeIgniter->runController(Object(App\Controllers\Absen))
#8 C:\xampp\htdocs\tpq\system\CodeIgniter.php(312): CodeIgniter\CodeIgniter->handleRequest(NULL, Object(Config\Cache), false)
#9 C:\xampp\htdocs\tpq\public\index.php(45): CodeIgniter\CodeIgniter->run()
#10 C:\xampp\htdocs\tpq\system\Commands\Server\rewrite.php(34): require_once('C:\\xampp\\htdocs...')
#11 {main}
CRITICAL - 2020-12-12 16:21:38 --> Unable to connect to the database.
#0 C:\xampp\htdocs\tpq\system\Database\BaseConnection.php(646): CodeIgniter\Database\BaseConnection->initialize()
#1 C:\xampp\htdocs\tpq\system\Database\BaseBuilder.php(1952): CodeIgniter\Database\BaseConnection->query('SELECT COUNT(*)...', Array, false)
#2 C:\xampp\htdocs\tpq\app\Models\AbsensiModel.php(61): CodeIgniter\Database\BaseBuilder->countAllResults()
#3 C:\xampp\htdocs\tpq\app\Models\AbsensiModel.php(66): App\Models\AbsensiModel->checkAbsensiHariIni()
#4 C:\xampp\htdocs\tpq\app\Controllers\Absen.php(30): App\Models\AbsensiModel->tulisAbsen()
#5 C:\xampp\htdocs\tpq\app\Controllers\Absen.php(18): App\Controllers\Absen->tulisAbsen()
#6 C:\xampp\htdocs\tpq\system\CodeIgniter.php(918): App\Controllers\Absen->index()
#7 C:\xampp\htdocs\tpq\system\CodeIgniter.php(404): CodeIgniter\CodeIgniter->runController(Object(App\Controllers\Absen))
#8 C:\xampp\htdocs\tpq\system\CodeIgniter.php(312): CodeIgniter\CodeIgniter->handleRequest(NULL, Object(Config\Cache), false)
#9 C:\xampp\htdocs\tpq\public\index.php(45): CodeIgniter\CodeIgniter->run()
#10 C:\xampp\htdocs\tpq\system\Commands\Server\rewrite.php(34): require_once('C:\\xampp\\htdocs...')
#11 {main}
CRITICAL - 2020-12-12 16:22:27 --> Unable to connect to the database.
#0 C:\xampp\htdocs\tpq\system\Database\BaseConnection.php(646): CodeIgniter\Database\BaseConnection->initialize()
#1 C:\xampp\htdocs\tpq\system\Database\BaseBuilder.php(1952): CodeIgniter\Database\BaseConnection->query('SELECT COUNT(*)...', Array, false)
#2 C:\xampp\htdocs\tpq\app\Models\AbsensiModel.php(61): CodeIgniter\Database\BaseBuilder->countAllResults()
#3 C:\xampp\htdocs\tpq\app\Models\AbsensiModel.php(66): App\Models\AbsensiModel->checkAbsensiHariIni()
#4 C:\xampp\htdocs\tpq\app\Controllers\Absen.php(30): App\Models\AbsensiModel->tulisAbsen()
#5 C:\xampp\htdocs\tpq\app\Controllers\Absen.php(18): App\Controllers\Absen->tulisAbsen()
#6 C:\xampp\htdocs\tpq\system\CodeIgniter.php(918): App\Controllers\Absen->index()
#7 C:\xampp\htdocs\tpq\system\CodeIgniter.php(404): CodeIgniter\CodeIgniter->runController(Object(App\Controllers\Absen))
#8 C:\xampp\htdocs\tpq\system\CodeIgniter.php(312): CodeIgniter\CodeIgniter->handleRequest(NULL, Object(Config\Cache), false)
#9 C:\xampp\htdocs\tpq\public\index.php(45): CodeIgniter\CodeIgniter->run()
#10 C:\xampp\htdocs\tpq\system\Commands\Server\rewrite.php(34): require_once('C:\\xampp\\htdocs...')
#11 {main}
CRITICAL - 2020-12-12 16:23:07 --> Unable to connect to the database.
#0 C:\xampp\htdocs\tpq\system\Database\BaseConnection.php(646): CodeIgniter\Database\BaseConnection->initialize()
#1 C:\xampp\htdocs\tpq\system\Database\BaseBuilder.php(1952): CodeIgniter\Database\BaseConnection->query('SELECT COUNT(*)...', Array, false)
#2 C:\xampp\htdocs\tpq\app\Models\AbsensiModel.php(61): CodeIgniter\Database\BaseBuilder->countAllResults()
#3 C:\xampp\htdocs\tpq\app\Models\AbsensiModel.php(66): App\Models\AbsensiModel->checkAbsensiHariIni()
#4 C:\xampp\htdocs\tpq\app\Controllers\Absen.php(30): App\Models\AbsensiModel->tulisAbsen()
#5 C:\xampp\htdocs\tpq\app\Controllers\Absen.php(18): App\Controllers\Absen->tulisAbsen()
#6 C:\xampp\htdocs\tpq\system\CodeIgniter.php(918): App\Controllers\Absen->index()
#7 C:\xampp\htdocs\tpq\system\CodeIgniter.php(404): CodeIgniter\CodeIgniter->runController(Object(App\Controllers\Absen))
#8 C:\xampp\htdocs\tpq\system\CodeIgniter.php(312): CodeIgniter\CodeIgniter->handleRequest(NULL, Object(Config\Cache), false)
#9 C:\xampp\htdocs\tpq\public\index.php(45): CodeIgniter\CodeIgniter->run()
#10 C:\xampp\htdocs\tpq\system\Commands\Server\rewrite.php(34): require_once('C:\\xampp\\htdocs...')
#11 {main}
CRITICAL - 2020-12-12 16:24:00 --> Unable to connect to the database.
#0 C:\xampp\htdocs\tpq\system\Database\BaseConnection.php(646): CodeIgniter\Database\BaseConnection->initialize()
#1 C:\xampp\htdocs\tpq\system\Database\BaseBuilder.php(1952): CodeIgniter\Database\BaseConnection->query('SELECT COUNT(*)...', Array, false)
#2 C:\xampp\htdocs\tpq\app\Models\AbsensiModel.php(61): CodeIgniter\Database\BaseBuilder->countAllResults()
#3 C:\xampp\htdocs\tpq\app\Models\AbsensiModel.php(66): App\Models\AbsensiModel->checkAbsensiHariIni()
#4 C:\xampp\htdocs\tpq\app\Controllers\Absen.php(30): App\Models\AbsensiModel->tulisAbsen()
#5 C:\xampp\htdocs\tpq\app\Controllers\Absen.php(18): App\Controllers\Absen->tulisAbsen()
#6 C:\xampp\htdocs\tpq\system\CodeIgniter.php(918): App\Controllers\Absen->index()
#7 C:\xampp\htdocs\tpq\system\CodeIgniter.php(404): CodeIgniter\CodeIgniter->runController(Object(App\Controllers\Absen))
#8 C:\xampp\htdocs\tpq\system\CodeIgniter.php(312): CodeIgniter\CodeIgniter->handleRequest(NULL, Object(Config\Cache), false)
#9 C:\xampp\htdocs\tpq\public\index.php(45): CodeIgniter\CodeIgniter->run()
#10 C:\xampp\htdocs\tpq\system\Commands\Server\rewrite.php(34): require_once('C:\\xampp\\htdocs...')
#11 {main}
CRITICAL - 2020-12-12 16:25:17 --> Unable to connect to the database.
#0 C:\xampp\htdocs\tpq\system\Database\BaseConnection.php(646): CodeIgniter\Database\BaseConnection->initialize()
#1 C:\xampp\htdocs\tpq\system\Database\BaseBuilder.php(1952): CodeIgniter\Database\BaseConnection->query('SELECT COUNT(*)...', Array, false)
#2 C:\xampp\htdocs\tpq\app\Models\AbsensiModel.php(61): CodeIgniter\Database\BaseBuilder->countAllResults()
#3 C:\xampp\htdocs\tpq\app\Models\AbsensiModel.php(66): App\Models\AbsensiModel->checkAbsensiHariIni()
#4 C:\xampp\htdocs\tpq\app\Controllers\Absen.php(30): App\Models\AbsensiModel->tulisAbsen()
#5 C:\xampp\htdocs\tpq\app\Controllers\Absen.php(18): App\Controllers\Absen->tulisAbsen()
#6 C:\xampp\htdocs\tpq\system\CodeIgniter.php(918): App\Controllers\Absen->index()
#7 C:\xampp\htdocs\tpq\system\CodeIgniter.php(404): CodeIgniter\CodeIgniter->runController(Object(App\Controllers\Absen))
#8 C:\xampp\htdocs\tpq\system\CodeIgniter.php(312): CodeIgniter\CodeIgniter->handleRequest(NULL, Object(Config\Cache), false)
#9 C:\xampp\htdocs\tpq\public\index.php(45): CodeIgniter\CodeIgniter->run()
#10 C:\xampp\htdocs\tpq\system\Commands\Server\rewrite.php(34): require_once('C:\\xampp\\htdocs...')
#11 {main}
CRITICAL - 2020-12-12 16:26:26 --> Unable to connect to the database.
#0 C:\xampp\htdocs\tpq\system\Database\BaseConnection.php(646): CodeIgniter\Database\BaseConnection->initialize()
#1 C:\xampp\htdocs\tpq\system\Database\BaseBuilder.php(1952): CodeIgniter\Database\BaseConnection->query('SELECT COUNT(*)...', Array, false)
#2 C:\xampp\htdocs\tpq\app\Models\AbsensiModel.php(61): CodeIgniter\Database\BaseBuilder->countAllResults()
#3 C:\xampp\htdocs\tpq\app\Models\AbsensiModel.php(66): App\Models\AbsensiModel->checkAbsensiHariIni()
#4 C:\xampp\htdocs\tpq\app\Controllers\Absen.php(30): App\Models\AbsensiModel->tulisAbsen()
#5 C:\xampp\htdocs\tpq\app\Controllers\Absen.php(18): App\Controllers\Absen->tulisAbsen()
#6 C:\xampp\htdocs\tpq\system\CodeIgniter.php(918): App\Controllers\Absen->index()
#7 C:\xampp\htdocs\tpq\system\CodeIgniter.php(404): CodeIgniter\CodeIgniter->runController(Object(App\Controllers\Absen))
#8 C:\xampp\htdocs\tpq\system\CodeIgniter.php(312): CodeIgniter\CodeIgniter->handleRequest(NULL, Object(Config\Cache), false)
#9 C:\xampp\htdocs\tpq\public\index.php(45): CodeIgniter\CodeIgniter->run()
#10 C:\xampp\htdocs\tpq\system\Commands\Server\rewrite.php(34): require_once('C:\\xampp\\htdocs...')
#11 {main}
CRITICAL - 2020-12-12 16:26:41 --> Unable to connect to the database.
#0 C:\xampp\htdocs\tpq\system\Database\BaseConnection.php(646): CodeIgniter\Database\BaseConnection->initialize()
#1 C:\xampp\htdocs\tpq\system\Database\BaseBuilder.php(1952): CodeIgniter\Database\BaseConnection->query('SELECT COUNT(*)...', Array, false)
#2 C:\xampp\htdocs\tpq\app\Models\AbsensiModel.php(61): CodeIgniter\Database\BaseBuilder->countAllResults()
#3 C:\xampp\htdocs\tpq\app\Models\AbsensiModel.php(66): App\Models\AbsensiModel->checkAbsensiHariIni()
#4 C:\xampp\htdocs\tpq\app\Controllers\Absen.php(30): App\Models\AbsensiModel->tulisAbsen()
#5 C:\xampp\htdocs\tpq\app\Controllers\Absen.php(18): App\Controllers\Absen->tulisAbsen()
#6 C:\xampp\htdocs\tpq\system\CodeIgniter.php(918): App\Controllers\Absen->index()
#7 C:\xampp\htdocs\tpq\system\CodeIgniter.php(404): CodeIgniter\CodeIgniter->runController(Object(App\Controllers\Absen))
#8 C:\xampp\htdocs\tpq\system\CodeIgniter.php(312): CodeIgniter\CodeIgniter->handleRequest(NULL, Object(Config\Cache), false)
#9 C:\xampp\htdocs\tpq\public\index.php(45): CodeIgniter\CodeIgniter->run()
#10 C:\xampp\htdocs\tpq\system\Commands\Server\rewrite.php(34): require_once('C:\\xampp\\htdocs...')
#11 {main}
CRITICAL - 2020-12-12 16:26:56 --> Unable to connect to the database.
#0 C:\xampp\htdocs\tpq\system\Database\BaseConnection.php(646): CodeIgniter\Database\BaseConnection->initialize()
#1 C:\xampp\htdocs\tpq\system\Database\BaseBuilder.php(1952): CodeIgniter\Database\BaseConnection->query('SELECT COUNT(*)...', Array, false)
#2 C:\xampp\htdocs\tpq\app\Models\AbsensiModel.php(61): CodeIgniter\Database\BaseBuilder->countAllResults()
#3 C:\xampp\htdocs\tpq\app\Models\AbsensiModel.php(66): App\Models\AbsensiModel->checkAbsensiHariIni()
#4 C:\xampp\htdocs\tpq\app\Controllers\Absen.php(30): App\Models\AbsensiModel->tulisAbsen()
#5 C:\xampp\htdocs\tpq\app\Controllers\Absen.php(18): App\Controllers\Absen->tulisAbsen()
#6 C:\xampp\htdocs\tpq\system\CodeIgniter.php(918): App\Controllers\Absen->index()
#7 C:\xampp\htdocs\tpq\system\CodeIgniter.php(404): CodeIgniter\CodeIgniter->runController(Object(App\Controllers\Absen))
#8 C:\xampp\htdocs\tpq\system\CodeIgniter.php(312): CodeIgniter\CodeIgniter->handleRequest(NULL, Object(Config\Cache), false)
#9 C:\xampp\htdocs\tpq\public\index.php(45): CodeIgniter\CodeIgniter->run()
#10 C:\xampp\htdocs\tpq\system\Commands\Server\rewrite.php(34): require_once('C:\\xampp\\htdocs...')
#11 {main}
CRITICAL - 2020-12-12 16:27:47 --> Unable to connect to the database.
#0 C:\xampp\htdocs\tpq\system\Database\BaseConnection.php(646): CodeIgniter\Database\BaseConnection->initialize()
#1 C:\xampp\htdocs\tpq\system\Database\BaseBuilder.php(1952): CodeIgniter\Database\BaseConnection->query('SELECT COUNT(*)...', Array, false)
#2 C:\xampp\htdocs\tpq\app\Models\AbsensiModel.php(61): CodeIgniter\Database\BaseBuilder->countAllResults()
#3 C:\xampp\htdocs\tpq\app\Models\AbsensiModel.php(66): App\Models\AbsensiModel->checkAbsensiHariIni()
#4 C:\xampp\htdocs\tpq\app\Controllers\Absen.php(30): App\Models\AbsensiModel->tulisAbsen()
#5 C:\xampp\htdocs\tpq\app\Controllers\Absen.php(18): App\Controllers\Absen->tulisAbsen()
#6 C:\xampp\htdocs\tpq\system\CodeIgniter.php(918): App\Controllers\Absen->index()
#7 C:\xampp\htdocs\tpq\system\CodeIgniter.php(404): CodeIgniter\CodeIgniter->runController(Object(App\Controllers\Absen))
#8 C:\xampp\htdocs\tpq\system\CodeIgniter.php(312): CodeIgniter\CodeIgniter->handleRequest(NULL, Object(Config\Cache), false)
#9 C:\xampp\htdocs\tpq\public\index.php(45): CodeIgniter\CodeIgniter->run()
#10 C:\xampp\htdocs\tpq\system\Commands\Server\rewrite.php(34): require_once('C:\\xampp\\htdocs...')
#11 {main}
CRITICAL - 2020-12-12 16:28:36 --> Unable to connect to the database.
#0 C:\xampp\htdocs\tpq\system\Database\BaseConnection.php(646): CodeIgniter\Database\BaseConnection->initialize()
#1 C:\xampp\htdocs\tpq\system\Database\BaseBuilder.php(1952): CodeIgniter\Database\BaseConnection->query('SELECT COUNT(*)...', Array, false)
#2 C:\xampp\htdocs\tpq\app\Models\AbsensiModel.php(61): CodeIgniter\Database\BaseBuilder->countAllResults()
#3 C:\xampp\htdocs\tpq\app\Models\AbsensiModel.php(66): App\Models\AbsensiModel->checkAbsensiHariIni()
#4 C:\xampp\htdocs\tpq\app\Controllers\Absen.php(30): App\Models\AbsensiModel->tulisAbsen()
#5 C:\xampp\htdocs\tpq\app\Controllers\Absen.php(18): App\Controllers\Absen->tulisAbsen()
#6 C:\xampp\htdocs\tpq\system\CodeIgniter.php(918): App\Controllers\Absen->index()
#7 C:\xampp\htdocs\tpq\system\CodeIgniter.php(404): CodeIgniter\CodeIgniter->runController(Object(App\Controllers\Absen))
#8 C:\xampp\htdocs\tpq\system\CodeIgniter.php(312): CodeIgniter\CodeIgniter->handleRequest(NULL, Object(Config\Cache), false)
#9 C:\xampp\htdocs\tpq\public\index.php(45): CodeIgniter\CodeIgniter->run()
#10 C:\xampp\htdocs\tpq\system\Commands\Server\rewrite.php(34): require_once('C:\\xampp\\htdocs...')
#11 {main}
CRITICAL - 2020-12-12 18:31:23 --> Unable to connect to the database.
#0 C:\xampp\htdocs\tpq\system\Database\BaseConnection.php(646): CodeIgniter\Database\BaseConnection->initialize()
#1 C:\xampp\htdocs\tpq\system\Database\BaseBuilder.php(1952): CodeIgniter\Database\BaseConnection->query('SELECT COUNT(*)...', Array, false)
#2 C:\xampp\htdocs\tpq\app\Models\AbsensiModel.php(61): CodeIgniter\Database\BaseBuilder->countAllResults()
#3 C:\xampp\htdocs\tpq\app\Models\AbsensiModel.php(66): App\Models\AbsensiModel->checkAbsensiHariIni()
#4 C:\xampp\htdocs\tpq\app\Controllers\Absen.php(30): App\Models\AbsensiModel->tulisAbsen()
#5 C:\xampp\htdocs\tpq\app\Controllers\Absen.php(18): App\Controllers\Absen->tulisAbsen()
#6 C:\xampp\htdocs\tpq\system\CodeIgniter.php(918): App\Controllers\Absen->index()
#7 C:\xampp\htdocs\tpq\system\CodeIgniter.php(404): CodeIgniter\CodeIgniter->runController(Object(App\Controllers\Absen))
#8 C:\xampp\htdocs\tpq\system\CodeIgniter.php(312): CodeIgniter\CodeIgniter->handleRequest(NULL, Object(Config\Cache), false)
#9 C:\xampp\htdocs\tpq\public\index.php(45): CodeIgniter\CodeIgniter->run()
#10 C:\xampp\htdocs\tpq\system\Commands\Server\rewrite.php(34): require_once('C:\\xampp\\htdocs...')
#11 {main}
CRITICAL - 2020-12-12 18:34:16 --> Unable to connect to the database.
#0 C:\xampp\htdocs\tpq\system\Database\BaseConnection.php(646): CodeIgniter\Database\BaseConnection->initialize()
#1 C:\xampp\htdocs\tpq\system\Database\BaseBuilder.php(1952): CodeIgniter\Database\BaseConnection->query('SELECT COUNT(*)...', Array, false)
#2 C:\xampp\htdocs\tpq\app\Models\AbsensiModel.php(61): CodeIgniter\Database\BaseBuilder->countAllResults()
#3 C:\xampp\htdocs\tpq\app\Models\AbsensiModel.php(66): App\Models\AbsensiModel->checkAbsensiHariIni()
#4 C:\xampp\htdocs\tpq\app\Controllers\Absen.php(30): App\Models\AbsensiModel->tulisAbsen()
#5 C:\xampp\htdocs\tpq\app\Controllers\Absen.php(18): App\Controllers\Absen->tulisAbsen()
#6 C:\xampp\htdocs\tpq\system\CodeIgniter.php(918): App\Controllers\Absen->index()
#7 C:\xampp\htdocs\tpq\system\CodeIgniter.php(404): CodeIgniter\CodeIgniter->runController(Object(App\Controllers\Absen))
#8 C:\xampp\htdocs\tpq\system\CodeIgniter.php(312): CodeIgniter\CodeIgniter->handleRequest(NULL, Object(Config\Cache), false)
#9 C:\xampp\htdocs\tpq\public\index.php(45): CodeIgniter\CodeIgniter->run()
#10 C:\xampp\htdocs\tpq\system\Commands\Server\rewrite.php(34): require_once('C:\\xampp\\htdocs...')
#11 {main}
CRITICAL - 2020-12-12 18:34:34 --> Unable to connect to the database.
#0 C:\xampp\htdocs\tpq\system\Database\BaseConnection.php(646): CodeIgniter\Database\BaseConnection->initialize()
#1 C:\xampp\htdocs\tpq\system\Database\BaseBuilder.php(1952): CodeIgniter\Database\BaseConnection->query('SELECT COUNT(*)...', Array, false)
#2 C:\xampp\htdocs\tpq\app\Models\AbsensiModel.php(61): CodeIgniter\Database\BaseBuilder->countAllResults()
#3 C:\xampp\htdocs\tpq\app\Models\AbsensiModel.php(66): App\Models\AbsensiModel->checkAbsensiHariIni()
#4 C:\xampp\htdocs\tpq\app\Controllers\Absen.php(30): App\Models\AbsensiModel->tulisAbsen()
#5 C:\xampp\htdocs\tpq\app\Controllers\Absen.php(18): App\Controllers\Absen->tulisAbsen()
#6 C:\xampp\htdocs\tpq\system\CodeIgniter.php(918): App\Controllers\Absen->index()
#7 C:\xampp\htdocs\tpq\system\CodeIgniter.php(404): CodeIgniter\CodeIgniter->runController(Object(App\Controllers\Absen))
#8 C:\xampp\htdocs\tpq\system\CodeIgniter.php(312): CodeIgniter\CodeIgniter->handleRequest(NULL, Object(Config\Cache), false)
#9 C:\xampp\htdocs\tpq\public\index.php(45): CodeIgniter\CodeIgniter->run()
#10 C:\xampp\htdocs\tpq\system\Commands\Server\rewrite.php(34): require_once('C:\\xampp\\htdocs...')
#11 {main}
CRITICAL - 2020-12-12 18:35:53 --> Unable to connect to the database.
#0 C:\xampp\htdocs\tpq\system\Database\BaseConnection.php(646): CodeIgniter\Database\BaseConnection->initialize()
#1 C:\xampp\htdocs\tpq\system\Database\BaseBuilder.php(1952): CodeIgniter\Database\BaseConnection->query('SELECT COUNT(*)...', Array, false)
#2 C:\xampp\htdocs\tpq\app\Models\AbsensiModel.php(61): CodeIgniter\Database\BaseBuilder->countAllResults()
#3 C:\xampp\htdocs\tpq\app\Models\AbsensiModel.php(66): App\Models\AbsensiModel->checkAbsensiHariIni()
#4 C:\xampp\htdocs\tpq\app\Controllers\Absen.php(30): App\Models\AbsensiModel->tulisAbsen()
#5 C:\xampp\htdocs\tpq\app\Controllers\Absen.php(18): App\Controllers\Absen->tulisAbsen()
#6 C:\xampp\htdocs\tpq\system\CodeIgniter.php(918): App\Controllers\Absen->index()
#7 C:\xampp\htdocs\tpq\system\CodeIgniter.php(404): CodeIgniter\CodeIgniter->runController(Object(App\Controllers\Absen))
#8 C:\xampp\htdocs\tpq\system\CodeIgniter.php(312): CodeIgniter\CodeIgniter->handleRequest(NULL, Object(Config\Cache), false)
#9 C:\xampp\htdocs\tpq\public\index.php(45): CodeIgniter\CodeIgniter->run()
#10 C:\xampp\htdocs\tpq\system\Commands\Server\rewrite.php(34): require_once('C:\\xampp\\htdocs...')
#11 {main}
CRITICAL - 2020-12-12 18:36:27 --> Unable to connect to the database.
#0 C:\xampp\htdocs\tpq\system\Database\BaseConnection.php(646): CodeIgniter\Database\BaseConnection->initialize()
#1 C:\xampp\htdocs\tpq\system\Database\BaseBuilder.php(1952): CodeIgniter\Database\BaseConnection->query('SELECT COUNT(*)...', Array, false)
#2 C:\xampp\htdocs\tpq\app\Models\AbsensiModel.php(61): CodeIgniter\Database\BaseBuilder->countAllResults()
#3 C:\xampp\htdocs\tpq\app\Models\AbsensiModel.php(66): App\Models\AbsensiModel->checkAbsensiHariIni()
#4 C:\xampp\htdocs\tpq\app\Controllers\Absen.php(30): App\Models\AbsensiModel->tulisAbsen()
#5 C:\xampp\htdocs\tpq\app\Controllers\Absen.php(18): App\Controllers\Absen->tulisAbsen()
#6 C:\xampp\htdocs\tpq\system\CodeIgniter.php(918): App\Controllers\Absen->index()
#7 C:\xampp\htdocs\tpq\system\CodeIgniter.php(404): CodeIgniter\CodeIgniter->runController(Object(App\Controllers\Absen))
#8 C:\xampp\htdocs\tpq\system\CodeIgniter.php(312): CodeIgniter\CodeIgniter->handleRequest(NULL, Object(Config\Cache), false)
#9 C:\xampp\htdocs\tpq\public\index.php(45): CodeIgniter\CodeIgniter->run()
#10 C:\xampp\htdocs\tpq\system\Commands\Server\rewrite.php(34): require_once('C:\\xampp\\htdocs...')
#11 {main}
CRITICAL - 2020-12-12 18:37:31 --> Unable to connect to the database.
#0 C:\xampp\htdocs\tpq\system\Database\BaseConnection.php(646): CodeIgniter\Database\BaseConnection->initialize()
#1 C:\xampp\htdocs\tpq\system\Database\BaseBuilder.php(1952): CodeIgniter\Database\BaseConnection->query('SELECT COUNT(*)...', Array, false)
#2 C:\xampp\htdocs\tpq\app\Models\AbsensiModel.php(61): CodeIgniter\Database\BaseBuilder->countAllResults()
#3 C:\xampp\htdocs\tpq\app\Models\AbsensiModel.php(66): App\Models\AbsensiModel->checkAbsensiHariIni()
#4 C:\xampp\htdocs\tpq\app\Controllers\Absen.php(30): App\Models\AbsensiModel->tulisAbsen()
#5 C:\xampp\htdocs\tpq\app\Controllers\Absen.php(18): App\Controllers\Absen->tulisAbsen()
#6 C:\xampp\htdocs\tpq\system\CodeIgniter.php(918): App\Controllers\Absen->index()
#7 C:\xampp\htdocs\tpq\system\CodeIgniter.php(404): CodeIgniter\CodeIgniter->runController(Object(App\Controllers\Absen))
#8 C:\xampp\htdocs\tpq\system\CodeIgniter.php(312): CodeIgniter\CodeIgniter->handleRequest(NULL, Object(Config\Cache), false)
#9 C:\xampp\htdocs\tpq\public\index.php(45): CodeIgniter\CodeIgniter->run()
#10 C:\xampp\htdocs\tpq\system\Commands\Server\rewrite.php(34): require_once('C:\\xampp\\htdocs...')
#11 {main}
CRITICAL - 2020-12-12 18:37:47 --> Unable to connect to the database.
#0 C:\xampp\htdocs\tpq\system\Database\BaseConnection.php(646): CodeIgniter\Database\BaseConnection->initialize()
#1 C:\xampp\htdocs\tpq\system\Database\BaseBuilder.php(1952): CodeIgniter\Database\BaseConnection->query('SELECT COUNT(*)...', Array, false)
#2 C:\xampp\htdocs\tpq\app\Models\AbsensiModel.php(61): CodeIgniter\Database\BaseBuilder->countAllResults()
#3 C:\xampp\htdocs\tpq\app\Models\AbsensiModel.php(66): App\Models\AbsensiModel->checkAbsensiHariIni()
#4 C:\xampp\htdocs\tpq\app\Controllers\Absen.php(30): App\Models\AbsensiModel->tulisAbsen()
#5 C:\xampp\htdocs\tpq\app\Controllers\Absen.php(18): App\Controllers\Absen->tulisAbsen()
#6 C:\xampp\htdocs\tpq\system\CodeIgniter.php(918): App\Controllers\Absen->index()
#7 C:\xampp\htdocs\tpq\system\CodeIgniter.php(404): CodeIgniter\CodeIgniter->runController(Object(App\Controllers\Absen))
#8 C:\xampp\htdocs\tpq\system\CodeIgniter.php(312): CodeIgniter\CodeIgniter->handleRequest(NULL, Object(Config\Cache), false)
#9 C:\xampp\htdocs\tpq\public\index.php(45): CodeIgniter\CodeIgniter->run()
#10 C:\xampp\htdocs\tpq\system\Commands\Server\rewrite.php(34): require_once('C:\\xampp\\htdocs...')
#11 {main}
CRITICAL - 2020-12-12 18:40:58 --> Unable to connect to the database.
#0 C:\xampp\htdocs\tpq\system\Database\BaseConnection.php(646): CodeIgniter\Database\BaseConnection->initialize()
#1 C:\xampp\htdocs\tpq\system\Database\BaseBuilder.php(1952): CodeIgniter\Database\BaseConnection->query('SELECT COUNT(*)...', Array, false)
#2 C:\xampp\htdocs\tpq\app\Models\AbsensiModel.php(61): CodeIgniter\Database\BaseBuilder->countAllResults()
#3 C:\xampp\htdocs\tpq\app\Models\AbsensiModel.php(66): App\Models\AbsensiModel->checkAbsensiHariIni()
#4 C:\xampp\htdocs\tpq\app\Controllers\Absen.php(30): App\Models\AbsensiModel->tulisAbsen()
#5 C:\xampp\htdocs\tpq\app\Controllers\Absen.php(18): App\Controllers\Absen->tulisAbsen()
#6 C:\xampp\htdocs\tpq\system\CodeIgniter.php(918): App\Controllers\Absen->index()
#7 C:\xampp\htdocs\tpq\system\CodeIgniter.php(404): CodeIgniter\CodeIgniter->runController(Object(App\Controllers\Absen))
#8 C:\xampp\htdocs\tpq\system\CodeIgniter.php(312): CodeIgniter\CodeIgniter->handleRequest(NULL, Object(Config\Cache), false)
#9 C:\xampp\htdocs\tpq\public\index.php(45): CodeIgniter\CodeIgniter->run()
#10 C:\xampp\htdocs\tpq\system\Commands\Server\rewrite.php(34): require_once('C:\\xampp\\htdocs...')
#11 {main}
CRITICAL - 2020-12-12 18:41:13 --> Unable to connect to the database.
#0 C:\xampp\htdocs\tpq\system\Database\BaseConnection.php(646): CodeIgniter\Database\BaseConnection->initialize()
#1 C:\xampp\htdocs\tpq\system\Database\BaseBuilder.php(1952): CodeIgniter\Database\BaseConnection->query('SELECT COUNT(*)...', Array, false)
#2 C:\xampp\htdocs\tpq\app\Models\AbsensiModel.php(61): CodeIgniter\Database\BaseBuilder->countAllResults()
#3 C:\xampp\htdocs\tpq\app\Models\AbsensiModel.php(66): App\Models\AbsensiModel->checkAbsensiHariIni()
#4 C:\xampp\htdocs\tpq\app\Controllers\Absen.php(30): App\Models\AbsensiModel->tulisAbsen()
#5 C:\xampp\htdocs\tpq\app\Controllers\Absen.php(18): App\Controllers\Absen->tulisAbsen()
#6 C:\xampp\htdocs\tpq\system\CodeIgniter.php(918): App\Controllers\Absen->index()
#7 C:\xampp\htdocs\tpq\system\CodeIgniter.php(404): CodeIgniter\CodeIgniter->runController(Object(App\Controllers\Absen))
#8 C:\xampp\htdocs\tpq\system\CodeIgniter.php(312): CodeIgniter\CodeIgniter->handleRequest(NULL, Object(Config\Cache), false)
#9 C:\xampp\htdocs\tpq\public\index.php(45): CodeIgniter\CodeIgniter->run()
#10 C:\xampp\htdocs\tpq\system\Commands\Server\rewrite.php(34): require_once('C:\\xampp\\htdocs...')
#11 {main}
CRITICAL - 2020-12-12 18:41:18 --> Unable to connect to the database.
#0 C:\xampp\htdocs\tpq\system\Database\BaseConnection.php(646): CodeIgniter\Database\BaseConnection->initialize()
#1 C:\xampp\htdocs\tpq\system\Database\BaseBuilder.php(1952): CodeIgniter\Database\BaseConnection->query('SELECT COUNT(*)...', Array, false)
#2 C:\xampp\htdocs\tpq\app\Models\AbsensiModel.php(61): CodeIgniter\Database\BaseBuilder->countAllResults()
#3 C:\xampp\htdocs\tpq\app\Models\AbsensiModel.php(66): App\Models\AbsensiModel->checkAbsensiHariIni()
#4 C:\xampp\htdocs\tpq\app\Controllers\Absen.php(30): App\Models\AbsensiModel->tulisAbsen()
#5 C:\xampp\htdocs\tpq\app\Controllers\Absen.php(18): App\Controllers\Absen->tulisAbsen()
#6 C:\xampp\htdocs\tpq\system\CodeIgniter.php(918): App\Controllers\Absen->index()
#7 C:\xampp\htdocs\tpq\system\CodeIgniter.php(404): CodeIgniter\CodeIgniter->runController(Object(App\Controllers\Absen))
#8 C:\xampp\htdocs\tpq\system\CodeIgniter.php(312): CodeIgniter\CodeIgniter->handleRequest(NULL, Object(Config\Cache), false)
#9 C:\xampp\htdocs\tpq\public\index.php(45): CodeIgniter\CodeIgniter->run()
#10 C:\xampp\htdocs\tpq\system\Commands\Server\rewrite.php(34): require_once('C:\\xampp\\htdocs...')
#11 {main}
CRITICAL - 2020-12-12 18:42:01 --> Unable to connect to the database.
#0 C:\xampp\htdocs\tpq\system\Database\BaseConnection.php(646): CodeIgniter\Database\BaseConnection->initialize()
#1 C:\xampp\htdocs\tpq\system\Database\BaseBuilder.php(1952): CodeIgniter\Database\BaseConnection->query('SELECT COUNT(*)...', Array, false)
#2 C:\xampp\htdocs\tpq\app\Models\AbsensiModel.php(61): CodeIgniter\Database\BaseBuilder->countAllResults()
#3 C:\xampp\htdocs\tpq\app\Models\AbsensiModel.php(66): App\Models\AbsensiModel->checkAbsensiHariIni()
#4 C:\xampp\htdocs\tpq\app\Controllers\Absen.php(30): App\Models\AbsensiModel->tulisAbsen()
#5 C:\xampp\htdocs\tpq\app\Controllers\Absen.php(18): App\Controllers\Absen->tulisAbsen()
#6 C:\xampp\htdocs\tpq\system\CodeIgniter.php(918): App\Controllers\Absen->index()
#7 C:\xampp\htdocs\tpq\system\CodeIgniter.php(404): CodeIgniter\CodeIgniter->runController(Object(App\Controllers\Absen))
#8 C:\xampp\htdocs\tpq\system\CodeIgniter.php(312): CodeIgniter\CodeIgniter->handleRequest(NULL, Object(Config\Cache), false)
#9 C:\xampp\htdocs\tpq\public\index.php(45): CodeIgniter\CodeIgniter->run()
#10 C:\xampp\htdocs\tpq\system\Commands\Server\rewrite.php(34): require_once('C:\\xampp\\htdocs...')
#11 {main}
CRITICAL - 2020-12-12 18:42:12 --> Unable to connect to the database.
#0 C:\xampp\htdocs\tpq\system\Database\BaseConnection.php(646): CodeIgniter\Database\BaseConnection->initialize()
#1 C:\xampp\htdocs\tpq\system\Database\BaseBuilder.php(1952): CodeIgniter\Database\BaseConnection->query('SELECT COUNT(*)...', Array, false)
#2 C:\xampp\htdocs\tpq\app\Models\AbsensiModel.php(61): CodeIgniter\Database\BaseBuilder->countAllResults()
#3 C:\xampp\htdocs\tpq\app\Models\AbsensiModel.php(66): App\Models\AbsensiModel->checkAbsensiHariIni()
#4 C:\xampp\htdocs\tpq\app\Controllers\Absen.php(30): App\Models\AbsensiModel->tulisAbsen()
#5 C:\xampp\htdocs\tpq\app\Controllers\Absen.php(18): App\Controllers\Absen->tulisAbsen()
#6 C:\xampp\htdocs\tpq\system\CodeIgniter.php(918): App\Controllers\Absen->index()
#7 C:\xampp\htdocs\tpq\system\CodeIgniter.php(404): CodeIgniter\CodeIgniter->runController(Object(App\Controllers\Absen))
#8 C:\xampp\htdocs\tpq\system\CodeIgniter.php(312): CodeIgniter\CodeIgniter->handleRequest(NULL, Object(Config\Cache), false)
#9 C:\xampp\htdocs\tpq\public\index.php(45): CodeIgniter\CodeIgniter->run()
#10 C:\xampp\htdocs\tpq\system\Commands\Server\rewrite.php(34): require_once('C:\\xampp\\htdocs...')
#11 {main}
CRITICAL - 2020-12-12 18:48:08 --> Unable to connect to the database.
#0 C:\xampp\htdocs\tpq\system\Database\BaseConnection.php(646): CodeIgniter\Database\BaseConnection->initialize()
#1 C:\xampp\htdocs\tpq\system\Database\BaseBuilder.php(1952): CodeIgniter\Database\BaseConnection->query('SELECT COUNT(*)...', Array, false)
#2 C:\xampp\htdocs\tpq\app\Models\AbsensiModel.php(61): CodeIgniter\Database\BaseBuilder->countAllResults()
#3 C:\xampp\htdocs\tpq\app\Models\AbsensiModel.php(66): App\Models\AbsensiModel->checkAbsensiHariIni()
#4 C:\xampp\htdocs\tpq\app\Controllers\Absen.php(30): App\Models\AbsensiModel->tulisAbsen()
#5 C:\xampp\htdocs\tpq\app\Controllers\Absen.php(18): App\Controllers\Absen->tulisAbsen()
#6 C:\xampp\htdocs\tpq\system\CodeIgniter.php(918): App\Controllers\Absen->index()
#7 C:\xampp\htdocs\tpq\system\CodeIgniter.php(404): CodeIgniter\CodeIgniter->runController(Object(App\Controllers\Absen))
#8 C:\xampp\htdocs\tpq\system\CodeIgniter.php(312): CodeIgniter\CodeIgniter->handleRequest(NULL, Object(Config\Cache), false)
#9 C:\xampp\htdocs\tpq\public\index.php(45): CodeIgniter\CodeIgniter->run()
#10 C:\xampp\htdocs\tpq\system\Commands\Server\rewrite.php(34): require_once('C:\\xampp\\htdocs...')
#11 {main}
CRITICAL - 2020-12-12 18:48:15 --> Unable to connect to the database.
#0 C:\xampp\htdocs\tpq\system\Database\BaseConnection.php(646): CodeIgniter\Database\BaseConnection->initialize()
#1 C:\xampp\htdocs\tpq\system\Database\BaseBuilder.php(1952): CodeIgniter\Database\BaseConnection->query('SELECT COUNT(*)...', Array, false)
#2 C:\xampp\htdocs\tpq\app\Models\AbsensiModel.php(61): CodeIgniter\Database\BaseBuilder->countAllResults()
#3 C:\xampp\htdocs\tpq\app\Models\AbsensiModel.php(66): App\Models\AbsensiModel->checkAbsensiHariIni()
#4 C:\xampp\htdocs\tpq\app\Controllers\Absen.php(30): App\Models\AbsensiModel->tulisAbsen()
#5 C:\xampp\htdocs\tpq\app\Controllers\Absen.php(18): App\Controllers\Absen->tulisAbsen()
#6 C:\xampp\htdocs\tpq\system\CodeIgniter.php(918): App\Controllers\Absen->index()
#7 C:\xampp\htdocs\tpq\system\CodeIgniter.php(404): CodeIgniter\CodeIgniter->runController(Object(App\Controllers\Absen))
#8 C:\xampp\htdocs\tpq\system\CodeIgniter.php(312): CodeIgniter\CodeIgniter->handleRequest(NULL, Object(Config\Cache), false)
#9 C:\xampp\htdocs\tpq\public\index.php(45): CodeIgniter\CodeIgniter->run()
#10 C:\xampp\htdocs\tpq\system\Commands\Server\rewrite.php(34): require_once('C:\\xampp\\htdocs...')
#11 {main}
CRITICAL - 2020-12-12 18:48:23 --> Unable to connect to the database.
#0 C:\xampp\htdocs\tpq\system\Database\BaseConnection.php(646): CodeIgniter\Database\BaseConnection->initialize()
#1 C:\xampp\htdocs\tpq\system\Database\BaseBuilder.php(1952): CodeIgniter\Database\BaseConnection->query('SELECT COUNT(*)...', Array, false)
#2 C:\xampp\htdocs\tpq\app\Models\AbsensiModel.php(61): CodeIgniter\Database\BaseBuilder->countAllResults()
#3 C:\xampp\htdocs\tpq\app\Models\AbsensiModel.php(66): App\Models\AbsensiModel->checkAbsensiHariIni()
#4 C:\xampp\htdocs\tpq\app\Controllers\Absen.php(30): App\Models\AbsensiModel->tulisAbsen()
#5 C:\xampp\htdocs\tpq\app\Controllers\Absen.php(18): App\Controllers\Absen->tulisAbsen()
#6 C:\xampp\htdocs\tpq\system\CodeIgniter.php(918): App\Controllers\Absen->index()
#7 C:\xampp\htdocs\tpq\system\CodeIgniter.php(404): CodeIgniter\CodeIgniter->runController(Object(App\Controllers\Absen))
#8 C:\xampp\htdocs\tpq\system\CodeIgniter.php(312): CodeIgniter\CodeIgniter->handleRequest(NULL, Object(Config\Cache), false)
#9 C:\xampp\htdocs\tpq\public\index.php(45): CodeIgniter\CodeIgniter->run()
#10 C:\xampp\htdocs\tpq\system\Commands\Server\rewrite.php(34): require_once('C:\\xampp\\htdocs...')
#11 {main}
CRITICAL - 2020-12-12 18:48:53 --> Unable to connect to the database.
#0 C:\xampp\htdocs\tpq\system\Database\BaseConnection.php(646): CodeIgniter\Database\BaseConnection->initialize()
#1 C:\xampp\htdocs\tpq\system\Database\BaseBuilder.php(1952): CodeIgniter\Database\BaseConnection->query('SELECT COUNT(*)...', Array, false)
#2 C:\xampp\htdocs\tpq\app\Models\AbsensiModel.php(61): CodeIgniter\Database\BaseBuilder->countAllResults()
#3 C:\xampp\htdocs\tpq\app\Models\AbsensiModel.php(66): App\Models\AbsensiModel->checkAbsensiHariIni()
#4 C:\xampp\htdocs\tpq\app\Controllers\Absen.php(30): App\Models\AbsensiModel->tulisAbsen()
#5 C:\xampp\htdocs\tpq\app\Controllers\Absen.php(18): App\Controllers\Absen->tulisAbsen()
#6 C:\xampp\htdocs\tpq\system\CodeIgniter.php(918): App\Controllers\Absen->index()
#7 C:\xampp\htdocs\tpq\system\CodeIgniter.php(404): CodeIgniter\CodeIgniter->runController(Object(App\Controllers\Absen))
#8 C:\xampp\htdocs\tpq\system\CodeIgniter.php(312): CodeIgniter\CodeIgniter->handleRequest(NULL, Object(Config\Cache), false)
#9 C:\xampp\htdocs\tpq\public\index.php(45): CodeIgniter\CodeIgniter->run()
#10 C:\xampp\htdocs\tpq\system\Commands\Server\rewrite.php(34): require_once('C:\\xampp\\htdocs...')
#11 {main}
CRITICAL - 2020-12-12 18:48:59 --> Unable to connect to the database.
#0 C:\xampp\htdocs\tpq\system\Database\BaseConnection.php(646): CodeIgniter\Database\BaseConnection->initialize()
#1 C:\xampp\htdocs\tpq\system\Database\BaseBuilder.php(1952): CodeIgniter\Database\BaseConnection->query('SELECT COUNT(*)...', Array, false)
#2 C:\xampp\htdocs\tpq\app\Models\AbsensiModel.php(61): CodeIgniter\Database\BaseBuilder->countAllResults()
#3 C:\xampp\htdocs\tpq\app\Models\AbsensiModel.php(66): App\Models\AbsensiModel->checkAbsensiHariIni()
#4 C:\xampp\htdocs\tpq\app\Controllers\Absen.php(30): App\Models\AbsensiModel->tulisAbsen()
#5 C:\xampp\htdocs\tpq\app\Controllers\Absen.php(18): App\Controllers\Absen->tulisAbsen()
#6 C:\xampp\htdocs\tpq\system\CodeIgniter.php(918): App\Controllers\Absen->index()
#7 C:\xampp\htdocs\tpq\system\CodeIgniter.php(404): CodeIgniter\CodeIgniter->runController(Object(App\Controllers\Absen))
#8 C:\xampp\htdocs\tpq\system\CodeIgniter.php(312): CodeIgniter\CodeIgniter->handleRequest(NULL, Object(Config\Cache), false)
#9 C:\xampp\htdocs\tpq\public\index.php(45): CodeIgniter\CodeIgniter->run()
#10 C:\xampp\htdocs\tpq\system\Commands\Server\rewrite.php(34): require_once('C:\\xampp\\htdocs...')
#11 {main}
CRITICAL - 2020-12-12 18:49:11 --> Unable to connect to the database.
#0 C:\xampp\htdocs\tpq\system\Database\BaseConnection.php(646): CodeIgniter\Database\BaseConnection->initialize()
#1 C:\xampp\htdocs\tpq\system\Database\BaseBuilder.php(1952): CodeIgniter\Database\BaseConnection->query('SELECT COUNT(*)...', Array, false)
#2 C:\xampp\htdocs\tpq\app\Models\AbsensiModel.php(61): CodeIgniter\Database\BaseBuilder->countAllResults()
#3 C:\xampp\htdocs\tpq\app\Models\AbsensiModel.php(66): App\Models\AbsensiModel->checkAbsensiHariIni()
#4 C:\xampp\htdocs\tpq\app\Controllers\Absen.php(30): App\Models\AbsensiModel->tulisAbsen()
#5 C:\xampp\htdocs\tpq\app\Controllers\Absen.php(18): App\Controllers\Absen->tulisAbsen()
#6 C:\xampp\htdocs\tpq\system\CodeIgniter.php(918): App\Controllers\Absen->index()
#7 C:\xampp\htdocs\tpq\system\CodeIgniter.php(404): CodeIgniter\CodeIgniter->runController(Object(App\Controllers\Absen))
#8 C:\xampp\htdocs\tpq\system\CodeIgniter.php(312): CodeIgniter\CodeIgniter->handleRequest(NULL, Object(Config\Cache), false)
#9 C:\xampp\htdocs\tpq\public\index.php(45): CodeIgniter\CodeIgniter->run()
#10 C:\xampp\htdocs\tpq\system\Commands\Server\rewrite.php(34): require_once('C:\\xampp\\htdocs...')
#11 {main}
CRITICAL - 2020-12-12 18:50:06 --> Unable to connect to the database.
#0 C:\xampp\htdocs\tpq\system\Database\BaseConnection.php(646): CodeIgniter\Database\BaseConnection->initialize()
#1 C:\xampp\htdocs\tpq\system\Database\BaseBuilder.php(1952): CodeIgniter\Database\BaseConnection->query('SELECT COUNT(*)...', Array, false)
#2 C:\xampp\htdocs\tpq\app\Models\AbsensiModel.php(61): CodeIgniter\Database\BaseBuilder->countAllResults()
#3 C:\xampp\htdocs\tpq\app\Models\AbsensiModel.php(66): App\Models\AbsensiModel->checkAbsensiHariIni()
#4 C:\xampp\htdocs\tpq\app\Controllers\Absen.php(30): App\Models\AbsensiModel->tulisAbsen()
#5 C:\xampp\htdocs\tpq\app\Controllers\Absen.php(18): App\Controllers\Absen->tulisAbsen()
#6 C:\xampp\htdocs\tpq\system\CodeIgniter.php(918): App\Controllers\Absen->index()
#7 C:\xampp\htdocs\tpq\system\CodeIgniter.php(404): CodeIgniter\CodeIgniter->runController(Object(App\Controllers\Absen))
#8 C:\xampp\htdocs\tpq\system\CodeIgniter.php(312): CodeIgniter\CodeIgniter->handleRequest(NULL, Object(Config\Cache), false)
#9 C:\xampp\htdocs\tpq\public\index.php(45): CodeIgniter\CodeIgniter->run()
#10 C:\xampp\htdocs\tpq\system\Commands\Server\rewrite.php(34): require_once('C:\\xampp\\htdocs...')
#11 {main}
CRITICAL - 2020-12-12 18:52:04 --> Unable to connect to the database.
#0 C:\xampp\htdocs\tpq\system\Database\BaseConnection.php(646): CodeIgniter\Database\BaseConnection->initialize()
#1 C:\xampp\htdocs\tpq\system\Database\BaseBuilder.php(1952): CodeIgniter\Database\BaseConnection->query('SELECT COUNT(*)...', Array, false)
#2 C:\xampp\htdocs\tpq\app\Models\AbsensiModel.php(61): CodeIgniter\Database\BaseBuilder->countAllResults()
#3 C:\xampp\htdocs\tpq\app\Models\AbsensiModel.php(66): App\Models\AbsensiModel->checkAbsensiHariIni()
#4 C:\xampp\htdocs\tpq\app\Controllers\Absen.php(30): App\Models\AbsensiModel->tulisAbsen()
#5 C:\xampp\htdocs\tpq\app\Controllers\Absen.php(18): App\Controllers\Absen->tulisAbsen()
#6 C:\xampp\htdocs\tpq\system\CodeIgniter.php(918): App\Controllers\Absen->index()
#7 C:\xampp\htdocs\tpq\system\CodeIgniter.php(404): CodeIgniter\CodeIgniter->runController(Object(App\Controllers\Absen))
#8 C:\xampp\htdocs\tpq\system\CodeIgniter.php(312): CodeIgniter\CodeIgniter->handleRequest(NULL, Object(Config\Cache), false)
#9 C:\xampp\htdocs\tpq\public\index.php(45): CodeIgniter\CodeIgniter->run()
#10 C:\xampp\htdocs\tpq\system\Commands\Server\rewrite.php(34): require_once('C:\\xampp\\htdocs...')
#11 {main}
CRITICAL - 2020-12-12 18:52:35 --> Unable to connect to the database.
#0 C:\xampp\htdocs\tpq\system\Database\BaseConnection.php(646): CodeIgniter\Database\BaseConnection->initialize()
#1 C:\xampp\htdocs\tpq\system\Database\BaseBuilder.php(1952): CodeIgniter\Database\BaseConnection->query('SELECT COUNT(*)...', Array, false)
#2 C:\xampp\htdocs\tpq\app\Models\AbsensiModel.php(61): CodeIgniter\Database\BaseBuilder->countAllResults()
#3 C:\xampp\htdocs\tpq\app\Models\AbsensiModel.php(66): App\Models\AbsensiModel->checkAbsensiHariIni()
#4 C:\xampp\htdocs\tpq\app\Controllers\Absen.php(30): App\Models\AbsensiModel->tulisAbsen()
#5 C:\xampp\htdocs\tpq\app\Controllers\Absen.php(18): App\Controllers\Absen->tulisAbsen()
#6 C:\xampp\htdocs\tpq\system\CodeIgniter.php(918): App\Controllers\Absen->index()
#7 C:\xampp\htdocs\tpq\system\CodeIgniter.php(404): CodeIgniter\CodeIgniter->runController(Object(App\Controllers\Absen))
#8 C:\xampp\htdocs\tpq\system\CodeIgniter.php(312): CodeIgniter\CodeIgniter->handleRequest(NULL, Object(Config\Cache), false)
#9 C:\xampp\htdocs\tpq\public\index.php(45): CodeIgniter\CodeIgniter->run()
#10 C:\xampp\htdocs\tpq\system\Commands\Server\rewrite.php(34): require_once('C:\\xampp\\htdocs...')
#11 {main}
CRITICAL - 2020-12-12 18:52:45 --> Unable to connect to the database.
#0 C:\xampp\htdocs\tpq\system\Database\BaseConnection.php(646): CodeIgniter\Database\BaseConnection->initialize()
#1 C:\xampp\htdocs\tpq\system\Database\BaseBuilder.php(1952): CodeIgniter\Database\BaseConnection->query('SELECT COUNT(*)...', Array, false)
#2 C:\xampp\htdocs\tpq\app\Models\AbsensiModel.php(61): CodeIgniter\Database\BaseBuilder->countAllResults()
#3 C:\xampp\htdocs\tpq\app\Models\AbsensiModel.php(66): App\Models\AbsensiModel->checkAbsensiHariIni()
#4 C:\xampp\htdocs\tpq\app\Controllers\Absen.php(30): App\Models\AbsensiModel->tulisAbsen()
#5 C:\xampp\htdocs\tpq\app\Controllers\Absen.php(18): App\Controllers\Absen->tulisAbsen()
#6 C:\xampp\htdocs\tpq\system\CodeIgniter.php(918): App\Controllers\Absen->index()
#7 C:\xampp\htdocs\tpq\system\CodeIgniter.php(404): CodeIgniter\CodeIgniter->runController(Object(App\Controllers\Absen))
#8 C:\xampp\htdocs\tpq\system\CodeIgniter.php(312): CodeIgniter\CodeIgniter->handleRequest(NULL, Object(Config\Cache), false)
#9 C:\xampp\htdocs\tpq\public\index.php(45): CodeIgniter\CodeIgniter->run()
#10 C:\xampp\htdocs\tpq\system\Commands\Server\rewrite.php(34): require_once('C:\\xampp\\htdocs...')
#11 {main}
CRITICAL - 2020-12-12 18:53:10 --> Unable to connect to the database.
#0 C:\xampp\htdocs\tpq\system\Database\BaseConnection.php(646): CodeIgniter\Database\BaseConnection->initialize()
#1 C:\xampp\htdocs\tpq\system\Database\BaseBuilder.php(1952): CodeIgniter\Database\BaseConnection->query('SELECT COUNT(*)...', Array, false)
#2 C:\xampp\htdocs\tpq\app\Models\AbsensiModel.php(61): CodeIgniter\Database\BaseBuilder->countAllResults()
#3 C:\xampp\htdocs\tpq\app\Models\AbsensiModel.php(66): App\Models\AbsensiModel->checkAbsensiHariIni()
#4 C:\xampp\htdocs\tpq\app\Controllers\Absen.php(30): App\Models\AbsensiModel->tulisAbsen()
#5 C:\xampp\htdocs\tpq\app\Controllers\Absen.php(18): App\Controllers\Absen->tulisAbsen()
#6 C:\xampp\htdocs\tpq\system\CodeIgniter.php(918): App\Controllers\Absen->index()
#7 C:\xampp\htdocs\tpq\system\CodeIgniter.php(404): CodeIgniter\CodeIgniter->runController(Object(App\Controllers\Absen))
#8 C:\xampp\htdocs\tpq\system\CodeIgniter.php(312): CodeIgniter\CodeIgniter->handleRequest(NULL, Object(Config\Cache), false)
#9 C:\xampp\htdocs\tpq\public\index.php(45): CodeIgniter\CodeIgniter->run()
#10 C:\xampp\htdocs\tpq\system\Commands\Server\rewrite.php(34): require_once('C:\\xampp\\htdocs...')
#11 {main}
CRITICAL - 2020-12-12 18:53:25 --> Unable to connect to the database.
#0 C:\xampp\htdocs\tpq\system\Database\BaseConnection.php(646): CodeIgniter\Database\BaseConnection->initialize()
#1 C:\xampp\htdocs\tpq\system\Database\BaseBuilder.php(1952): CodeIgniter\Database\BaseConnection->query('SELECT COUNT(*)...', Array, false)
#2 C:\xampp\htdocs\tpq\app\Models\AbsensiModel.php(61): CodeIgniter\Database\BaseBuilder->countAllResults()
#3 C:\xampp\htdocs\tpq\app\Models\AbsensiModel.php(66): App\Models\AbsensiModel->checkAbsensiHariIni()
#4 C:\xampp\htdocs\tpq\app\Controllers\Absen.php(30): App\Models\AbsensiModel->tulisAbsen()
#5 C:\xampp\htdocs\tpq\app\Controllers\Absen.php(18): App\Controllers\Absen->tulisAbsen()
#6 C:\xampp\htdocs\tpq\system\CodeIgniter.php(918): App\Controllers\Absen->index()
#7 C:\xampp\htdocs\tpq\system\CodeIgniter.php(404): CodeIgniter\CodeIgniter->runController(Object(App\Controllers\Absen))
#8 C:\xampp\htdocs\tpq\system\CodeIgniter.php(312): CodeIgniter\CodeIgniter->handleRequest(NULL, Object(Config\Cache), false)
#9 C:\xampp\htdocs\tpq\public\index.php(45): CodeIgniter\CodeIgniter->run()
#10 C:\xampp\htdocs\tpq\system\Commands\Server\rewrite.php(34): require_once('C:\\xampp\\htdocs...')
#11 {main}
CRITICAL - 2020-12-12 18:53:42 --> Unable to connect to the database.
#0 C:\xampp\htdocs\tpq\system\Database\BaseConnection.php(646): CodeIgniter\Database\BaseConnection->initialize()
#1 C:\xampp\htdocs\tpq\system\Database\BaseBuilder.php(1952): CodeIgniter\Database\BaseConnection->query('SELECT COUNT(*)...', Array, false)
#2 C:\xampp\htdocs\tpq\app\Models\AbsensiModel.php(61): CodeIgniter\Database\BaseBuilder->countAllResults()
#3 C:\xampp\htdocs\tpq\app\Models\AbsensiModel.php(66): App\Models\AbsensiModel->checkAbsensiHariIni()
#4 C:\xampp\htdocs\tpq\app\Controllers\Absen.php(30): App\Models\AbsensiModel->tulisAbsen()
#5 C:\xampp\htdocs\tpq\app\Controllers\Absen.php(18): App\Controllers\Absen->tulisAbsen()
#6 C:\xampp\htdocs\tpq\system\CodeIgniter.php(918): App\Controllers\Absen->index()
#7 C:\xampp\htdocs\tpq\system\CodeIgniter.php(404): CodeIgniter\CodeIgniter->runController(Object(App\Controllers\Absen))
#8 C:\xampp\htdocs\tpq\system\CodeIgniter.php(312): CodeIgniter\CodeIgniter->handleRequest(NULL, Object(Config\Cache), false)
#9 C:\xampp\htdocs\tpq\public\index.php(45): CodeIgniter\CodeIgniter->run()
#10 C:\xampp\htdocs\tpq\system\Commands\Server\rewrite.php(34): require_once('C:\\xampp\\htdocs...')
#11 {main}
CRITICAL - 2020-12-12 18:53:47 --> Unable to connect to the database.
#0 C:\xampp\htdocs\tpq\system\Database\BaseConnection.php(646): CodeIgniter\Database\BaseConnection->initialize()
#1 C:\xampp\htdocs\tpq\system\Database\BaseBuilder.php(1952): CodeIgniter\Database\BaseConnection->query('SELECT COUNT(*)...', Array, false)
#2 C:\xampp\htdocs\tpq\app\Models\AbsensiModel.php(61): CodeIgniter\Database\BaseBuilder->countAllResults()
#3 C:\xampp\htdocs\tpq\app\Models\AbsensiModel.php(66): App\Models\AbsensiModel->checkAbsensiHariIni()
#4 C:\xampp\htdocs\tpq\app\Controllers\Absen.php(30): App\Models\AbsensiModel->tulisAbsen()
#5 C:\xampp\htdocs\tpq\app\Controllers\Absen.php(18): App\Controllers\Absen->tulisAbsen()
#6 C:\xampp\htdocs\tpq\system\CodeIgniter.php(918): App\Controllers\Absen->index()
#7 C:\xampp\htdocs\tpq\system\CodeIgniter.php(404): CodeIgniter\CodeIgniter->runController(Object(App\Controllers\Absen))
#8 C:\xampp\htdocs\tpq\system\CodeIgniter.php(312): CodeIgniter\CodeIgniter->handleRequest(NULL, Object(Config\Cache), false)
#9 C:\xampp\htdocs\tpq\public\index.php(45): CodeIgniter\CodeIgniter->run()
#10 C:\xampp\htdocs\tpq\system\Commands\Server\rewrite.php(34): require_once('C:\\xampp\\htdocs...')
#11 {main}
CRITICAL - 2020-12-12 18:53:53 --> Unable to connect to the database.
#0 C:\xampp\htdocs\tpq\system\Database\BaseConnection.php(646): CodeIgniter\Database\BaseConnection->initialize()
#1 C:\xampp\htdocs\tpq\system\Database\BaseBuilder.php(1952): CodeIgniter\Database\BaseConnection->query('SELECT COUNT(*)...', Array, false)
#2 C:\xampp\htdocs\tpq\app\Models\AbsensiModel.php(61): CodeIgniter\Database\BaseBuilder->countAllResults()
#3 C:\xampp\htdocs\tpq\app\Models\AbsensiModel.php(66): App\Models\AbsensiModel->checkAbsensiHariIni()
#4 C:\xampp\htdocs\tpq\app\Controllers\Absen.php(30): App\Models\AbsensiModel->tulisAbsen()
#5 C:\xampp\htdocs\tpq\app\Controllers\Absen.php(18): App\Controllers\Absen->tulisAbsen()
#6 C:\xampp\htdocs\tpq\system\CodeIgniter.php(918): App\Controllers\Absen->index()
#7 C:\xampp\htdocs\tpq\system\CodeIgniter.php(404): CodeIgniter\CodeIgniter->runController(Object(App\Controllers\Absen))
#8 C:\xampp\htdocs\tpq\system\CodeIgniter.php(312): CodeIgniter\CodeIgniter->handleRequest(NULL, Object(Config\Cache), false)
#9 C:\xampp\htdocs\tpq\public\index.php(45): CodeIgniter\CodeIgniter->run()
#10 C:\xampp\htdocs\tpq\system\Commands\Server\rewrite.php(34): require_once('C:\\xampp\\htdocs...')
#11 {main}
CRITICAL - 2020-12-12 18:54:17 --> Unable to connect to the database.
#0 C:\xampp\htdocs\tpq\system\Database\BaseConnection.php(646): CodeIgniter\Database\BaseConnection->initialize()
#1 C:\xampp\htdocs\tpq\system\Database\BaseBuilder.php(1952): CodeIgniter\Database\BaseConnection->query('SELECT COUNT(*)...', Array, false)
#2 C:\xampp\htdocs\tpq\app\Models\AbsensiModel.php(61): CodeIgniter\Database\BaseBuilder->countAllResults()
#3 C:\xampp\htdocs\tpq\app\Models\AbsensiModel.php(66): App\Models\AbsensiModel->checkAbsensiHariIni()
#4 C:\xampp\htdocs\tpq\app\Controllers\Absen.php(30): App\Models\AbsensiModel->tulisAbsen()
#5 C:\xampp\htdocs\tpq\app\Controllers\Absen.php(18): App\Controllers\Absen->tulisAbsen()
#6 C:\xampp\htdocs\tpq\system\CodeIgniter.php(918): App\Controllers\Absen->index()
#7 C:\xampp\htdocs\tpq\system\CodeIgniter.php(404): CodeIgniter\CodeIgniter->runController(Object(App\Controllers\Absen))
#8 C:\xampp\htdocs\tpq\system\CodeIgniter.php(312): CodeIgniter\CodeIgniter->handleRequest(NULL, Object(Config\Cache), false)
#9 C:\xampp\htdocs\tpq\public\index.php(45): CodeIgniter\CodeIgniter->run()
#10 C:\xampp\htdocs\tpq\system\Commands\Server\rewrite.php(34): require_once('C:\\xampp\\htdocs...')
#11 {main}
CRITICAL - 2020-12-12 18:54:22 --> Unable to connect to the database.
#0 C:\xampp\htdocs\tpq\system\Database\BaseConnection.php(646): CodeIgniter\Database\BaseConnection->initialize()
#1 C:\xampp\htdocs\tpq\system\Database\BaseBuilder.php(1952): CodeIgniter\Database\BaseConnection->query('SELECT COUNT(*)...', Array, false)
#2 C:\xampp\htdocs\tpq\app\Models\AbsensiModel.php(61): CodeIgniter\Database\BaseBuilder->countAllResults()
#3 C:\xampp\htdocs\tpq\app\Models\AbsensiModel.php(66): App\Models\AbsensiModel->checkAbsensiHariIni()
#4 C:\xampp\htdocs\tpq\app\Controllers\Absen.php(30): App\Models\AbsensiModel->tulisAbsen()
#5 C:\xampp\htdocs\tpq\app\Controllers\Absen.php(18): App\Controllers\Absen->tulisAbsen()
#6 C:\xampp\htdocs\tpq\system\CodeIgniter.php(918): App\Controllers\Absen->index()
#7 C:\xampp\htdocs\tpq\system\CodeIgniter.php(404): CodeIgniter\CodeIgniter->runController(Object(App\Controllers\Absen))
#8 C:\xampp\htdocs\tpq\system\CodeIgniter.php(312): CodeIgniter\CodeIgniter->handleRequest(NULL, Object(Config\Cache), false)
#9 C:\xampp\htdocs\tpq\public\index.php(45): CodeIgniter\CodeIgniter->run()
#10 C:\xampp\htdocs\tpq\system\Commands\Server\rewrite.php(34): require_once('C:\\xampp\\htdocs...')
#11 {main}
CRITICAL - 2020-12-12 18:54:28 --> Unable to connect to the database.
#0 C:\xampp\htdocs\tpq\system\Database\BaseConnection.php(646): CodeIgniter\Database\BaseConnection->initialize()
#1 C:\xampp\htdocs\tpq\system\Database\BaseBuilder.php(1952): CodeIgniter\Database\BaseConnection->query('SELECT COUNT(*)...', Array, false)
#2 C:\xampp\htdocs\tpq\app\Models\AbsensiModel.php(61): CodeIgniter\Database\BaseBuilder->countAllResults()
#3 C:\xampp\htdocs\tpq\app\Models\AbsensiModel.php(66): App\Models\AbsensiModel->checkAbsensiHariIni()
#4 C:\xampp\htdocs\tpq\app\Controllers\Absen.php(30): App\Models\AbsensiModel->tulisAbsen()
#5 C:\xampp\htdocs\tpq\app\Controllers\Absen.php(18): App\Controllers\Absen->tulisAbsen()
#6 C:\xampp\htdocs\tpq\system\CodeIgniter.php(918): App\Controllers\Absen->index()
#7 C:\xampp\htdocs\tpq\system\CodeIgniter.php(404): CodeIgniter\CodeIgniter->runController(Object(App\Controllers\Absen))
#8 C:\xampp\htdocs\tpq\system\CodeIgniter.php(312): CodeIgniter\CodeIgniter->handleRequest(NULL, Object(Config\Cache), false)
#9 C:\xampp\htdocs\tpq\public\index.php(45): CodeIgniter\CodeIgniter->run()
#10 C:\xampp\htdocs\tpq\system\Commands\Server\rewrite.php(34): require_once('C:\\xampp\\htdocs...')
#11 {main}
CRITICAL - 2020-12-12 18:54:33 --> Unable to connect to the database.
#0 C:\xampp\htdocs\tpq\system\Database\BaseConnection.php(646): CodeIgniter\Database\BaseConnection->initialize()
#1 C:\xampp\htdocs\tpq\system\Database\BaseBuilder.php(1952): CodeIgniter\Database\BaseConnection->query('SELECT COUNT(*)...', Array, false)
#2 C:\xampp\htdocs\tpq\app\Models\AbsensiModel.php(61): CodeIgniter\Database\BaseBuilder->countAllResults()
#3 C:\xampp\htdocs\tpq\app\Models\AbsensiModel.php(66): App\Models\AbsensiModel->checkAbsensiHariIni()
#4 C:\xampp\htdocs\tpq\app\Controllers\Absen.php(30): App\Models\AbsensiModel->tulisAbsen()
#5 C:\xampp\htdocs\tpq\app\Controllers\Absen.php(18): App\Controllers\Absen->tulisAbsen()
#6 C:\xampp\htdocs\tpq\system\CodeIgniter.php(918): App\Controllers\Absen->index()
#7 C:\xampp\htdocs\tpq\system\CodeIgniter.php(404): CodeIgniter\CodeIgniter->runController(Object(App\Controllers\Absen))
#8 C:\xampp\htdocs\tpq\system\CodeIgniter.php(312): CodeIgniter\CodeIgniter->handleRequest(NULL, Object(Config\Cache), false)
#9 C:\xampp\htdocs\tpq\public\index.php(45): CodeIgniter\CodeIgniter->run()
#10 C:\xampp\htdocs\tpq\system\Commands\Server\rewrite.php(34): require_once('C:\\xampp\\htdocs...')
#11 {main}
CRITICAL - 2020-12-12 18:54:39 --> Unable to connect to the database.
#0 C:\xampp\htdocs\tpq\system\Database\BaseConnection.php(646): CodeIgniter\Database\BaseConnection->initialize()
#1 C:\xampp\htdocs\tpq\system\Database\BaseBuilder.php(1952): CodeIgniter\Database\BaseConnection->query('SELECT COUNT(*)...', Array, false)
#2 C:\xampp\htdocs\tpq\app\Models\AbsensiModel.php(61): CodeIgniter\Database\BaseBuilder->countAllResults()
#3 C:\xampp\htdocs\tpq\app\Models\AbsensiModel.php(66): App\Models\AbsensiModel->checkAbsensiHariIni()
#4 C:\xampp\htdocs\tpq\app\Controllers\Absen.php(30): App\Models\AbsensiModel->tulisAbsen()
#5 C:\xampp\htdocs\tpq\app\Controllers\Absen.php(18): App\Controllers\Absen->tulisAbsen()
#6 C:\xampp\htdocs\tpq\system\CodeIgniter.php(918): App\Controllers\Absen->index()
#7 C:\xampp\htdocs\tpq\system\CodeIgniter.php(404): CodeIgniter\CodeIgniter->runController(Object(App\Controllers\Absen))
#8 C:\xampp\htdocs\tpq\system\CodeIgniter.php(312): CodeIgniter\CodeIgniter->handleRequest(NULL, Object(Config\Cache), false)
#9 C:\xampp\htdocs\tpq\public\index.php(45): CodeIgniter\CodeIgniter->run()
#10 C:\xampp\htdocs\tpq\system\Commands\Server\rewrite.php(34): require_once('C:\\xampp\\htdocs...')
#11 {main}
